[2024-12-01T11:50:36.400+0000] {processor.py:186} INFO - Started process (PID=46) to work on /opt/airflow/dags/dags_conn_test.py
[2024-12-01T11:50:36.404+0000] {processor.py:914} INFO - Processing file /opt/airflow/dags/dags_conn_test.py for tasks to queue
[2024-12-01T11:50:36.415+0000] {logging_mixin.py:190} INFO - [2024-12-01T11:50:36.414+0000] {dagbag.py:588} INFO - Filling up the DagBag from /opt/airflow/dags/dags_conn_test.py
[2024-12-01T11:50:36.442+0000] {logging_mixin.py:190} INFO - [2024-12-01T11:50:36.433+0000] {dagbag.py:387} ERROR - Failed to import: /opt/airflow/dags/dags_conn_test.py
Traceback (most recent call last):
  File "/usr/local/lib/python3.12/zoneinfo/_common.py", line 12, in load_tzdata
    return resources.files(package_name).joinpath(resource_name).open("rb")
           ^^^^^^^^^^^^^^^^^^^^^^^^^^^^^
  File "/usr/local/lib/python3.12/importlib/resources/_common.py", line 46, in wrapper
    return func(anchor)
           ^^^^^^^^^^^^
  File "/usr/local/lib/python3.12/importlib/resources/_common.py", line 56, in files
    return from_package(resolve(anchor))
                        ^^^^^^^^^^^^^^^
  File "/usr/local/lib/python3.12/functools.py", line 907, in wrapper
    return dispatch(args[0].__class__)(*args, **kw)
           ^^^^^^^^^^^^^^^^^^^^^^^^^^^^^^^^^^^^^^^^
  File "/usr/local/lib/python3.12/importlib/resources/_common.py", line 82, in _
    return importlib.import_module(cand)
           ^^^^^^^^^^^^^^^^^^^^^^^^^^^^^
  File "/usr/local/lib/python3.12/importlib/__init__.py", line 90, in import_module
    return _bootstrap._gcd_import(name[level:], package, level)
           ^^^^^^^^^^^^^^^^^^^^^^^^^^^^^^^^^^^^^^^^^^^^^^^^^^^^
  File "<frozen importlib._bootstrap>", line 1387, in _gcd_import
  File "<frozen importlib._bootstrap>", line 1360, in _find_and_load
  File "<frozen importlib._bootstrap>", line 1324, in _find_and_load_unlocked
ModuleNotFoundError: No module named 'tzdata.zoneinfo.Asiz'

During handling of the above exception, another exception occurred:

Traceback (most recent call last):
  File "/home/airflow/.local/lib/python3.12/site-packages/pendulum/tz/timezone.py", line 65, in __new__
    return super().__new__(cls, key)  # type: ignore[call-arg]
           ^^^^^^^^^^^^^^^^^^^^^^^^^
  File "/usr/local/lib/python3.12/zoneinfo/_common.py", line 24, in load_tzdata
    raise ZoneInfoNotFoundError(f"No time zone found with key {key}")
zoneinfo._common.ZoneInfoNotFoundError: 'No time zone found with key Asiz/Seoul'

During handling of the above exception, another exception occurred:

Traceback (most recent call last):
  File "/home/airflow/.local/lib/python3.12/site-packages/airflow/models/dagbag.py", line 383, in parse
    loader.exec_module(new_module)
  File "<frozen importlib._bootstrap_external>", line 995, in exec_module
  File "<frozen importlib._bootstrap>", line 488, in _call_with_frames_removed
  File "/opt/airflow/dags/dags_conn_test.py", line 10, in <module>
    start_date=pendulum.datetime(2024, 12, 1, tz = "Asiz/Seoul"),
               ^^^^^^^^^^^^^^^^^^^^^^^^^^^^^^^^^^^^^^^^^^^^^^^^^
  File "/home/airflow/.local/lib/python3.12/site-packages/pendulum/__init__.py", line 143, in datetime
    return DateTime.create(
           ^^^^^^^^^^^^^^^^
  File "/home/airflow/.local/lib/python3.12/site-packages/pendulum/datetime.py", line 103, in create
    tz = pendulum._safe_timezone(tz)
         ^^^^^^^^^^^^^^^^^^^^^^^^^^^
  File "/home/airflow/.local/lib/python3.12/site-packages/pendulum/__init__.py", line 124, in _safe_timezone
    return timezone(obj)
           ^^^^^^^^^^^^^
  File "/home/airflow/.local/lib/python3.12/site-packages/pendulum/__init__.py", line 86, in timezone
    return Timezone(name)
           ^^^^^^^^^^^^^^
  File "/home/airflow/.local/lib/python3.12/site-packages/pendulum/tz/timezone.py", line 67, in __new__
    raise InvalidTimezone(key)
pendulum.tz.exceptions.InvalidTimezone: Asiz/Seoul
[2024-12-01T11:50:36.442+0000] {processor.py:927} WARNING - No viable dags retrieved from /opt/airflow/dags/dags_conn_test.py
[2024-12-01T11:50:36.515+0000] {processor.py:208} INFO - Processing /opt/airflow/dags/dags_conn_test.py took 0.134 seconds
[2024-12-01T11:51:07.135+0000] {processor.py:186} INFO - Started process (PID=111) to work on /opt/airflow/dags/dags_conn_test.py
[2024-12-01T11:51:07.138+0000] {processor.py:914} INFO - Processing file /opt/airflow/dags/dags_conn_test.py for tasks to queue
[2024-12-01T11:51:07.140+0000] {logging_mixin.py:190} INFO - [2024-12-01T11:51:07.140+0000] {dagbag.py:588} INFO - Filling up the DagBag from /opt/airflow/dags/dags_conn_test.py
[2024-12-01T11:51:07.146+0000] {logging_mixin.py:190} INFO - [2024-12-01T11:51:07.143+0000] {dagbag.py:387} ERROR - Failed to import: /opt/airflow/dags/dags_conn_test.py
Traceback (most recent call last):
  File "/usr/local/lib/python3.12/zoneinfo/_common.py", line 12, in load_tzdata
    return resources.files(package_name).joinpath(resource_name).open("rb")
           ^^^^^^^^^^^^^^^^^^^^^^^^^^^^^
  File "/usr/local/lib/python3.12/importlib/resources/_common.py", line 46, in wrapper
    return func(anchor)
           ^^^^^^^^^^^^
  File "/usr/local/lib/python3.12/importlib/resources/_common.py", line 56, in files
    return from_package(resolve(anchor))
                        ^^^^^^^^^^^^^^^
  File "/usr/local/lib/python3.12/functools.py", line 907, in wrapper
    return dispatch(args[0].__class__)(*args, **kw)
           ^^^^^^^^^^^^^^^^^^^^^^^^^^^^^^^^^^^^^^^^
  File "/usr/local/lib/python3.12/importlib/resources/_common.py", line 82, in _
    return importlib.import_module(cand)
           ^^^^^^^^^^^^^^^^^^^^^^^^^^^^^
  File "/usr/local/lib/python3.12/importlib/__init__.py", line 90, in import_module
    return _bootstrap._gcd_import(name[level:], package, level)
           ^^^^^^^^^^^^^^^^^^^^^^^^^^^^^^^^^^^^^^^^^^^^^^^^^^^^
  File "<frozen importlib._bootstrap>", line 1387, in _gcd_import
  File "<frozen importlib._bootstrap>", line 1360, in _find_and_load
  File "<frozen importlib._bootstrap>", line 1324, in _find_and_load_unlocked
ModuleNotFoundError: No module named 'tzdata.zoneinfo.Asiz'

During handling of the above exception, another exception occurred:

Traceback (most recent call last):
  File "/home/airflow/.local/lib/python3.12/site-packages/pendulum/tz/timezone.py", line 65, in __new__
    return super().__new__(cls, key)  # type: ignore[call-arg]
           ^^^^^^^^^^^^^^^^^^^^^^^^^
  File "/usr/local/lib/python3.12/zoneinfo/_common.py", line 24, in load_tzdata
    raise ZoneInfoNotFoundError(f"No time zone found with key {key}")
zoneinfo._common.ZoneInfoNotFoundError: 'No time zone found with key Asiz/Seoul'

During handling of the above exception, another exception occurred:

Traceback (most recent call last):
  File "/home/airflow/.local/lib/python3.12/site-packages/airflow/models/dagbag.py", line 383, in parse
    loader.exec_module(new_module)
  File "<frozen importlib._bootstrap_external>", line 995, in exec_module
  File "<frozen importlib._bootstrap>", line 488, in _call_with_frames_removed
  File "/opt/airflow/dags/dags_conn_test.py", line 10, in <module>
    start_date=pendulum.datetime(2024, 12, 1, tz = "Asiz/Seoul"),
               ^^^^^^^^^^^^^^^^^^^^^^^^^^^^^^^^^^^^^^^^^^^^^^^^^
  File "/home/airflow/.local/lib/python3.12/site-packages/pendulum/__init__.py", line 143, in datetime
    return DateTime.create(
           ^^^^^^^^^^^^^^^^
  File "/home/airflow/.local/lib/python3.12/site-packages/pendulum/datetime.py", line 103, in create
    tz = pendulum._safe_timezone(tz)
         ^^^^^^^^^^^^^^^^^^^^^^^^^^^
  File "/home/airflow/.local/lib/python3.12/site-packages/pendulum/__init__.py", line 124, in _safe_timezone
    return timezone(obj)
           ^^^^^^^^^^^^^
  File "/home/airflow/.local/lib/python3.12/site-packages/pendulum/__init__.py", line 86, in timezone
    return Timezone(name)
           ^^^^^^^^^^^^^^
  File "/home/airflow/.local/lib/python3.12/site-packages/pendulum/tz/timezone.py", line 67, in __new__
    raise InvalidTimezone(key)
pendulum.tz.exceptions.InvalidTimezone: Asiz/Seoul
[2024-12-01T11:51:07.147+0000] {processor.py:927} WARNING - No viable dags retrieved from /opt/airflow/dags/dags_conn_test.py
[2024-12-01T11:51:07.169+0000] {processor.py:208} INFO - Processing /opt/airflow/dags/dags_conn_test.py took 0.049 seconds
[2024-12-01T11:51:37.731+0000] {processor.py:186} INFO - Started process (PID=176) to work on /opt/airflow/dags/dags_conn_test.py
[2024-12-01T11:51:37.734+0000] {processor.py:914} INFO - Processing file /opt/airflow/dags/dags_conn_test.py for tasks to queue
[2024-12-01T11:51:37.736+0000] {logging_mixin.py:190} INFO - [2024-12-01T11:51:37.735+0000] {dagbag.py:588} INFO - Filling up the DagBag from /opt/airflow/dags/dags_conn_test.py
[2024-12-01T11:51:37.740+0000] {logging_mixin.py:190} INFO - [2024-12-01T11:51:37.738+0000] {dagbag.py:387} ERROR - Failed to import: /opt/airflow/dags/dags_conn_test.py
Traceback (most recent call last):
  File "/usr/local/lib/python3.12/zoneinfo/_common.py", line 12, in load_tzdata
    return resources.files(package_name).joinpath(resource_name).open("rb")
           ^^^^^^^^^^^^^^^^^^^^^^^^^^^^^
  File "/usr/local/lib/python3.12/importlib/resources/_common.py", line 46, in wrapper
    return func(anchor)
           ^^^^^^^^^^^^
  File "/usr/local/lib/python3.12/importlib/resources/_common.py", line 56, in files
    return from_package(resolve(anchor))
                        ^^^^^^^^^^^^^^^
  File "/usr/local/lib/python3.12/functools.py", line 907, in wrapper
    return dispatch(args[0].__class__)(*args, **kw)
           ^^^^^^^^^^^^^^^^^^^^^^^^^^^^^^^^^^^^^^^^
  File "/usr/local/lib/python3.12/importlib/resources/_common.py", line 82, in _
    return importlib.import_module(cand)
           ^^^^^^^^^^^^^^^^^^^^^^^^^^^^^
  File "/usr/local/lib/python3.12/importlib/__init__.py", line 90, in import_module
    return _bootstrap._gcd_import(name[level:], package, level)
           ^^^^^^^^^^^^^^^^^^^^^^^^^^^^^^^^^^^^^^^^^^^^^^^^^^^^
  File "<frozen importlib._bootstrap>", line 1387, in _gcd_import
  File "<frozen importlib._bootstrap>", line 1360, in _find_and_load
  File "<frozen importlib._bootstrap>", line 1324, in _find_and_load_unlocked
ModuleNotFoundError: No module named 'tzdata.zoneinfo.Asiz'

During handling of the above exception, another exception occurred:

Traceback (most recent call last):
  File "/home/airflow/.local/lib/python3.12/site-packages/pendulum/tz/timezone.py", line 65, in __new__
    return super().__new__(cls, key)  # type: ignore[call-arg]
           ^^^^^^^^^^^^^^^^^^^^^^^^^
  File "/usr/local/lib/python3.12/zoneinfo/_common.py", line 24, in load_tzdata
    raise ZoneInfoNotFoundError(f"No time zone found with key {key}")
zoneinfo._common.ZoneInfoNotFoundError: 'No time zone found with key Asiz/Seoul'

During handling of the above exception, another exception occurred:

Traceback (most recent call last):
  File "/home/airflow/.local/lib/python3.12/site-packages/airflow/models/dagbag.py", line 383, in parse
    loader.exec_module(new_module)
  File "<frozen importlib._bootstrap_external>", line 995, in exec_module
  File "<frozen importlib._bootstrap>", line 488, in _call_with_frames_removed
  File "/opt/airflow/dags/dags_conn_test.py", line 10, in <module>
    start_date=pendulum.datetime(2024, 12, 1, tz = "Asiz/Seoul"),
               ^^^^^^^^^^^^^^^^^^^^^^^^^^^^^^^^^^^^^^^^^^^^^^^^^
  File "/home/airflow/.local/lib/python3.12/site-packages/pendulum/__init__.py", line 143, in datetime
    return DateTime.create(
           ^^^^^^^^^^^^^^^^
  File "/home/airflow/.local/lib/python3.12/site-packages/pendulum/datetime.py", line 103, in create
    tz = pendulum._safe_timezone(tz)
         ^^^^^^^^^^^^^^^^^^^^^^^^^^^
  File "/home/airflow/.local/lib/python3.12/site-packages/pendulum/__init__.py", line 124, in _safe_timezone
    return timezone(obj)
           ^^^^^^^^^^^^^
  File "/home/airflow/.local/lib/python3.12/site-packages/pendulum/__init__.py", line 86, in timezone
    return Timezone(name)
           ^^^^^^^^^^^^^^
  File "/home/airflow/.local/lib/python3.12/site-packages/pendulum/tz/timezone.py", line 67, in __new__
    raise InvalidTimezone(key)
pendulum.tz.exceptions.InvalidTimezone: Asiz/Seoul
[2024-12-01T11:51:37.740+0000] {processor.py:927} WARNING - No viable dags retrieved from /opt/airflow/dags/dags_conn_test.py
[2024-12-01T11:51:37.760+0000] {processor.py:208} INFO - Processing /opt/airflow/dags/dags_conn_test.py took 0.043 seconds
[2024-12-01T11:52:08.039+0000] {processor.py:186} INFO - Started process (PID=241) to work on /opt/airflow/dags/dags_conn_test.py
[2024-12-01T11:52:08.039+0000] {processor.py:914} INFO - Processing file /opt/airflow/dags/dags_conn_test.py for tasks to queue
[2024-12-01T11:52:08.041+0000] {logging_mixin.py:190} INFO - [2024-12-01T11:52:08.041+0000] {dagbag.py:588} INFO - Filling up the DagBag from /opt/airflow/dags/dags_conn_test.py
[2024-12-01T11:52:08.053+0000] {logging_mixin.py:190} INFO - [2024-12-01T11:52:08.051+0000] {dagbag.py:387} ERROR - Failed to import: /opt/airflow/dags/dags_conn_test.py
Traceback (most recent call last):
  File "/usr/local/lib/python3.12/zoneinfo/_common.py", line 12, in load_tzdata
    return resources.files(package_name).joinpath(resource_name).open("rb")
           ^^^^^^^^^^^^^^^^^^^^^^^^^^^^^
  File "/usr/local/lib/python3.12/importlib/resources/_common.py", line 46, in wrapper
    return func(anchor)
           ^^^^^^^^^^^^
  File "/usr/local/lib/python3.12/importlib/resources/_common.py", line 56, in files
    return from_package(resolve(anchor))
                        ^^^^^^^^^^^^^^^
  File "/usr/local/lib/python3.12/functools.py", line 907, in wrapper
    return dispatch(args[0].__class__)(*args, **kw)
           ^^^^^^^^^^^^^^^^^^^^^^^^^^^^^^^^^^^^^^^^
  File "/usr/local/lib/python3.12/importlib/resources/_common.py", line 82, in _
    return importlib.import_module(cand)
           ^^^^^^^^^^^^^^^^^^^^^^^^^^^^^
  File "/usr/local/lib/python3.12/importlib/__init__.py", line 90, in import_module
    return _bootstrap._gcd_import(name[level:], package, level)
           ^^^^^^^^^^^^^^^^^^^^^^^^^^^^^^^^^^^^^^^^^^^^^^^^^^^^
  File "<frozen importlib._bootstrap>", line 1387, in _gcd_import
  File "<frozen importlib._bootstrap>", line 1360, in _find_and_load
  File "<frozen importlib._bootstrap>", line 1324, in _find_and_load_unlocked
ModuleNotFoundError: No module named 'tzdata.zoneinfo.Asiz'

During handling of the above exception, another exception occurred:

Traceback (most recent call last):
  File "/home/airflow/.local/lib/python3.12/site-packages/pendulum/tz/timezone.py", line 65, in __new__
    return super().__new__(cls, key)  # type: ignore[call-arg]
           ^^^^^^^^^^^^^^^^^^^^^^^^^
  File "/usr/local/lib/python3.12/zoneinfo/_common.py", line 24, in load_tzdata
    raise ZoneInfoNotFoundError(f"No time zone found with key {key}")
zoneinfo._common.ZoneInfoNotFoundError: 'No time zone found with key Asiz/Seoul'

During handling of the above exception, another exception occurred:

Traceback (most recent call last):
  File "/home/airflow/.local/lib/python3.12/site-packages/airflow/models/dagbag.py", line 383, in parse
    loader.exec_module(new_module)
  File "<frozen importlib._bootstrap_external>", line 995, in exec_module
  File "<frozen importlib._bootstrap>", line 488, in _call_with_frames_removed
  File "/opt/airflow/dags/dags_conn_test.py", line 10, in <module>
    start_date=pendulum.datetime(2024, 12, 1, tz = "Asiz/Seoul"),
               ^^^^^^^^^^^^^^^^^^^^^^^^^^^^^^^^^^^^^^^^^^^^^^^^^
  File "/home/airflow/.local/lib/python3.12/site-packages/pendulum/__init__.py", line 143, in datetime
    return DateTime.create(
           ^^^^^^^^^^^^^^^^
  File "/home/airflow/.local/lib/python3.12/site-packages/pendulum/datetime.py", line 103, in create
    tz = pendulum._safe_timezone(tz)
         ^^^^^^^^^^^^^^^^^^^^^^^^^^^
  File "/home/airflow/.local/lib/python3.12/site-packages/pendulum/__init__.py", line 124, in _safe_timezone
    return timezone(obj)
           ^^^^^^^^^^^^^
  File "/home/airflow/.local/lib/python3.12/site-packages/pendulum/__init__.py", line 86, in timezone
    return Timezone(name)
           ^^^^^^^^^^^^^^
  File "/home/airflow/.local/lib/python3.12/site-packages/pendulum/tz/timezone.py", line 67, in __new__
    raise InvalidTimezone(key)
pendulum.tz.exceptions.InvalidTimezone: Asiz/Seoul
[2024-12-01T11:52:08.054+0000] {processor.py:927} WARNING - No viable dags retrieved from /opt/airflow/dags/dags_conn_test.py
[2024-12-01T11:52:08.073+0000] {processor.py:208} INFO - Processing /opt/airflow/dags/dags_conn_test.py took 0.048 seconds
[2024-12-01T11:52:38.930+0000] {processor.py:186} INFO - Started process (PID=306) to work on /opt/airflow/dags/dags_conn_test.py
[2024-12-01T11:52:38.931+0000] {processor.py:914} INFO - Processing file /opt/airflow/dags/dags_conn_test.py for tasks to queue
[2024-12-01T11:52:38.935+0000] {logging_mixin.py:190} INFO - [2024-12-01T11:52:38.935+0000] {dagbag.py:588} INFO - Filling up the DagBag from /opt/airflow/dags/dags_conn_test.py
[2024-12-01T11:52:38.943+0000] {logging_mixin.py:190} INFO - [2024-12-01T11:52:38.939+0000] {dagbag.py:387} ERROR - Failed to import: /opt/airflow/dags/dags_conn_test.py
Traceback (most recent call last):
  File "/usr/local/lib/python3.12/zoneinfo/_common.py", line 12, in load_tzdata
    return resources.files(package_name).joinpath(resource_name).open("rb")
           ^^^^^^^^^^^^^^^^^^^^^^^^^^^^^
  File "/usr/local/lib/python3.12/importlib/resources/_common.py", line 46, in wrapper
    return func(anchor)
           ^^^^^^^^^^^^
  File "/usr/local/lib/python3.12/importlib/resources/_common.py", line 56, in files
    return from_package(resolve(anchor))
                        ^^^^^^^^^^^^^^^
  File "/usr/local/lib/python3.12/functools.py", line 907, in wrapper
    return dispatch(args[0].__class__)(*args, **kw)
           ^^^^^^^^^^^^^^^^^^^^^^^^^^^^^^^^^^^^^^^^
  File "/usr/local/lib/python3.12/importlib/resources/_common.py", line 82, in _
    return importlib.import_module(cand)
           ^^^^^^^^^^^^^^^^^^^^^^^^^^^^^
  File "/usr/local/lib/python3.12/importlib/__init__.py", line 90, in import_module
    return _bootstrap._gcd_import(name[level:], package, level)
           ^^^^^^^^^^^^^^^^^^^^^^^^^^^^^^^^^^^^^^^^^^^^^^^^^^^^
  File "<frozen importlib._bootstrap>", line 1387, in _gcd_import
  File "<frozen importlib._bootstrap>", line 1360, in _find_and_load
  File "<frozen importlib._bootstrap>", line 1324, in _find_and_load_unlocked
ModuleNotFoundError: No module named 'tzdata.zoneinfo.Asiz'

During handling of the above exception, another exception occurred:

Traceback (most recent call last):
  File "/home/airflow/.local/lib/python3.12/site-packages/pendulum/tz/timezone.py", line 65, in __new__
    return super().__new__(cls, key)  # type: ignore[call-arg]
           ^^^^^^^^^^^^^^^^^^^^^^^^^
  File "/usr/local/lib/python3.12/zoneinfo/_common.py", line 24, in load_tzdata
    raise ZoneInfoNotFoundError(f"No time zone found with key {key}")
zoneinfo._common.ZoneInfoNotFoundError: 'No time zone found with key Asiz/Seoul'

During handling of the above exception, another exception occurred:

Traceback (most recent call last):
  File "/home/airflow/.local/lib/python3.12/site-packages/airflow/models/dagbag.py", line 383, in parse
    loader.exec_module(new_module)
  File "<frozen importlib._bootstrap_external>", line 995, in exec_module
  File "<frozen importlib._bootstrap>", line 488, in _call_with_frames_removed
  File "/opt/airflow/dags/dags_conn_test.py", line 10, in <module>
    start_date=pendulum.datetime(2024, 12, 1, tz = "Asiz/Seoul"),
               ^^^^^^^^^^^^^^^^^^^^^^^^^^^^^^^^^^^^^^^^^^^^^^^^^
  File "/home/airflow/.local/lib/python3.12/site-packages/pendulum/__init__.py", line 143, in datetime
    return DateTime.create(
           ^^^^^^^^^^^^^^^^
  File "/home/airflow/.local/lib/python3.12/site-packages/pendulum/datetime.py", line 103, in create
    tz = pendulum._safe_timezone(tz)
         ^^^^^^^^^^^^^^^^^^^^^^^^^^^
  File "/home/airflow/.local/lib/python3.12/site-packages/pendulum/__init__.py", line 124, in _safe_timezone
    return timezone(obj)
           ^^^^^^^^^^^^^
  File "/home/airflow/.local/lib/python3.12/site-packages/pendulum/__init__.py", line 86, in timezone
    return Timezone(name)
           ^^^^^^^^^^^^^^
  File "/home/airflow/.local/lib/python3.12/site-packages/pendulum/tz/timezone.py", line 67, in __new__
    raise InvalidTimezone(key)
pendulum.tz.exceptions.InvalidTimezone: Asiz/Seoul
[2024-12-01T11:52:38.944+0000] {processor.py:927} WARNING - No viable dags retrieved from /opt/airflow/dags/dags_conn_test.py
[2024-12-01T11:52:38.964+0000] {processor.py:208} INFO - Processing /opt/airflow/dags/dags_conn_test.py took 0.055 seconds
[2024-12-01T11:53:09.685+0000] {processor.py:186} INFO - Started process (PID=371) to work on /opt/airflow/dags/dags_conn_test.py
[2024-12-01T11:53:09.695+0000] {processor.py:914} INFO - Processing file /opt/airflow/dags/dags_conn_test.py for tasks to queue
[2024-12-01T11:53:09.697+0000] {logging_mixin.py:190} INFO - [2024-12-01T11:53:09.696+0000] {dagbag.py:588} INFO - Filling up the DagBag from /opt/airflow/dags/dags_conn_test.py
[2024-12-01T11:53:09.703+0000] {logging_mixin.py:190} INFO - [2024-12-01T11:53:09.701+0000] {dagbag.py:387} ERROR - Failed to import: /opt/airflow/dags/dags_conn_test.py
Traceback (most recent call last):
  File "/usr/local/lib/python3.12/zoneinfo/_common.py", line 12, in load_tzdata
    return resources.files(package_name).joinpath(resource_name).open("rb")
           ^^^^^^^^^^^^^^^^^^^^^^^^^^^^^
  File "/usr/local/lib/python3.12/importlib/resources/_common.py", line 46, in wrapper
    return func(anchor)
           ^^^^^^^^^^^^
  File "/usr/local/lib/python3.12/importlib/resources/_common.py", line 56, in files
    return from_package(resolve(anchor))
                        ^^^^^^^^^^^^^^^
  File "/usr/local/lib/python3.12/functools.py", line 907, in wrapper
    return dispatch(args[0].__class__)(*args, **kw)
           ^^^^^^^^^^^^^^^^^^^^^^^^^^^^^^^^^^^^^^^^
  File "/usr/local/lib/python3.12/importlib/resources/_common.py", line 82, in _
    return importlib.import_module(cand)
           ^^^^^^^^^^^^^^^^^^^^^^^^^^^^^
  File "/usr/local/lib/python3.12/importlib/__init__.py", line 90, in import_module
    return _bootstrap._gcd_import(name[level:], package, level)
           ^^^^^^^^^^^^^^^^^^^^^^^^^^^^^^^^^^^^^^^^^^^^^^^^^^^^
  File "<frozen importlib._bootstrap>", line 1387, in _gcd_import
  File "<frozen importlib._bootstrap>", line 1360, in _find_and_load
  File "<frozen importlib._bootstrap>", line 1324, in _find_and_load_unlocked
ModuleNotFoundError: No module named 'tzdata.zoneinfo.Asiz'

During handling of the above exception, another exception occurred:

Traceback (most recent call last):
  File "/home/airflow/.local/lib/python3.12/site-packages/pendulum/tz/timezone.py", line 65, in __new__
    return super().__new__(cls, key)  # type: ignore[call-arg]
           ^^^^^^^^^^^^^^^^^^^^^^^^^
  File "/usr/local/lib/python3.12/zoneinfo/_common.py", line 24, in load_tzdata
    raise ZoneInfoNotFoundError(f"No time zone found with key {key}")
zoneinfo._common.ZoneInfoNotFoundError: 'No time zone found with key Asiz/Seoul'

During handling of the above exception, another exception occurred:

Traceback (most recent call last):
  File "/home/airflow/.local/lib/python3.12/site-packages/airflow/models/dagbag.py", line 383, in parse
    loader.exec_module(new_module)
  File "<frozen importlib._bootstrap_external>", line 995, in exec_module
  File "<frozen importlib._bootstrap>", line 488, in _call_with_frames_removed
  File "/opt/airflow/dags/dags_conn_test.py", line 10, in <module>
    start_date=pendulum.datetime(2024, 12, 1, tz = "Asiz/Seoul"),
               ^^^^^^^^^^^^^^^^^^^^^^^^^^^^^^^^^^^^^^^^^^^^^^^^^
  File "/home/airflow/.local/lib/python3.12/site-packages/pendulum/__init__.py", line 143, in datetime
    return DateTime.create(
           ^^^^^^^^^^^^^^^^
  File "/home/airflow/.local/lib/python3.12/site-packages/pendulum/datetime.py", line 103, in create
    tz = pendulum._safe_timezone(tz)
         ^^^^^^^^^^^^^^^^^^^^^^^^^^^
  File "/home/airflow/.local/lib/python3.12/site-packages/pendulum/__init__.py", line 124, in _safe_timezone
    return timezone(obj)
           ^^^^^^^^^^^^^
  File "/home/airflow/.local/lib/python3.12/site-packages/pendulum/__init__.py", line 86, in timezone
    return Timezone(name)
           ^^^^^^^^^^^^^^
  File "/home/airflow/.local/lib/python3.12/site-packages/pendulum/tz/timezone.py", line 67, in __new__
    raise InvalidTimezone(key)
pendulum.tz.exceptions.InvalidTimezone: Asiz/Seoul
[2024-12-01T11:53:09.703+0000] {processor.py:927} WARNING - No viable dags retrieved from /opt/airflow/dags/dags_conn_test.py
[2024-12-01T11:53:09.726+0000] {processor.py:208} INFO - Processing /opt/airflow/dags/dags_conn_test.py took 0.058 seconds
[2024-12-01T11:53:40.306+0000] {processor.py:186} INFO - Started process (PID=436) to work on /opt/airflow/dags/dags_conn_test.py
[2024-12-01T11:53:40.308+0000] {processor.py:914} INFO - Processing file /opt/airflow/dags/dags_conn_test.py for tasks to queue
[2024-12-01T11:53:40.310+0000] {logging_mixin.py:190} INFO - [2024-12-01T11:53:40.310+0000] {dagbag.py:588} INFO - Filling up the DagBag from /opt/airflow/dags/dags_conn_test.py
[2024-12-01T11:53:40.317+0000] {logging_mixin.py:190} INFO - [2024-12-01T11:53:40.313+0000] {dagbag.py:387} ERROR - Failed to import: /opt/airflow/dags/dags_conn_test.py
Traceback (most recent call last):
  File "/usr/local/lib/python3.12/zoneinfo/_common.py", line 12, in load_tzdata
    return resources.files(package_name).joinpath(resource_name).open("rb")
           ^^^^^^^^^^^^^^^^^^^^^^^^^^^^^
  File "/usr/local/lib/python3.12/importlib/resources/_common.py", line 46, in wrapper
    return func(anchor)
           ^^^^^^^^^^^^
  File "/usr/local/lib/python3.12/importlib/resources/_common.py", line 56, in files
    return from_package(resolve(anchor))
                        ^^^^^^^^^^^^^^^
  File "/usr/local/lib/python3.12/functools.py", line 907, in wrapper
    return dispatch(args[0].__class__)(*args, **kw)
           ^^^^^^^^^^^^^^^^^^^^^^^^^^^^^^^^^^^^^^^^
  File "/usr/local/lib/python3.12/importlib/resources/_common.py", line 82, in _
    return importlib.import_module(cand)
           ^^^^^^^^^^^^^^^^^^^^^^^^^^^^^
  File "/usr/local/lib/python3.12/importlib/__init__.py", line 90, in import_module
    return _bootstrap._gcd_import(name[level:], package, level)
           ^^^^^^^^^^^^^^^^^^^^^^^^^^^^^^^^^^^^^^^^^^^^^^^^^^^^
  File "<frozen importlib._bootstrap>", line 1387, in _gcd_import
  File "<frozen importlib._bootstrap>", line 1360, in _find_and_load
  File "<frozen importlib._bootstrap>", line 1324, in _find_and_load_unlocked
ModuleNotFoundError: No module named 'tzdata.zoneinfo.Asiz'

During handling of the above exception, another exception occurred:

Traceback (most recent call last):
  File "/home/airflow/.local/lib/python3.12/site-packages/pendulum/tz/timezone.py", line 65, in __new__
    return super().__new__(cls, key)  # type: ignore[call-arg]
           ^^^^^^^^^^^^^^^^^^^^^^^^^
  File "/usr/local/lib/python3.12/zoneinfo/_common.py", line 24, in load_tzdata
    raise ZoneInfoNotFoundError(f"No time zone found with key {key}")
zoneinfo._common.ZoneInfoNotFoundError: 'No time zone found with key Asiz/Seoul'

During handling of the above exception, another exception occurred:

Traceback (most recent call last):
  File "/home/airflow/.local/lib/python3.12/site-packages/airflow/models/dagbag.py", line 383, in parse
    loader.exec_module(new_module)
  File "<frozen importlib._bootstrap_external>", line 995, in exec_module
  File "<frozen importlib._bootstrap>", line 488, in _call_with_frames_removed
  File "/opt/airflow/dags/dags_conn_test.py", line 10, in <module>
    start_date=pendulum.datetime(2024, 12, 1, tz = "Asiz/Seoul"),
               ^^^^^^^^^^^^^^^^^^^^^^^^^^^^^^^^^^^^^^^^^^^^^^^^^
  File "/home/airflow/.local/lib/python3.12/site-packages/pendulum/__init__.py", line 143, in datetime
    return DateTime.create(
           ^^^^^^^^^^^^^^^^
  File "/home/airflow/.local/lib/python3.12/site-packages/pendulum/datetime.py", line 103, in create
    tz = pendulum._safe_timezone(tz)
         ^^^^^^^^^^^^^^^^^^^^^^^^^^^
  File "/home/airflow/.local/lib/python3.12/site-packages/pendulum/__init__.py", line 124, in _safe_timezone
    return timezone(obj)
           ^^^^^^^^^^^^^
  File "/home/airflow/.local/lib/python3.12/site-packages/pendulum/__init__.py", line 86, in timezone
    return Timezone(name)
           ^^^^^^^^^^^^^^
  File "/home/airflow/.local/lib/python3.12/site-packages/pendulum/tz/timezone.py", line 67, in __new__
    raise InvalidTimezone(key)
pendulum.tz.exceptions.InvalidTimezone: Asiz/Seoul
[2024-12-01T11:53:40.318+0000] {processor.py:927} WARNING - No viable dags retrieved from /opt/airflow/dags/dags_conn_test.py
[2024-12-01T11:53:40.340+0000] {processor.py:208} INFO - Processing /opt/airflow/dags/dags_conn_test.py took 0.039 seconds
[2024-12-01T11:54:10.883+0000] {processor.py:186} INFO - Started process (PID=501) to work on /opt/airflow/dags/dags_conn_test.py
[2024-12-01T11:54:10.900+0000] {processor.py:914} INFO - Processing file /opt/airflow/dags/dags_conn_test.py for tasks to queue
[2024-12-01T11:54:10.902+0000] {logging_mixin.py:190} INFO - [2024-12-01T11:54:10.902+0000] {dagbag.py:588} INFO - Filling up the DagBag from /opt/airflow/dags/dags_conn_test.py
[2024-12-01T11:54:10.906+0000] {logging_mixin.py:190} INFO - [2024-12-01T11:54:10.905+0000] {dagbag.py:387} ERROR - Failed to import: /opt/airflow/dags/dags_conn_test.py
Traceback (most recent call last):
  File "/usr/local/lib/python3.12/zoneinfo/_common.py", line 12, in load_tzdata
    return resources.files(package_name).joinpath(resource_name).open("rb")
           ^^^^^^^^^^^^^^^^^^^^^^^^^^^^^
  File "/usr/local/lib/python3.12/importlib/resources/_common.py", line 46, in wrapper
    return func(anchor)
           ^^^^^^^^^^^^
  File "/usr/local/lib/python3.12/importlib/resources/_common.py", line 56, in files
    return from_package(resolve(anchor))
                        ^^^^^^^^^^^^^^^
  File "/usr/local/lib/python3.12/functools.py", line 907, in wrapper
    return dispatch(args[0].__class__)(*args, **kw)
           ^^^^^^^^^^^^^^^^^^^^^^^^^^^^^^^^^^^^^^^^
  File "/usr/local/lib/python3.12/importlib/resources/_common.py", line 82, in _
    return importlib.import_module(cand)
           ^^^^^^^^^^^^^^^^^^^^^^^^^^^^^
  File "/usr/local/lib/python3.12/importlib/__init__.py", line 90, in import_module
    return _bootstrap._gcd_import(name[level:], package, level)
           ^^^^^^^^^^^^^^^^^^^^^^^^^^^^^^^^^^^^^^^^^^^^^^^^^^^^
  File "<frozen importlib._bootstrap>", line 1387, in _gcd_import
  File "<frozen importlib._bootstrap>", line 1360, in _find_and_load
  File "<frozen importlib._bootstrap>", line 1324, in _find_and_load_unlocked
ModuleNotFoundError: No module named 'tzdata.zoneinfo.Asiz'

During handling of the above exception, another exception occurred:

Traceback (most recent call last):
  File "/home/airflow/.local/lib/python3.12/site-packages/pendulum/tz/timezone.py", line 65, in __new__
    return super().__new__(cls, key)  # type: ignore[call-arg]
           ^^^^^^^^^^^^^^^^^^^^^^^^^
  File "/usr/local/lib/python3.12/zoneinfo/_common.py", line 24, in load_tzdata
    raise ZoneInfoNotFoundError(f"No time zone found with key {key}")
zoneinfo._common.ZoneInfoNotFoundError: 'No time zone found with key Asiz/Seoul'

During handling of the above exception, another exception occurred:

Traceback (most recent call last):
  File "/home/airflow/.local/lib/python3.12/site-packages/airflow/models/dagbag.py", line 383, in parse
    loader.exec_module(new_module)
  File "<frozen importlib._bootstrap_external>", line 995, in exec_module
  File "<frozen importlib._bootstrap>", line 488, in _call_with_frames_removed
  File "/opt/airflow/dags/dags_conn_test.py", line 10, in <module>
    start_date=pendulum.datetime(2024, 12, 1, tz = "Asiz/Seoul"),
               ^^^^^^^^^^^^^^^^^^^^^^^^^^^^^^^^^^^^^^^^^^^^^^^^^
  File "/home/airflow/.local/lib/python3.12/site-packages/pendulum/__init__.py", line 143, in datetime
    return DateTime.create(
           ^^^^^^^^^^^^^^^^
  File "/home/airflow/.local/lib/python3.12/site-packages/pendulum/datetime.py", line 103, in create
    tz = pendulum._safe_timezone(tz)
         ^^^^^^^^^^^^^^^^^^^^^^^^^^^
  File "/home/airflow/.local/lib/python3.12/site-packages/pendulum/__init__.py", line 124, in _safe_timezone
    return timezone(obj)
           ^^^^^^^^^^^^^
  File "/home/airflow/.local/lib/python3.12/site-packages/pendulum/__init__.py", line 86, in timezone
    return Timezone(name)
           ^^^^^^^^^^^^^^
  File "/home/airflow/.local/lib/python3.12/site-packages/pendulum/tz/timezone.py", line 67, in __new__
    raise InvalidTimezone(key)
pendulum.tz.exceptions.InvalidTimezone: Asiz/Seoul
[2024-12-01T11:54:10.907+0000] {processor.py:927} WARNING - No viable dags retrieved from /opt/airflow/dags/dags_conn_test.py
[2024-12-01T11:54:10.924+0000] {processor.py:208} INFO - Processing /opt/airflow/dags/dags_conn_test.py took 0.052 seconds
[2024-12-01T11:54:41.379+0000] {processor.py:186} INFO - Started process (PID=566) to work on /opt/airflow/dags/dags_conn_test.py
[2024-12-01T11:54:41.382+0000] {processor.py:914} INFO - Processing file /opt/airflow/dags/dags_conn_test.py for tasks to queue
[2024-12-01T11:54:41.385+0000] {logging_mixin.py:190} INFO - [2024-12-01T11:54:41.384+0000] {dagbag.py:588} INFO - Filling up the DagBag from /opt/airflow/dags/dags_conn_test.py
[2024-12-01T11:54:41.396+0000] {logging_mixin.py:190} INFO - [2024-12-01T11:54:41.392+0000] {dagbag.py:387} ERROR - Failed to import: /opt/airflow/dags/dags_conn_test.py
Traceback (most recent call last):
  File "/usr/local/lib/python3.12/zoneinfo/_common.py", line 12, in load_tzdata
    return resources.files(package_name).joinpath(resource_name).open("rb")
           ^^^^^^^^^^^^^^^^^^^^^^^^^^^^^
  File "/usr/local/lib/python3.12/importlib/resources/_common.py", line 46, in wrapper
    return func(anchor)
           ^^^^^^^^^^^^
  File "/usr/local/lib/python3.12/importlib/resources/_common.py", line 56, in files
    return from_package(resolve(anchor))
                        ^^^^^^^^^^^^^^^
  File "/usr/local/lib/python3.12/functools.py", line 907, in wrapper
    return dispatch(args[0].__class__)(*args, **kw)
           ^^^^^^^^^^^^^^^^^^^^^^^^^^^^^^^^^^^^^^^^
  File "/usr/local/lib/python3.12/importlib/resources/_common.py", line 82, in _
    return importlib.import_module(cand)
           ^^^^^^^^^^^^^^^^^^^^^^^^^^^^^
  File "/usr/local/lib/python3.12/importlib/__init__.py", line 90, in import_module
    return _bootstrap._gcd_import(name[level:], package, level)
           ^^^^^^^^^^^^^^^^^^^^^^^^^^^^^^^^^^^^^^^^^^^^^^^^^^^^
  File "<frozen importlib._bootstrap>", line 1387, in _gcd_import
  File "<frozen importlib._bootstrap>", line 1360, in _find_and_load
  File "<frozen importlib._bootstrap>", line 1324, in _find_and_load_unlocked
ModuleNotFoundError: No module named 'tzdata.zoneinfo.Asiz'

During handling of the above exception, another exception occurred:

Traceback (most recent call last):
  File "/home/airflow/.local/lib/python3.12/site-packages/pendulum/tz/timezone.py", line 65, in __new__
    return super().__new__(cls, key)  # type: ignore[call-arg]
           ^^^^^^^^^^^^^^^^^^^^^^^^^
  File "/usr/local/lib/python3.12/zoneinfo/_common.py", line 24, in load_tzdata
    raise ZoneInfoNotFoundError(f"No time zone found with key {key}")
zoneinfo._common.ZoneInfoNotFoundError: 'No time zone found with key Asiz/Seoul'

During handling of the above exception, another exception occurred:

Traceback (most recent call last):
  File "/home/airflow/.local/lib/python3.12/site-packages/airflow/models/dagbag.py", line 383, in parse
    loader.exec_module(new_module)
  File "<frozen importlib._bootstrap_external>", line 995, in exec_module
  File "<frozen importlib._bootstrap>", line 488, in _call_with_frames_removed
  File "/opt/airflow/dags/dags_conn_test.py", line 10, in <module>
    start_date=pendulum.datetime(2024, 12, 1, tz = "Asiz/Seoul"),
               ^^^^^^^^^^^^^^^^^^^^^^^^^^^^^^^^^^^^^^^^^^^^^^^^^
  File "/home/airflow/.local/lib/python3.12/site-packages/pendulum/__init__.py", line 143, in datetime
    return DateTime.create(
           ^^^^^^^^^^^^^^^^
  File "/home/airflow/.local/lib/python3.12/site-packages/pendulum/datetime.py", line 103, in create
    tz = pendulum._safe_timezone(tz)
         ^^^^^^^^^^^^^^^^^^^^^^^^^^^
  File "/home/airflow/.local/lib/python3.12/site-packages/pendulum/__init__.py", line 124, in _safe_timezone
    return timezone(obj)
           ^^^^^^^^^^^^^
  File "/home/airflow/.local/lib/python3.12/site-packages/pendulum/__init__.py", line 86, in timezone
    return Timezone(name)
           ^^^^^^^^^^^^^^
  File "/home/airflow/.local/lib/python3.12/site-packages/pendulum/tz/timezone.py", line 67, in __new__
    raise InvalidTimezone(key)
pendulum.tz.exceptions.InvalidTimezone: Asiz/Seoul
[2024-12-01T11:54:41.397+0000] {processor.py:927} WARNING - No viable dags retrieved from /opt/airflow/dags/dags_conn_test.py
[2024-12-01T11:54:41.422+0000] {processor.py:208} INFO - Processing /opt/airflow/dags/dags_conn_test.py took 0.059 seconds
[2024-12-01T11:55:11.485+0000] {processor.py:186} INFO - Started process (PID=631) to work on /opt/airflow/dags/dags_conn_test.py
[2024-12-01T11:55:11.486+0000] {processor.py:914} INFO - Processing file /opt/airflow/dags/dags_conn_test.py for tasks to queue
[2024-12-01T11:55:11.488+0000] {logging_mixin.py:190} INFO - [2024-12-01T11:55:11.488+0000] {dagbag.py:588} INFO - Filling up the DagBag from /opt/airflow/dags/dags_conn_test.py
[2024-12-01T11:55:11.505+0000] {logging_mixin.py:190} INFO - [2024-12-01T11:55:11.504+0000] {dagbag.py:387} ERROR - Failed to import: /opt/airflow/dags/dags_conn_test.py
Traceback (most recent call last):
  File "/usr/local/lib/python3.12/zoneinfo/_common.py", line 12, in load_tzdata
    return resources.files(package_name).joinpath(resource_name).open("rb")
           ^^^^^^^^^^^^^^^^^^^^^^^^^^^^^
  File "/usr/local/lib/python3.12/importlib/resources/_common.py", line 46, in wrapper
    return func(anchor)
           ^^^^^^^^^^^^
  File "/usr/local/lib/python3.12/importlib/resources/_common.py", line 56, in files
    return from_package(resolve(anchor))
                        ^^^^^^^^^^^^^^^
  File "/usr/local/lib/python3.12/functools.py", line 907, in wrapper
    return dispatch(args[0].__class__)(*args, **kw)
           ^^^^^^^^^^^^^^^^^^^^^^^^^^^^^^^^^^^^^^^^
  File "/usr/local/lib/python3.12/importlib/resources/_common.py", line 82, in _
    return importlib.import_module(cand)
           ^^^^^^^^^^^^^^^^^^^^^^^^^^^^^
  File "/usr/local/lib/python3.12/importlib/__init__.py", line 90, in import_module
    return _bootstrap._gcd_import(name[level:], package, level)
           ^^^^^^^^^^^^^^^^^^^^^^^^^^^^^^^^^^^^^^^^^^^^^^^^^^^^
  File "<frozen importlib._bootstrap>", line 1387, in _gcd_import
  File "<frozen importlib._bootstrap>", line 1360, in _find_and_load
  File "<frozen importlib._bootstrap>", line 1324, in _find_and_load_unlocked
ModuleNotFoundError: No module named 'tzdata.zoneinfo.Asiz'

During handling of the above exception, another exception occurred:

Traceback (most recent call last):
  File "/home/airflow/.local/lib/python3.12/site-packages/pendulum/tz/timezone.py", line 65, in __new__
    return super().__new__(cls, key)  # type: ignore[call-arg]
           ^^^^^^^^^^^^^^^^^^^^^^^^^
  File "/usr/local/lib/python3.12/zoneinfo/_common.py", line 24, in load_tzdata
    raise ZoneInfoNotFoundError(f"No time zone found with key {key}")
zoneinfo._common.ZoneInfoNotFoundError: 'No time zone found with key Asiz/Seoul'

During handling of the above exception, another exception occurred:

Traceback (most recent call last):
  File "/home/airflow/.local/lib/python3.12/site-packages/airflow/models/dagbag.py", line 383, in parse
    loader.exec_module(new_module)
  File "<frozen importlib._bootstrap_external>", line 995, in exec_module
  File "<frozen importlib._bootstrap>", line 488, in _call_with_frames_removed
  File "/opt/airflow/dags/dags_conn_test.py", line 10, in <module>
    start_date=pendulum.datetime(2024, 12, 1, tz = "Asiz/Seoul"),
               ^^^^^^^^^^^^^^^^^^^^^^^^^^^^^^^^^^^^^^^^^^^^^^^^^
  File "/home/airflow/.local/lib/python3.12/site-packages/pendulum/__init__.py", line 143, in datetime
    return DateTime.create(
           ^^^^^^^^^^^^^^^^
  File "/home/airflow/.local/lib/python3.12/site-packages/pendulum/datetime.py", line 103, in create
    tz = pendulum._safe_timezone(tz)
         ^^^^^^^^^^^^^^^^^^^^^^^^^^^
  File "/home/airflow/.local/lib/python3.12/site-packages/pendulum/__init__.py", line 124, in _safe_timezone
    return timezone(obj)
           ^^^^^^^^^^^^^
  File "/home/airflow/.local/lib/python3.12/site-packages/pendulum/__init__.py", line 86, in timezone
    return Timezone(name)
           ^^^^^^^^^^^^^^
  File "/home/airflow/.local/lib/python3.12/site-packages/pendulum/tz/timezone.py", line 67, in __new__
    raise InvalidTimezone(key)
pendulum.tz.exceptions.InvalidTimezone: Asiz/Seoul
[2024-12-01T11:55:11.514+0000] {processor.py:927} WARNING - No viable dags retrieved from /opt/airflow/dags/dags_conn_test.py
[2024-12-01T11:55:11.562+0000] {processor.py:208} INFO - Processing /opt/airflow/dags/dags_conn_test.py took 0.081 seconds
[2024-12-01T11:55:42.197+0000] {processor.py:186} INFO - Started process (PID=696) to work on /opt/airflow/dags/dags_conn_test.py
[2024-12-01T11:55:42.211+0000] {processor.py:914} INFO - Processing file /opt/airflow/dags/dags_conn_test.py for tasks to queue
[2024-12-01T11:55:42.213+0000] {logging_mixin.py:190} INFO - [2024-12-01T11:55:42.213+0000] {dagbag.py:588} INFO - Filling up the DagBag from /opt/airflow/dags/dags_conn_test.py
[2024-12-01T11:55:42.225+0000] {logging_mixin.py:190} INFO - [2024-12-01T11:55:42.216+0000] {dagbag.py:387} ERROR - Failed to import: /opt/airflow/dags/dags_conn_test.py
Traceback (most recent call last):
  File "/usr/local/lib/python3.12/zoneinfo/_common.py", line 12, in load_tzdata
    return resources.files(package_name).joinpath(resource_name).open("rb")
           ^^^^^^^^^^^^^^^^^^^^^^^^^^^^^
  File "/usr/local/lib/python3.12/importlib/resources/_common.py", line 46, in wrapper
    return func(anchor)
           ^^^^^^^^^^^^
  File "/usr/local/lib/python3.12/importlib/resources/_common.py", line 56, in files
    return from_package(resolve(anchor))
                        ^^^^^^^^^^^^^^^
  File "/usr/local/lib/python3.12/functools.py", line 907, in wrapper
    return dispatch(args[0].__class__)(*args, **kw)
           ^^^^^^^^^^^^^^^^^^^^^^^^^^^^^^^^^^^^^^^^
  File "/usr/local/lib/python3.12/importlib/resources/_common.py", line 82, in _
    return importlib.import_module(cand)
           ^^^^^^^^^^^^^^^^^^^^^^^^^^^^^
  File "/usr/local/lib/python3.12/importlib/__init__.py", line 90, in import_module
    return _bootstrap._gcd_import(name[level:], package, level)
           ^^^^^^^^^^^^^^^^^^^^^^^^^^^^^^^^^^^^^^^^^^^^^^^^^^^^
  File "<frozen importlib._bootstrap>", line 1387, in _gcd_import
  File "<frozen importlib._bootstrap>", line 1360, in _find_and_load
  File "<frozen importlib._bootstrap>", line 1324, in _find_and_load_unlocked
ModuleNotFoundError: No module named 'tzdata.zoneinfo.Asiz'

During handling of the above exception, another exception occurred:

Traceback (most recent call last):
  File "/home/airflow/.local/lib/python3.12/site-packages/pendulum/tz/timezone.py", line 65, in __new__
    return super().__new__(cls, key)  # type: ignore[call-arg]
           ^^^^^^^^^^^^^^^^^^^^^^^^^
  File "/usr/local/lib/python3.12/zoneinfo/_common.py", line 24, in load_tzdata
    raise ZoneInfoNotFoundError(f"No time zone found with key {key}")
zoneinfo._common.ZoneInfoNotFoundError: 'No time zone found with key Asiz/Seoul'

During handling of the above exception, another exception occurred:

Traceback (most recent call last):
  File "/home/airflow/.local/lib/python3.12/site-packages/airflow/models/dagbag.py", line 383, in parse
    loader.exec_module(new_module)
  File "<frozen importlib._bootstrap_external>", line 995, in exec_module
  File "<frozen importlib._bootstrap>", line 488, in _call_with_frames_removed
  File "/opt/airflow/dags/dags_conn_test.py", line 10, in <module>
    start_date=pendulum.datetime(2024, 12, 1, tz = "Asiz/Seoul"),
               ^^^^^^^^^^^^^^^^^^^^^^^^^^^^^^^^^^^^^^^^^^^^^^^^^
  File "/home/airflow/.local/lib/python3.12/site-packages/pendulum/__init__.py", line 143, in datetime
    return DateTime.create(
           ^^^^^^^^^^^^^^^^
  File "/home/airflow/.local/lib/python3.12/site-packages/pendulum/datetime.py", line 103, in create
    tz = pendulum._safe_timezone(tz)
         ^^^^^^^^^^^^^^^^^^^^^^^^^^^
  File "/home/airflow/.local/lib/python3.12/site-packages/pendulum/__init__.py", line 124, in _safe_timezone
    return timezone(obj)
           ^^^^^^^^^^^^^
  File "/home/airflow/.local/lib/python3.12/site-packages/pendulum/__init__.py", line 86, in timezone
    return Timezone(name)
           ^^^^^^^^^^^^^^
  File "/home/airflow/.local/lib/python3.12/site-packages/pendulum/tz/timezone.py", line 67, in __new__
    raise InvalidTimezone(key)
pendulum.tz.exceptions.InvalidTimezone: Asiz/Seoul
[2024-12-01T11:55:42.226+0000] {processor.py:927} WARNING - No viable dags retrieved from /opt/airflow/dags/dags_conn_test.py
[2024-12-01T11:55:42.249+0000] {processor.py:208} INFO - Processing /opt/airflow/dags/dags_conn_test.py took 0.056 seconds
[2024-12-01T11:56:13.031+0000] {processor.py:186} INFO - Started process (PID=761) to work on /opt/airflow/dags/dags_conn_test.py
[2024-12-01T11:56:13.034+0000] {processor.py:914} INFO - Processing file /opt/airflow/dags/dags_conn_test.py for tasks to queue
[2024-12-01T11:56:13.042+0000] {logging_mixin.py:190} INFO - [2024-12-01T11:56:13.042+0000] {dagbag.py:588} INFO - Filling up the DagBag from /opt/airflow/dags/dags_conn_test.py
[2024-12-01T11:56:13.047+0000] {logging_mixin.py:190} INFO - [2024-12-01T11:56:13.045+0000] {dagbag.py:387} ERROR - Failed to import: /opt/airflow/dags/dags_conn_test.py
Traceback (most recent call last):
  File "/usr/local/lib/python3.12/zoneinfo/_common.py", line 12, in load_tzdata
    return resources.files(package_name).joinpath(resource_name).open("rb")
           ^^^^^^^^^^^^^^^^^^^^^^^^^^^^^
  File "/usr/local/lib/python3.12/importlib/resources/_common.py", line 46, in wrapper
    return func(anchor)
           ^^^^^^^^^^^^
  File "/usr/local/lib/python3.12/importlib/resources/_common.py", line 56, in files
    return from_package(resolve(anchor))
                        ^^^^^^^^^^^^^^^
  File "/usr/local/lib/python3.12/functools.py", line 907, in wrapper
    return dispatch(args[0].__class__)(*args, **kw)
           ^^^^^^^^^^^^^^^^^^^^^^^^^^^^^^^^^^^^^^^^
  File "/usr/local/lib/python3.12/importlib/resources/_common.py", line 82, in _
    return importlib.import_module(cand)
           ^^^^^^^^^^^^^^^^^^^^^^^^^^^^^
  File "/usr/local/lib/python3.12/importlib/__init__.py", line 90, in import_module
    return _bootstrap._gcd_import(name[level:], package, level)
           ^^^^^^^^^^^^^^^^^^^^^^^^^^^^^^^^^^^^^^^^^^^^^^^^^^^^
  File "<frozen importlib._bootstrap>", line 1387, in _gcd_import
  File "<frozen importlib._bootstrap>", line 1360, in _find_and_load
  File "<frozen importlib._bootstrap>", line 1324, in _find_and_load_unlocked
ModuleNotFoundError: No module named 'tzdata.zoneinfo.Asiz'

During handling of the above exception, another exception occurred:

Traceback (most recent call last):
  File "/home/airflow/.local/lib/python3.12/site-packages/pendulum/tz/timezone.py", line 65, in __new__
    return super().__new__(cls, key)  # type: ignore[call-arg]
           ^^^^^^^^^^^^^^^^^^^^^^^^^
  File "/usr/local/lib/python3.12/zoneinfo/_common.py", line 24, in load_tzdata
    raise ZoneInfoNotFoundError(f"No time zone found with key {key}")
zoneinfo._common.ZoneInfoNotFoundError: 'No time zone found with key Asiz/Seoul'

During handling of the above exception, another exception occurred:

Traceback (most recent call last):
  File "/home/airflow/.local/lib/python3.12/site-packages/airflow/models/dagbag.py", line 383, in parse
    loader.exec_module(new_module)
  File "<frozen importlib._bootstrap_external>", line 995, in exec_module
  File "<frozen importlib._bootstrap>", line 488, in _call_with_frames_removed
  File "/opt/airflow/dags/dags_conn_test.py", line 10, in <module>
    start_date=pendulum.datetime(2024, 12, 1, tz = "Asiz/Seoul"),
               ^^^^^^^^^^^^^^^^^^^^^^^^^^^^^^^^^^^^^^^^^^^^^^^^^
  File "/home/airflow/.local/lib/python3.12/site-packages/pendulum/__init__.py", line 143, in datetime
    return DateTime.create(
           ^^^^^^^^^^^^^^^^
  File "/home/airflow/.local/lib/python3.12/site-packages/pendulum/datetime.py", line 103, in create
    tz = pendulum._safe_timezone(tz)
         ^^^^^^^^^^^^^^^^^^^^^^^^^^^
  File "/home/airflow/.local/lib/python3.12/site-packages/pendulum/__init__.py", line 124, in _safe_timezone
    return timezone(obj)
           ^^^^^^^^^^^^^
  File "/home/airflow/.local/lib/python3.12/site-packages/pendulum/__init__.py", line 86, in timezone
    return Timezone(name)
           ^^^^^^^^^^^^^^
  File "/home/airflow/.local/lib/python3.12/site-packages/pendulum/tz/timezone.py", line 67, in __new__
    raise InvalidTimezone(key)
pendulum.tz.exceptions.InvalidTimezone: Asiz/Seoul
[2024-12-01T11:56:13.047+0000] {processor.py:927} WARNING - No viable dags retrieved from /opt/airflow/dags/dags_conn_test.py
[2024-12-01T11:56:13.066+0000] {processor.py:208} INFO - Processing /opt/airflow/dags/dags_conn_test.py took 0.039 seconds
[2024-12-01T11:56:16.312+0000] {processor.py:186} INFO - Started process (PID=766) to work on /opt/airflow/dags/dags_conn_test.py
[2024-12-01T11:56:16.313+0000] {processor.py:914} INFO - Processing file /opt/airflow/dags/dags_conn_test.py for tasks to queue
[2024-12-01T11:56:16.315+0000] {logging_mixin.py:190} INFO - [2024-12-01T11:56:16.314+0000] {dagbag.py:588} INFO - Filling up the DagBag from /opt/airflow/dags/dags_conn_test.py
[2024-12-01T11:56:16.320+0000] {processor.py:925} INFO - DAG(s) 'dags_conn_test' retrieved from /opt/airflow/dags/dags_conn_test.py
[2024-12-01T11:56:16.438+0000] {logging_mixin.py:190} INFO - [2024-12-01T11:56:16.437+0000] {override.py:1911} INFO - Created Permission View: can read on DAG:dags_conn_test
[2024-12-01T11:56:16.453+0000] {logging_mixin.py:190} INFO - [2024-12-01T11:56:16.453+0000] {override.py:1911} INFO - Created Permission View: can delete on DAG:dags_conn_test
[2024-12-01T11:56:16.462+0000] {logging_mixin.py:190} INFO - [2024-12-01T11:56:16.462+0000] {override.py:1911} INFO - Created Permission View: can edit on DAG:dags_conn_test
[2024-12-01T11:56:16.475+0000] {logging_mixin.py:190} INFO - [2024-12-01T11:56:16.475+0000] {override.py:1911} INFO - Created Permission View: menu access on DAG Run:dags_conn_test
[2024-12-01T11:56:16.484+0000] {logging_mixin.py:190} INFO - [2024-12-01T11:56:16.484+0000] {override.py:1911} INFO - Created Permission View: can read on DAG Run:dags_conn_test
[2024-12-01T11:56:16.491+0000] {logging_mixin.py:190} INFO - [2024-12-01T11:56:16.491+0000] {override.py:1911} INFO - Created Permission View: can create on DAG Run:dags_conn_test
[2024-12-01T11:56:16.501+0000] {logging_mixin.py:190} INFO - [2024-12-01T11:56:16.501+0000] {override.py:1911} INFO - Created Permission View: can delete on DAG Run:dags_conn_test
[2024-12-01T11:56:16.501+0000] {logging_mixin.py:190} INFO - [2024-12-01T11:56:16.501+0000] {dag.py:3239} INFO - Sync 1 DAGs
[2024-12-01T11:56:16.515+0000] {logging_mixin.py:190} INFO - [2024-12-01T11:56:16.515+0000] {dag.py:3262} INFO - Creating ORM DAG for dags_conn_test
[2024-12-01T11:56:16.516+0000] {logging_mixin.py:190} INFO - [2024-12-01T11:56:16.516+0000] {dag.py:4180} INFO - Setting next_dagrun for dags_conn_test to None, run_after=None
[2024-12-01T11:56:16.545+0000] {processor.py:208} INFO - Processing /opt/airflow/dags/dags_conn_test.py took 0.238 seconds
[2024-12-01T11:56:46.936+0000] {processor.py:186} INFO - Started process (PID=837) to work on /opt/airflow/dags/dags_conn_test.py
[2024-12-01T11:56:46.937+0000] {processor.py:914} INFO - Processing file /opt/airflow/dags/dags_conn_test.py for tasks to queue
[2024-12-01T11:56:46.939+0000] {logging_mixin.py:190} INFO - [2024-12-01T11:56:46.939+0000] {dagbag.py:588} INFO - Filling up the DagBag from /opt/airflow/dags/dags_conn_test.py
[2024-12-01T11:56:46.947+0000] {processor.py:925} INFO - DAG(s) 'dags_conn_test' retrieved from /opt/airflow/dags/dags_conn_test.py
[2024-12-01T11:56:46.976+0000] {logging_mixin.py:190} INFO - [2024-12-01T11:56:46.976+0000] {dag.py:3239} INFO - Sync 1 DAGs
[2024-12-01T11:56:46.990+0000] {logging_mixin.py:190} INFO - [2024-12-01T11:56:46.990+0000] {dag.py:4180} INFO - Setting next_dagrun for dags_conn_test to None, run_after=None
[2024-12-01T11:56:47.010+0000] {processor.py:208} INFO - Processing /opt/airflow/dags/dags_conn_test.py took 0.082 seconds
[2024-12-01T11:57:17.955+0000] {processor.py:186} INFO - Started process (PID=902) to work on /opt/airflow/dags/dags_conn_test.py
[2024-12-01T11:57:17.956+0000] {processor.py:914} INFO - Processing file /opt/airflow/dags/dags_conn_test.py for tasks to queue
[2024-12-01T11:57:17.960+0000] {logging_mixin.py:190} INFO - [2024-12-01T11:57:17.960+0000] {dagbag.py:588} INFO - Filling up the DagBag from /opt/airflow/dags/dags_conn_test.py
[2024-12-01T11:57:17.967+0000] {processor.py:925} INFO - DAG(s) 'dags_conn_test' retrieved from /opt/airflow/dags/dags_conn_test.py
[2024-12-01T11:57:17.985+0000] {logging_mixin.py:190} INFO - [2024-12-01T11:57:17.985+0000] {dag.py:3239} INFO - Sync 1 DAGs
[2024-12-01T11:57:17.998+0000] {logging_mixin.py:190} INFO - [2024-12-01T11:57:17.998+0000] {dag.py:4180} INFO - Setting next_dagrun for dags_conn_test to None, run_after=None
[2024-12-01T11:57:18.017+0000] {processor.py:208} INFO - Processing /opt/airflow/dags/dags_conn_test.py took 0.075 seconds
[2024-12-01T11:57:48.724+0000] {processor.py:186} INFO - Started process (PID=967) to work on /opt/airflow/dags/dags_conn_test.py
[2024-12-01T11:57:48.727+0000] {processor.py:914} INFO - Processing file /opt/airflow/dags/dags_conn_test.py for tasks to queue
[2024-12-01T11:57:48.735+0000] {logging_mixin.py:190} INFO - [2024-12-01T11:57:48.729+0000] {dagbag.py:588} INFO - Filling up the DagBag from /opt/airflow/dags/dags_conn_test.py
[2024-12-01T11:57:48.740+0000] {processor.py:925} INFO - DAG(s) 'dags_conn_test' retrieved from /opt/airflow/dags/dags_conn_test.py
[2024-12-01T11:57:48.765+0000] {logging_mixin.py:190} INFO - [2024-12-01T11:57:48.765+0000] {dag.py:3239} INFO - Sync 1 DAGs
[2024-12-01T11:57:48.781+0000] {logging_mixin.py:190} INFO - [2024-12-01T11:57:48.781+0000] {dag.py:4180} INFO - Setting next_dagrun for dags_conn_test to None, run_after=None
[2024-12-01T11:57:48.813+0000] {processor.py:208} INFO - Processing /opt/airflow/dags/dags_conn_test.py took 0.095 seconds
[2024-12-01T11:58:19.569+0000] {processor.py:186} INFO - Started process (PID=1032) to work on /opt/airflow/dags/dags_conn_test.py
[2024-12-01T11:58:19.571+0000] {processor.py:914} INFO - Processing file /opt/airflow/dags/dags_conn_test.py for tasks to queue
[2024-12-01T11:58:19.573+0000] {logging_mixin.py:190} INFO - [2024-12-01T11:58:19.573+0000] {dagbag.py:588} INFO - Filling up the DagBag from /opt/airflow/dags/dags_conn_test.py
[2024-12-01T11:58:19.579+0000] {processor.py:925} INFO - DAG(s) 'dags_conn_test' retrieved from /opt/airflow/dags/dags_conn_test.py
[2024-12-01T11:58:19.603+0000] {logging_mixin.py:190} INFO - [2024-12-01T11:58:19.603+0000] {dag.py:3239} INFO - Sync 1 DAGs
[2024-12-01T11:58:19.620+0000] {logging_mixin.py:190} INFO - [2024-12-01T11:58:19.620+0000] {dag.py:4180} INFO - Setting next_dagrun for dags_conn_test to None, run_after=None
[2024-12-01T11:58:19.648+0000] {processor.py:208} INFO - Processing /opt/airflow/dags/dags_conn_test.py took 0.092 seconds
[2024-12-01T11:58:50.164+0000] {processor.py:186} INFO - Started process (PID=1097) to work on /opt/airflow/dags/dags_conn_test.py
[2024-12-01T11:58:50.170+0000] {processor.py:914} INFO - Processing file /opt/airflow/dags/dags_conn_test.py for tasks to queue
[2024-12-01T11:58:50.173+0000] {logging_mixin.py:190} INFO - [2024-12-01T11:58:50.173+0000] {dagbag.py:588} INFO - Filling up the DagBag from /opt/airflow/dags/dags_conn_test.py
[2024-12-01T11:58:50.179+0000] {processor.py:925} INFO - DAG(s) 'dags_conn_test' retrieved from /opt/airflow/dags/dags_conn_test.py
[2024-12-01T11:58:50.212+0000] {logging_mixin.py:190} INFO - [2024-12-01T11:58:50.212+0000] {dag.py:3239} INFO - Sync 1 DAGs
[2024-12-01T11:58:50.229+0000] {logging_mixin.py:190} INFO - [2024-12-01T11:58:50.229+0000] {dag.py:4180} INFO - Setting next_dagrun for dags_conn_test to None, run_after=None
[2024-12-01T11:58:50.251+0000] {processor.py:208} INFO - Processing /opt/airflow/dags/dags_conn_test.py took 0.094 seconds
[2024-12-01T11:59:21.036+0000] {processor.py:186} INFO - Started process (PID=1162) to work on /opt/airflow/dags/dags_conn_test.py
[2024-12-01T11:59:21.046+0000] {processor.py:914} INFO - Processing file /opt/airflow/dags/dags_conn_test.py for tasks to queue
[2024-12-01T11:59:21.050+0000] {logging_mixin.py:190} INFO - [2024-12-01T11:59:21.050+0000] {dagbag.py:588} INFO - Filling up the DagBag from /opt/airflow/dags/dags_conn_test.py
[2024-12-01T11:59:21.059+0000] {processor.py:925} INFO - DAG(s) 'dags_conn_test' retrieved from /opt/airflow/dags/dags_conn_test.py
[2024-12-01T11:59:21.080+0000] {logging_mixin.py:190} INFO - [2024-12-01T11:59:21.079+0000] {dag.py:3239} INFO - Sync 1 DAGs
[2024-12-01T11:59:21.098+0000] {logging_mixin.py:190} INFO - [2024-12-01T11:59:21.098+0000] {dag.py:4180} INFO - Setting next_dagrun for dags_conn_test to None, run_after=None
[2024-12-01T11:59:21.116+0000] {processor.py:208} INFO - Processing /opt/airflow/dags/dags_conn_test.py took 0.089 seconds
[2024-12-01T11:59:51.900+0000] {processor.py:186} INFO - Started process (PID=1227) to work on /opt/airflow/dags/dags_conn_test.py
[2024-12-01T11:59:51.902+0000] {processor.py:914} INFO - Processing file /opt/airflow/dags/dags_conn_test.py for tasks to queue
[2024-12-01T11:59:51.904+0000] {logging_mixin.py:190} INFO - [2024-12-01T11:59:51.904+0000] {dagbag.py:588} INFO - Filling up the DagBag from /opt/airflow/dags/dags_conn_test.py
[2024-12-01T11:59:51.920+0000] {processor.py:925} INFO - DAG(s) 'dags_conn_test' retrieved from /opt/airflow/dags/dags_conn_test.py
[2024-12-01T11:59:51.940+0000] {logging_mixin.py:190} INFO - [2024-12-01T11:59:51.940+0000] {dag.py:3239} INFO - Sync 1 DAGs
[2024-12-01T11:59:51.953+0000] {logging_mixin.py:190} INFO - [2024-12-01T11:59:51.953+0000] {dag.py:4180} INFO - Setting next_dagrun for dags_conn_test to None, run_after=None
[2024-12-01T11:59:51.967+0000] {processor.py:208} INFO - Processing /opt/airflow/dags/dags_conn_test.py took 0.072 seconds
[2024-12-01T12:00:22.604+0000] {processor.py:186} INFO - Started process (PID=1292) to work on /opt/airflow/dags/dags_conn_test.py
[2024-12-01T12:00:22.607+0000] {processor.py:914} INFO - Processing file /opt/airflow/dags/dags_conn_test.py for tasks to queue
[2024-12-01T12:00:22.611+0000] {logging_mixin.py:190} INFO - [2024-12-01T12:00:22.610+0000] {dagbag.py:588} INFO - Filling up the DagBag from /opt/airflow/dags/dags_conn_test.py
[2024-12-01T12:00:22.618+0000] {processor.py:925} INFO - DAG(s) 'dags_conn_test' retrieved from /opt/airflow/dags/dags_conn_test.py
[2024-12-01T12:00:22.638+0000] {logging_mixin.py:190} INFO - [2024-12-01T12:00:22.638+0000] {dag.py:3239} INFO - Sync 1 DAGs
[2024-12-01T12:00:22.651+0000] {logging_mixin.py:190} INFO - [2024-12-01T12:00:22.651+0000] {dag.py:4180} INFO - Setting next_dagrun for dags_conn_test to None, run_after=None
[2024-12-01T12:00:22.667+0000] {processor.py:208} INFO - Processing /opt/airflow/dags/dags_conn_test.py took 0.078 seconds
[2024-12-01T12:00:53.596+0000] {processor.py:186} INFO - Started process (PID=1357) to work on /opt/airflow/dags/dags_conn_test.py
[2024-12-01T12:00:53.607+0000] {processor.py:914} INFO - Processing file /opt/airflow/dags/dags_conn_test.py for tasks to queue
[2024-12-01T12:00:53.608+0000] {logging_mixin.py:190} INFO - [2024-12-01T12:00:53.608+0000] {dagbag.py:588} INFO - Filling up the DagBag from /opt/airflow/dags/dags_conn_test.py
[2024-12-01T12:00:53.615+0000] {processor.py:925} INFO - DAG(s) 'dags_conn_test' retrieved from /opt/airflow/dags/dags_conn_test.py
[2024-12-01T12:00:53.642+0000] {logging_mixin.py:190} INFO - [2024-12-01T12:00:53.641+0000] {dag.py:3239} INFO - Sync 1 DAGs
[2024-12-01T12:00:53.653+0000] {logging_mixin.py:190} INFO - [2024-12-01T12:00:53.653+0000] {dag.py:4180} INFO - Setting next_dagrun for dags_conn_test to None, run_after=None
[2024-12-01T12:00:53.677+0000] {processor.py:208} INFO - Processing /opt/airflow/dags/dags_conn_test.py took 0.092 seconds
[2024-12-01T12:01:23.720+0000] {processor.py:186} INFO - Started process (PID=1421) to work on /opt/airflow/dags/dags_conn_test.py
[2024-12-01T12:01:23.730+0000] {processor.py:914} INFO - Processing file /opt/airflow/dags/dags_conn_test.py for tasks to queue
[2024-12-01T12:01:23.732+0000] {logging_mixin.py:190} INFO - [2024-12-01T12:01:23.732+0000] {dagbag.py:588} INFO - Filling up the DagBag from /opt/airflow/dags/dags_conn_test.py
[2024-12-01T12:01:23.737+0000] {processor.py:925} INFO - DAG(s) 'dags_conn_test' retrieved from /opt/airflow/dags/dags_conn_test.py
[2024-12-01T12:01:23.762+0000] {logging_mixin.py:190} INFO - [2024-12-01T12:01:23.762+0000] {dag.py:3239} INFO - Sync 1 DAGs
[2024-12-01T12:01:23.772+0000] {logging_mixin.py:190} INFO - [2024-12-01T12:01:23.772+0000] {dag.py:4180} INFO - Setting next_dagrun for dags_conn_test to None, run_after=None
[2024-12-01T12:01:23.794+0000] {processor.py:208} INFO - Processing /opt/airflow/dags/dags_conn_test.py took 0.082 seconds
[2024-12-01T12:01:53.878+0000] {processor.py:186} INFO - Started process (PID=1485) to work on /opt/airflow/dags/dags_conn_test.py
[2024-12-01T12:01:53.880+0000] {processor.py:914} INFO - Processing file /opt/airflow/dags/dags_conn_test.py for tasks to queue
[2024-12-01T12:01:53.888+0000] {logging_mixin.py:190} INFO - [2024-12-01T12:01:53.887+0000] {dagbag.py:588} INFO - Filling up the DagBag from /opt/airflow/dags/dags_conn_test.py
[2024-12-01T12:01:53.896+0000] {processor.py:925} INFO - DAG(s) 'dags_conn_test' retrieved from /opt/airflow/dags/dags_conn_test.py
[2024-12-01T12:01:53.916+0000] {logging_mixin.py:190} INFO - [2024-12-01T12:01:53.915+0000] {dag.py:3239} INFO - Sync 1 DAGs
[2024-12-01T12:01:53.928+0000] {logging_mixin.py:190} INFO - [2024-12-01T12:01:53.927+0000] {dag.py:4180} INFO - Setting next_dagrun for dags_conn_test to None, run_after=None
[2024-12-01T12:01:53.952+0000] {processor.py:208} INFO - Processing /opt/airflow/dags/dags_conn_test.py took 0.087 seconds
[2024-12-01T12:02:24.026+0000] {processor.py:186} INFO - Started process (PID=1550) to work on /opt/airflow/dags/dags_conn_test.py
[2024-12-01T12:02:24.028+0000] {processor.py:914} INFO - Processing file /opt/airflow/dags/dags_conn_test.py for tasks to queue
[2024-12-01T12:02:24.030+0000] {logging_mixin.py:190} INFO - [2024-12-01T12:02:24.030+0000] {dagbag.py:588} INFO - Filling up the DagBag from /opt/airflow/dags/dags_conn_test.py
[2024-12-01T12:02:24.040+0000] {processor.py:925} INFO - DAG(s) 'dags_conn_test' retrieved from /opt/airflow/dags/dags_conn_test.py
[2024-12-01T12:02:24.057+0000] {logging_mixin.py:190} INFO - [2024-12-01T12:02:24.057+0000] {dag.py:3239} INFO - Sync 1 DAGs
[2024-12-01T12:02:24.071+0000] {logging_mixin.py:190} INFO - [2024-12-01T12:02:24.071+0000] {dag.py:4180} INFO - Setting next_dagrun for dags_conn_test to None, run_after=None
[2024-12-01T12:02:24.111+0000] {processor.py:208} INFO - Processing /opt/airflow/dags/dags_conn_test.py took 0.089 seconds
[2024-12-01T12:02:54.383+0000] {processor.py:186} INFO - Started process (PID=1614) to work on /opt/airflow/dags/dags_conn_test.py
[2024-12-01T12:02:54.384+0000] {processor.py:914} INFO - Processing file /opt/airflow/dags/dags_conn_test.py for tasks to queue
[2024-12-01T12:02:54.386+0000] {logging_mixin.py:190} INFO - [2024-12-01T12:02:54.386+0000] {dagbag.py:588} INFO - Filling up the DagBag from /opt/airflow/dags/dags_conn_test.py
[2024-12-01T12:02:54.392+0000] {processor.py:925} INFO - DAG(s) 'dags_conn_test' retrieved from /opt/airflow/dags/dags_conn_test.py
[2024-12-01T12:02:54.409+0000] {logging_mixin.py:190} INFO - [2024-12-01T12:02:54.408+0000] {dag.py:3239} INFO - Sync 1 DAGs
[2024-12-01T12:02:54.419+0000] {logging_mixin.py:190} INFO - [2024-12-01T12:02:54.419+0000] {dag.py:4180} INFO - Setting next_dagrun for dags_conn_test to None, run_after=None
[2024-12-01T12:02:54.446+0000] {processor.py:208} INFO - Processing /opt/airflow/dags/dags_conn_test.py took 0.079 seconds
[2024-12-01T12:03:24.542+0000] {processor.py:186} INFO - Started process (PID=1679) to work on /opt/airflow/dags/dags_conn_test.py
[2024-12-01T12:03:24.546+0000] {processor.py:914} INFO - Processing file /opt/airflow/dags/dags_conn_test.py for tasks to queue
[2024-12-01T12:03:24.548+0000] {logging_mixin.py:190} INFO - [2024-12-01T12:03:24.548+0000] {dagbag.py:588} INFO - Filling up the DagBag from /opt/airflow/dags/dags_conn_test.py
[2024-12-01T12:03:24.560+0000] {processor.py:925} INFO - DAG(s) 'dags_conn_test' retrieved from /opt/airflow/dags/dags_conn_test.py
[2024-12-01T12:03:24.581+0000] {logging_mixin.py:190} INFO - [2024-12-01T12:03:24.581+0000] {dag.py:3239} INFO - Sync 1 DAGs
[2024-12-01T12:03:24.595+0000] {logging_mixin.py:190} INFO - [2024-12-01T12:03:24.595+0000] {dag.py:4180} INFO - Setting next_dagrun for dags_conn_test to None, run_after=None
[2024-12-01T12:03:24.625+0000] {processor.py:208} INFO - Processing /opt/airflow/dags/dags_conn_test.py took 0.087 seconds
[2024-12-01T12:03:54.982+0000] {processor.py:186} INFO - Started process (PID=1744) to work on /opt/airflow/dags/dags_conn_test.py
[2024-12-01T12:03:54.988+0000] {processor.py:914} INFO - Processing file /opt/airflow/dags/dags_conn_test.py for tasks to queue
[2024-12-01T12:03:54.990+0000] {logging_mixin.py:190} INFO - [2024-12-01T12:03:54.990+0000] {dagbag.py:588} INFO - Filling up the DagBag from /opt/airflow/dags/dags_conn_test.py
[2024-12-01T12:03:54.997+0000] {processor.py:925} INFO - DAG(s) 'dags_conn_test' retrieved from /opt/airflow/dags/dags_conn_test.py
[2024-12-01T12:03:55.016+0000] {logging_mixin.py:190} INFO - [2024-12-01T12:03:55.015+0000] {dag.py:3239} INFO - Sync 1 DAGs
[2024-12-01T12:03:55.027+0000] {logging_mixin.py:190} INFO - [2024-12-01T12:03:55.026+0000] {dag.py:4180} INFO - Setting next_dagrun for dags_conn_test to None, run_after=None
[2024-12-01T12:03:55.050+0000] {processor.py:208} INFO - Processing /opt/airflow/dags/dags_conn_test.py took 0.073 seconds
[2024-12-01T12:04:25.725+0000] {processor.py:186} INFO - Started process (PID=1808) to work on /opt/airflow/dags/dags_conn_test.py
[2024-12-01T12:04:25.735+0000] {processor.py:914} INFO - Processing file /opt/airflow/dags/dags_conn_test.py for tasks to queue
[2024-12-01T12:04:25.737+0000] {logging_mixin.py:190} INFO - [2024-12-01T12:04:25.737+0000] {dagbag.py:588} INFO - Filling up the DagBag from /opt/airflow/dags/dags_conn_test.py
[2024-12-01T12:04:25.743+0000] {processor.py:925} INFO - DAG(s) 'dags_conn_test' retrieved from /opt/airflow/dags/dags_conn_test.py
[2024-12-01T12:04:25.763+0000] {logging_mixin.py:190} INFO - [2024-12-01T12:04:25.762+0000] {dag.py:3239} INFO - Sync 1 DAGs
[2024-12-01T12:04:25.774+0000] {logging_mixin.py:190} INFO - [2024-12-01T12:04:25.774+0000] {dag.py:4180} INFO - Setting next_dagrun for dags_conn_test to None, run_after=None
[2024-12-01T12:04:25.791+0000] {processor.py:208} INFO - Processing /opt/airflow/dags/dags_conn_test.py took 0.071 seconds
[2024-12-01T12:04:56.620+0000] {processor.py:186} INFO - Started process (PID=1873) to work on /opt/airflow/dags/dags_conn_test.py
[2024-12-01T12:04:56.629+0000] {processor.py:914} INFO - Processing file /opt/airflow/dags/dags_conn_test.py for tasks to queue
[2024-12-01T12:04:56.637+0000] {logging_mixin.py:190} INFO - [2024-12-01T12:04:56.636+0000] {dagbag.py:588} INFO - Filling up the DagBag from /opt/airflow/dags/dags_conn_test.py
[2024-12-01T12:04:56.651+0000] {processor.py:925} INFO - DAG(s) 'dags_conn_test' retrieved from /opt/airflow/dags/dags_conn_test.py
[2024-12-01T12:04:56.670+0000] {logging_mixin.py:190} INFO - [2024-12-01T12:04:56.670+0000] {dag.py:3239} INFO - Sync 1 DAGs
[2024-12-01T12:04:56.682+0000] {logging_mixin.py:190} INFO - [2024-12-01T12:04:56.681+0000] {dag.py:4180} INFO - Setting next_dagrun for dags_conn_test to None, run_after=None
[2024-12-01T12:04:56.698+0000] {processor.py:208} INFO - Processing /opt/airflow/dags/dags_conn_test.py took 0.083 seconds
[2024-12-01T12:05:26.829+0000] {processor.py:186} INFO - Started process (PID=1938) to work on /opt/airflow/dags/dags_conn_test.py
[2024-12-01T12:05:26.840+0000] {processor.py:914} INFO - Processing file /opt/airflow/dags/dags_conn_test.py for tasks to queue
[2024-12-01T12:05:26.842+0000] {logging_mixin.py:190} INFO - [2024-12-01T12:05:26.842+0000] {dagbag.py:588} INFO - Filling up the DagBag from /opt/airflow/dags/dags_conn_test.py
[2024-12-01T12:05:26.858+0000] {processor.py:925} INFO - DAG(s) 'dags_conn_test' retrieved from /opt/airflow/dags/dags_conn_test.py
[2024-12-01T12:05:26.882+0000] {logging_mixin.py:190} INFO - [2024-12-01T12:05:26.882+0000] {dag.py:3239} INFO - Sync 1 DAGs
[2024-12-01T12:05:26.901+0000] {logging_mixin.py:190} INFO - [2024-12-01T12:05:26.901+0000] {dag.py:4180} INFO - Setting next_dagrun for dags_conn_test to None, run_after=None
[2024-12-01T12:05:26.930+0000] {processor.py:208} INFO - Processing /opt/airflow/dags/dags_conn_test.py took 0.106 seconds
[2024-12-01T12:05:57.310+0000] {processor.py:186} INFO - Started process (PID=2003) to work on /opt/airflow/dags/dags_conn_test.py
[2024-12-01T12:05:57.316+0000] {processor.py:914} INFO - Processing file /opt/airflow/dags/dags_conn_test.py for tasks to queue
[2024-12-01T12:05:57.318+0000] {logging_mixin.py:190} INFO - [2024-12-01T12:05:57.317+0000] {dagbag.py:588} INFO - Filling up the DagBag from /opt/airflow/dags/dags_conn_test.py
[2024-12-01T12:05:57.323+0000] {processor.py:925} INFO - DAG(s) 'dags_conn_test' retrieved from /opt/airflow/dags/dags_conn_test.py
[2024-12-01T12:05:57.342+0000] {logging_mixin.py:190} INFO - [2024-12-01T12:05:57.342+0000] {dag.py:3239} INFO - Sync 1 DAGs
[2024-12-01T12:05:57.357+0000] {logging_mixin.py:190} INFO - [2024-12-01T12:05:57.357+0000] {dag.py:4180} INFO - Setting next_dagrun for dags_conn_test to None, run_after=None
[2024-12-01T12:05:57.379+0000] {processor.py:208} INFO - Processing /opt/airflow/dags/dags_conn_test.py took 0.087 seconds
[2024-12-01T12:06:27.542+0000] {processor.py:186} INFO - Started process (PID=2068) to work on /opt/airflow/dags/dags_conn_test.py
[2024-12-01T12:06:27.553+0000] {processor.py:914} INFO - Processing file /opt/airflow/dags/dags_conn_test.py for tasks to queue
[2024-12-01T12:06:27.556+0000] {logging_mixin.py:190} INFO - [2024-12-01T12:06:27.555+0000] {dagbag.py:588} INFO - Filling up the DagBag from /opt/airflow/dags/dags_conn_test.py
[2024-12-01T12:06:27.566+0000] {processor.py:925} INFO - DAG(s) 'dags_conn_test' retrieved from /opt/airflow/dags/dags_conn_test.py
[2024-12-01T12:06:27.582+0000] {logging_mixin.py:190} INFO - [2024-12-01T12:06:27.581+0000] {dag.py:3239} INFO - Sync 1 DAGs
[2024-12-01T12:06:27.592+0000] {logging_mixin.py:190} INFO - [2024-12-01T12:06:27.592+0000] {dag.py:4180} INFO - Setting next_dagrun for dags_conn_test to None, run_after=None
[2024-12-01T12:06:27.609+0000] {processor.py:208} INFO - Processing /opt/airflow/dags/dags_conn_test.py took 0.082 seconds
[2024-12-01T12:06:57.873+0000] {processor.py:186} INFO - Started process (PID=2133) to work on /opt/airflow/dags/dags_conn_test.py
[2024-12-01T12:06:57.879+0000] {processor.py:914} INFO - Processing file /opt/airflow/dags/dags_conn_test.py for tasks to queue
[2024-12-01T12:06:57.881+0000] {logging_mixin.py:190} INFO - [2024-12-01T12:06:57.881+0000] {dagbag.py:588} INFO - Filling up the DagBag from /opt/airflow/dags/dags_conn_test.py
[2024-12-01T12:06:57.887+0000] {processor.py:925} INFO - DAG(s) 'dags_conn_test' retrieved from /opt/airflow/dags/dags_conn_test.py
[2024-12-01T12:06:57.907+0000] {logging_mixin.py:190} INFO - [2024-12-01T12:06:57.907+0000] {dag.py:3239} INFO - Sync 1 DAGs
[2024-12-01T12:06:57.918+0000] {logging_mixin.py:190} INFO - [2024-12-01T12:06:57.917+0000] {dag.py:4180} INFO - Setting next_dagrun for dags_conn_test to None, run_after=None
[2024-12-01T12:06:57.936+0000] {processor.py:208} INFO - Processing /opt/airflow/dags/dags_conn_test.py took 0.078 seconds
[2024-12-01T12:07:28.594+0000] {processor.py:186} INFO - Started process (PID=2197) to work on /opt/airflow/dags/dags_conn_test.py
[2024-12-01T12:07:28.596+0000] {processor.py:914} INFO - Processing file /opt/airflow/dags/dags_conn_test.py for tasks to queue
[2024-12-01T12:07:28.599+0000] {logging_mixin.py:190} INFO - [2024-12-01T12:07:28.598+0000] {dagbag.py:588} INFO - Filling up the DagBag from /opt/airflow/dags/dags_conn_test.py
[2024-12-01T12:07:28.607+0000] {processor.py:925} INFO - DAG(s) 'dags_conn_test' retrieved from /opt/airflow/dags/dags_conn_test.py
[2024-12-01T12:07:28.629+0000] {logging_mixin.py:190} INFO - [2024-12-01T12:07:28.629+0000] {dag.py:3239} INFO - Sync 1 DAGs
[2024-12-01T12:07:28.641+0000] {logging_mixin.py:190} INFO - [2024-12-01T12:07:28.641+0000] {dag.py:4180} INFO - Setting next_dagrun for dags_conn_test to None, run_after=None
[2024-12-01T12:07:28.660+0000] {processor.py:208} INFO - Processing /opt/airflow/dags/dags_conn_test.py took 0.081 seconds
[2024-12-01T12:07:59.107+0000] {processor.py:186} INFO - Started process (PID=2262) to work on /opt/airflow/dags/dags_conn_test.py
[2024-12-01T12:07:59.115+0000] {processor.py:914} INFO - Processing file /opt/airflow/dags/dags_conn_test.py for tasks to queue
[2024-12-01T12:07:59.119+0000] {logging_mixin.py:190} INFO - [2024-12-01T12:07:59.119+0000] {dagbag.py:588} INFO - Filling up the DagBag from /opt/airflow/dags/dags_conn_test.py
[2024-12-01T12:07:59.131+0000] {processor.py:925} INFO - DAG(s) 'dags_conn_test' retrieved from /opt/airflow/dags/dags_conn_test.py
[2024-12-01T12:07:59.152+0000] {logging_mixin.py:190} INFO - [2024-12-01T12:07:59.152+0000] {dag.py:3239} INFO - Sync 1 DAGs
[2024-12-01T12:07:59.163+0000] {logging_mixin.py:190} INFO - [2024-12-01T12:07:59.162+0000] {dag.py:4180} INFO - Setting next_dagrun for dags_conn_test to None, run_after=None
[2024-12-01T12:07:59.177+0000] {processor.py:208} INFO - Processing /opt/airflow/dags/dags_conn_test.py took 0.081 seconds
[2024-12-01T12:08:29.558+0000] {processor.py:186} INFO - Started process (PID=2327) to work on /opt/airflow/dags/dags_conn_test.py
[2024-12-01T12:08:29.568+0000] {processor.py:914} INFO - Processing file /opt/airflow/dags/dags_conn_test.py for tasks to queue
[2024-12-01T12:08:29.572+0000] {logging_mixin.py:190} INFO - [2024-12-01T12:08:29.571+0000] {dagbag.py:588} INFO - Filling up the DagBag from /opt/airflow/dags/dags_conn_test.py
[2024-12-01T12:08:29.580+0000] {processor.py:925} INFO - DAG(s) 'dags_conn_test' retrieved from /opt/airflow/dags/dags_conn_test.py
[2024-12-01T12:08:29.609+0000] {logging_mixin.py:190} INFO - [2024-12-01T12:08:29.609+0000] {dag.py:3239} INFO - Sync 1 DAGs
[2024-12-01T12:08:29.625+0000] {logging_mixin.py:190} INFO - [2024-12-01T12:08:29.625+0000] {dag.py:4180} INFO - Setting next_dagrun for dags_conn_test to None, run_after=None
[2024-12-01T12:08:29.639+0000] {processor.py:208} INFO - Processing /opt/airflow/dags/dags_conn_test.py took 0.093 seconds
[2024-12-01T12:08:59.950+0000] {processor.py:186} INFO - Started process (PID=2392) to work on /opt/airflow/dags/dags_conn_test.py
[2024-12-01T12:08:59.963+0000] {processor.py:914} INFO - Processing file /opt/airflow/dags/dags_conn_test.py for tasks to queue
[2024-12-01T12:08:59.966+0000] {logging_mixin.py:190} INFO - [2024-12-01T12:08:59.965+0000] {dagbag.py:588} INFO - Filling up the DagBag from /opt/airflow/dags/dags_conn_test.py
[2024-12-01T12:08:59.973+0000] {processor.py:925} INFO - DAG(s) 'dags_conn_test' retrieved from /opt/airflow/dags/dags_conn_test.py
[2024-12-01T12:09:00.010+0000] {logging_mixin.py:190} INFO - [2024-12-01T12:09:00.010+0000] {dag.py:3239} INFO - Sync 1 DAGs
[2024-12-01T12:09:00.023+0000] {logging_mixin.py:190} INFO - [2024-12-01T12:09:00.023+0000] {dag.py:4180} INFO - Setting next_dagrun for dags_conn_test to None, run_after=None
[2024-12-01T12:09:00.047+0000] {processor.py:208} INFO - Processing /opt/airflow/dags/dags_conn_test.py took 0.103 seconds
[2024-12-01T12:09:30.511+0000] {processor.py:186} INFO - Started process (PID=2457) to work on /opt/airflow/dags/dags_conn_test.py
[2024-12-01T12:09:30.514+0000] {processor.py:914} INFO - Processing file /opt/airflow/dags/dags_conn_test.py for tasks to queue
[2024-12-01T12:09:30.517+0000] {logging_mixin.py:190} INFO - [2024-12-01T12:09:30.516+0000] {dagbag.py:588} INFO - Filling up the DagBag from /opt/airflow/dags/dags_conn_test.py
[2024-12-01T12:09:30.525+0000] {processor.py:925} INFO - DAG(s) 'dags_conn_test' retrieved from /opt/airflow/dags/dags_conn_test.py
[2024-12-01T12:09:30.549+0000] {logging_mixin.py:190} INFO - [2024-12-01T12:09:30.549+0000] {dag.py:3239} INFO - Sync 1 DAGs
[2024-12-01T12:09:30.568+0000] {logging_mixin.py:190} INFO - [2024-12-01T12:09:30.568+0000] {dag.py:4180} INFO - Setting next_dagrun for dags_conn_test to None, run_after=None
[2024-12-01T12:09:30.588+0000] {processor.py:208} INFO - Processing /opt/airflow/dags/dags_conn_test.py took 0.094 seconds
[2024-12-01T12:10:00.738+0000] {processor.py:186} INFO - Started process (PID=2522) to work on /opt/airflow/dags/dags_conn_test.py
[2024-12-01T12:10:00.740+0000] {processor.py:914} INFO - Processing file /opt/airflow/dags/dags_conn_test.py for tasks to queue
[2024-12-01T12:10:00.742+0000] {logging_mixin.py:190} INFO - [2024-12-01T12:10:00.742+0000] {dagbag.py:588} INFO - Filling up the DagBag from /opt/airflow/dags/dags_conn_test.py
[2024-12-01T12:10:00.748+0000] {processor.py:925} INFO - DAG(s) 'dags_conn_test' retrieved from /opt/airflow/dags/dags_conn_test.py
[2024-12-01T12:10:00.768+0000] {logging_mixin.py:190} INFO - [2024-12-01T12:10:00.768+0000] {dag.py:3239} INFO - Sync 1 DAGs
[2024-12-01T12:10:00.780+0000] {logging_mixin.py:190} INFO - [2024-12-01T12:10:00.780+0000] {dag.py:4180} INFO - Setting next_dagrun for dags_conn_test to None, run_after=None
[2024-12-01T12:10:00.800+0000] {processor.py:208} INFO - Processing /opt/airflow/dags/dags_conn_test.py took 0.079 seconds
[2024-12-01T12:10:31.224+0000] {processor.py:186} INFO - Started process (PID=2587) to work on /opt/airflow/dags/dags_conn_test.py
[2024-12-01T12:10:31.235+0000] {processor.py:914} INFO - Processing file /opt/airflow/dags/dags_conn_test.py for tasks to queue
[2024-12-01T12:10:31.238+0000] {logging_mixin.py:190} INFO - [2024-12-01T12:10:31.238+0000] {dagbag.py:588} INFO - Filling up the DagBag from /opt/airflow/dags/dags_conn_test.py
[2024-12-01T12:10:31.246+0000] {processor.py:925} INFO - DAG(s) 'dags_conn_test' retrieved from /opt/airflow/dags/dags_conn_test.py
[2024-12-01T12:10:31.263+0000] {logging_mixin.py:190} INFO - [2024-12-01T12:10:31.263+0000] {dag.py:3239} INFO - Sync 1 DAGs
[2024-12-01T12:10:31.278+0000] {logging_mixin.py:190} INFO - [2024-12-01T12:10:31.278+0000] {dag.py:4180} INFO - Setting next_dagrun for dags_conn_test to None, run_after=None
[2024-12-01T12:10:31.308+0000] {processor.py:208} INFO - Processing /opt/airflow/dags/dags_conn_test.py took 0.090 seconds
[2024-12-01T12:11:01.518+0000] {processor.py:186} INFO - Started process (PID=2651) to work on /opt/airflow/dags/dags_conn_test.py
[2024-12-01T12:11:01.526+0000] {processor.py:914} INFO - Processing file /opt/airflow/dags/dags_conn_test.py for tasks to queue
[2024-12-01T12:11:01.528+0000] {logging_mixin.py:190} INFO - [2024-12-01T12:11:01.528+0000] {dagbag.py:588} INFO - Filling up the DagBag from /opt/airflow/dags/dags_conn_test.py
[2024-12-01T12:11:01.534+0000] {processor.py:925} INFO - DAG(s) 'dags_conn_test' retrieved from /opt/airflow/dags/dags_conn_test.py
[2024-12-01T12:11:01.553+0000] {logging_mixin.py:190} INFO - [2024-12-01T12:11:01.553+0000] {dag.py:3239} INFO - Sync 1 DAGs
[2024-12-01T12:11:01.564+0000] {logging_mixin.py:190} INFO - [2024-12-01T12:11:01.563+0000] {dag.py:4180} INFO - Setting next_dagrun for dags_conn_test to None, run_after=None
[2024-12-01T12:11:01.582+0000] {processor.py:208} INFO - Processing /opt/airflow/dags/dags_conn_test.py took 0.073 seconds
[2024-12-01T12:11:31.678+0000] {processor.py:186} INFO - Started process (PID=2715) to work on /opt/airflow/dags/dags_conn_test.py
[2024-12-01T12:11:31.679+0000] {processor.py:914} INFO - Processing file /opt/airflow/dags/dags_conn_test.py for tasks to queue
[2024-12-01T12:11:31.681+0000] {logging_mixin.py:190} INFO - [2024-12-01T12:11:31.681+0000] {dagbag.py:588} INFO - Filling up the DagBag from /opt/airflow/dags/dags_conn_test.py
[2024-12-01T12:11:31.687+0000] {processor.py:925} INFO - DAG(s) 'dags_conn_test' retrieved from /opt/airflow/dags/dags_conn_test.py
[2024-12-01T12:11:31.707+0000] {logging_mixin.py:190} INFO - [2024-12-01T12:11:31.706+0000] {dag.py:3239} INFO - Sync 1 DAGs
[2024-12-01T12:11:31.722+0000] {logging_mixin.py:190} INFO - [2024-12-01T12:11:31.721+0000] {dag.py:4180} INFO - Setting next_dagrun for dags_conn_test to None, run_after=None
[2024-12-01T12:11:31.743+0000] {processor.py:208} INFO - Processing /opt/airflow/dags/dags_conn_test.py took 0.080 seconds
[2024-12-01T12:12:02.200+0000] {processor.py:186} INFO - Started process (PID=2780) to work on /opt/airflow/dags/dags_conn_test.py
[2024-12-01T12:12:02.202+0000] {processor.py:914} INFO - Processing file /opt/airflow/dags/dags_conn_test.py for tasks to queue
[2024-12-01T12:12:02.204+0000] {logging_mixin.py:190} INFO - [2024-12-01T12:12:02.204+0000] {dagbag.py:588} INFO - Filling up the DagBag from /opt/airflow/dags/dags_conn_test.py
[2024-12-01T12:12:02.215+0000] {processor.py:925} INFO - DAG(s) 'dags_conn_test' retrieved from /opt/airflow/dags/dags_conn_test.py
[2024-12-01T12:12:02.235+0000] {logging_mixin.py:190} INFO - [2024-12-01T12:12:02.235+0000] {dag.py:3239} INFO - Sync 1 DAGs
[2024-12-01T12:12:02.244+0000] {logging_mixin.py:190} INFO - [2024-12-01T12:12:02.244+0000] {dag.py:4180} INFO - Setting next_dagrun for dags_conn_test to None, run_after=None
[2024-12-01T12:12:02.258+0000] {processor.py:208} INFO - Processing /opt/airflow/dags/dags_conn_test.py took 0.067 seconds
[2024-12-01T12:12:32.679+0000] {processor.py:186} INFO - Started process (PID=2845) to work on /opt/airflow/dags/dags_conn_test.py
[2024-12-01T12:12:32.681+0000] {processor.py:914} INFO - Processing file /opt/airflow/dags/dags_conn_test.py for tasks to queue
[2024-12-01T12:12:32.685+0000] {logging_mixin.py:190} INFO - [2024-12-01T12:12:32.684+0000] {dagbag.py:588} INFO - Filling up the DagBag from /opt/airflow/dags/dags_conn_test.py
[2024-12-01T12:12:32.695+0000] {processor.py:925} INFO - DAG(s) 'dags_conn_test' retrieved from /opt/airflow/dags/dags_conn_test.py
[2024-12-01T12:12:32.719+0000] {logging_mixin.py:190} INFO - [2024-12-01T12:12:32.719+0000] {dag.py:3239} INFO - Sync 1 DAGs
[2024-12-01T12:12:32.731+0000] {logging_mixin.py:190} INFO - [2024-12-01T12:12:32.731+0000] {dag.py:4180} INFO - Setting next_dagrun for dags_conn_test to None, run_after=None
[2024-12-01T12:12:32.748+0000] {processor.py:208} INFO - Processing /opt/airflow/dags/dags_conn_test.py took 0.091 seconds
[2024-12-01T12:13:03.209+0000] {processor.py:186} INFO - Started process (PID=2910) to work on /opt/airflow/dags/dags_conn_test.py
[2024-12-01T12:13:03.210+0000] {processor.py:914} INFO - Processing file /opt/airflow/dags/dags_conn_test.py for tasks to queue
[2024-12-01T12:13:03.212+0000] {logging_mixin.py:190} INFO - [2024-12-01T12:13:03.211+0000] {dagbag.py:588} INFO - Filling up the DagBag from /opt/airflow/dags/dags_conn_test.py
[2024-12-01T12:13:03.218+0000] {processor.py:925} INFO - DAG(s) 'dags_conn_test' retrieved from /opt/airflow/dags/dags_conn_test.py
[2024-12-01T12:13:03.264+0000] {logging_mixin.py:190} INFO - [2024-12-01T12:13:03.263+0000] {dag.py:3239} INFO - Sync 1 DAGs
[2024-12-01T12:13:03.280+0000] {logging_mixin.py:190} INFO - [2024-12-01T12:13:03.280+0000] {dag.py:4180} INFO - Setting next_dagrun for dags_conn_test to None, run_after=None
[2024-12-01T12:13:03.295+0000] {processor.py:208} INFO - Processing /opt/airflow/dags/dags_conn_test.py took 0.093 seconds
[2024-12-01T12:13:33.590+0000] {processor.py:186} INFO - Started process (PID=2966) to work on /opt/airflow/dags/dags_conn_test.py
[2024-12-01T12:13:33.591+0000] {processor.py:914} INFO - Processing file /opt/airflow/dags/dags_conn_test.py for tasks to queue
[2024-12-01T12:13:33.592+0000] {logging_mixin.py:190} INFO - [2024-12-01T12:13:33.592+0000] {dagbag.py:588} INFO - Filling up the DagBag from /opt/airflow/dags/dags_conn_test.py
[2024-12-01T12:13:33.598+0000] {processor.py:925} INFO - DAG(s) 'dags_conn_test' retrieved from /opt/airflow/dags/dags_conn_test.py
[2024-12-01T12:13:33.613+0000] {logging_mixin.py:190} INFO - [2024-12-01T12:13:33.613+0000] {dag.py:3239} INFO - Sync 1 DAGs
[2024-12-01T12:13:33.623+0000] {logging_mixin.py:190} INFO - [2024-12-01T12:13:33.623+0000] {dag.py:4180} INFO - Setting next_dagrun for dags_conn_test to None, run_after=None
[2024-12-01T12:13:33.634+0000] {processor.py:208} INFO - Processing /opt/airflow/dags/dags_conn_test.py took 0.049 seconds
[2024-12-01T12:14:03.823+0000] {processor.py:186} INFO - Started process (PID=3020) to work on /opt/airflow/dags/dags_conn_test.py
[2024-12-01T12:14:03.824+0000] {processor.py:914} INFO - Processing file /opt/airflow/dags/dags_conn_test.py for tasks to queue
[2024-12-01T12:14:03.826+0000] {logging_mixin.py:190} INFO - [2024-12-01T12:14:03.826+0000] {dagbag.py:588} INFO - Filling up the DagBag from /opt/airflow/dags/dags_conn_test.py
[2024-12-01T12:14:03.834+0000] {processor.py:925} INFO - DAG(s) 'dags_conn_test' retrieved from /opt/airflow/dags/dags_conn_test.py
[2024-12-01T12:14:03.854+0000] {logging_mixin.py:190} INFO - [2024-12-01T12:14:03.854+0000] {dag.py:3239} INFO - Sync 1 DAGs
[2024-12-01T12:14:03.867+0000] {logging_mixin.py:190} INFO - [2024-12-01T12:14:03.867+0000] {dag.py:4180} INFO - Setting next_dagrun for dags_conn_test to None, run_after=None
[2024-12-01T12:14:03.884+0000] {processor.py:208} INFO - Processing /opt/airflow/dags/dags_conn_test.py took 0.067 seconds
[2024-12-01T12:14:34.322+0000] {processor.py:186} INFO - Started process (PID=3065) to work on /opt/airflow/dags/dags_conn_test.py
[2024-12-01T12:14:34.323+0000] {processor.py:914} INFO - Processing file /opt/airflow/dags/dags_conn_test.py for tasks to queue
[2024-12-01T12:14:34.325+0000] {logging_mixin.py:190} INFO - [2024-12-01T12:14:34.325+0000] {dagbag.py:588} INFO - Filling up the DagBag from /opt/airflow/dags/dags_conn_test.py
[2024-12-01T12:14:34.331+0000] {processor.py:925} INFO - DAG(s) 'dags_conn_test' retrieved from /opt/airflow/dags/dags_conn_test.py
[2024-12-01T12:14:34.347+0000] {logging_mixin.py:190} INFO - [2024-12-01T12:14:34.347+0000] {dag.py:3239} INFO - Sync 1 DAGs
[2024-12-01T12:14:34.555+0000] {logging_mixin.py:190} INFO - [2024-12-01T12:14:34.554+0000] {dag.py:4180} INFO - Setting next_dagrun for dags_conn_test to None, run_after=None
[2024-12-01T12:14:34.581+0000] {processor.py:208} INFO - Processing /opt/airflow/dags/dags_conn_test.py took 0.264 seconds
[2024-12-01T12:15:04.747+0000] {processor.py:186} INFO - Started process (PID=3129) to work on /opt/airflow/dags/dags_conn_test.py
[2024-12-01T12:15:04.748+0000] {processor.py:914} INFO - Processing file /opt/airflow/dags/dags_conn_test.py for tasks to queue
[2024-12-01T12:15:04.750+0000] {logging_mixin.py:190} INFO - [2024-12-01T12:15:04.749+0000] {dagbag.py:588} INFO - Filling up the DagBag from /opt/airflow/dags/dags_conn_test.py
[2024-12-01T12:15:04.758+0000] {processor.py:925} INFO - DAG(s) 'dags_conn_test' retrieved from /opt/airflow/dags/dags_conn_test.py
[2024-12-01T12:15:04.780+0000] {logging_mixin.py:190} INFO - [2024-12-01T12:15:04.780+0000] {dag.py:3239} INFO - Sync 1 DAGs
[2024-12-01T12:15:04.796+0000] {logging_mixin.py:190} INFO - [2024-12-01T12:15:04.796+0000] {dag.py:4180} INFO - Setting next_dagrun for dags_conn_test to None, run_after=None
[2024-12-01T12:15:04.818+0000] {processor.py:208} INFO - Processing /opt/airflow/dags/dags_conn_test.py took 0.076 seconds
[2024-12-01T12:15:35.852+0000] {processor.py:186} INFO - Started process (PID=3190) to work on /opt/airflow/dags/dags_conn_test.py
[2024-12-01T12:15:35.853+0000] {processor.py:914} INFO - Processing file /opt/airflow/dags/dags_conn_test.py for tasks to queue
[2024-12-01T12:15:35.855+0000] {logging_mixin.py:190} INFO - [2024-12-01T12:15:35.855+0000] {dagbag.py:588} INFO - Filling up the DagBag from /opt/airflow/dags/dags_conn_test.py
[2024-12-01T12:15:35.865+0000] {processor.py:925} INFO - DAG(s) 'dags_conn_test' retrieved from /opt/airflow/dags/dags_conn_test.py
[2024-12-01T12:15:35.884+0000] {logging_mixin.py:190} INFO - [2024-12-01T12:15:35.884+0000] {dag.py:3239} INFO - Sync 1 DAGs
[2024-12-01T12:15:35.895+0000] {logging_mixin.py:190} INFO - [2024-12-01T12:15:35.895+0000] {dag.py:4180} INFO - Setting next_dagrun for dags_conn_test to None, run_after=None
[2024-12-01T12:15:35.910+0000] {processor.py:208} INFO - Processing /opt/airflow/dags/dags_conn_test.py took 0.064 seconds
[2024-12-01T12:16:05.961+0000] {processor.py:186} INFO - Started process (PID=3253) to work on /opt/airflow/dags/dags_conn_test.py
[2024-12-01T12:16:05.962+0000] {processor.py:914} INFO - Processing file /opt/airflow/dags/dags_conn_test.py for tasks to queue
[2024-12-01T12:16:05.965+0000] {logging_mixin.py:190} INFO - [2024-12-01T12:16:05.965+0000] {dagbag.py:588} INFO - Filling up the DagBag from /opt/airflow/dags/dags_conn_test.py
[2024-12-01T12:16:05.977+0000] {processor.py:925} INFO - DAG(s) 'dags_conn_test' retrieved from /opt/airflow/dags/dags_conn_test.py
[2024-12-01T12:16:06.000+0000] {logging_mixin.py:190} INFO - [2024-12-01T12:16:06.000+0000] {dag.py:3239} INFO - Sync 1 DAGs
[2024-12-01T12:16:06.014+0000] {logging_mixin.py:190} INFO - [2024-12-01T12:16:06.014+0000] {dag.py:4180} INFO - Setting next_dagrun for dags_conn_test to None, run_after=None
[2024-12-01T12:16:06.037+0000] {processor.py:208} INFO - Processing /opt/airflow/dags/dags_conn_test.py took 0.082 seconds
[2024-12-01T12:16:36.776+0000] {processor.py:186} INFO - Started process (PID=3316) to work on /opt/airflow/dags/dags_conn_test.py
[2024-12-01T12:16:36.777+0000] {processor.py:914} INFO - Processing file /opt/airflow/dags/dags_conn_test.py for tasks to queue
[2024-12-01T12:16:36.779+0000] {logging_mixin.py:190} INFO - [2024-12-01T12:16:36.778+0000] {dagbag.py:588} INFO - Filling up the DagBag from /opt/airflow/dags/dags_conn_test.py
[2024-12-01T12:16:36.784+0000] {processor.py:925} INFO - DAG(s) 'dags_conn_test' retrieved from /opt/airflow/dags/dags_conn_test.py
[2024-12-01T12:16:36.808+0000] {logging_mixin.py:190} INFO - [2024-12-01T12:16:36.807+0000] {dag.py:3239} INFO - Sync 1 DAGs
[2024-12-01T12:16:36.821+0000] {logging_mixin.py:190} INFO - [2024-12-01T12:16:36.820+0000] {dag.py:4180} INFO - Setting next_dagrun for dags_conn_test to None, run_after=None
[2024-12-01T12:16:36.838+0000] {processor.py:208} INFO - Processing /opt/airflow/dags/dags_conn_test.py took 0.066 seconds
[2024-12-01T12:17:07.080+0000] {processor.py:186} INFO - Started process (PID=3381) to work on /opt/airflow/dags/dags_conn_test.py
[2024-12-01T12:17:07.085+0000] {processor.py:914} INFO - Processing file /opt/airflow/dags/dags_conn_test.py for tasks to queue
[2024-12-01T12:17:07.087+0000] {logging_mixin.py:190} INFO - [2024-12-01T12:17:07.086+0000] {dagbag.py:588} INFO - Filling up the DagBag from /opt/airflow/dags/dags_conn_test.py
[2024-12-01T12:17:07.099+0000] {processor.py:925} INFO - DAG(s) 'dags_conn_test' retrieved from /opt/airflow/dags/dags_conn_test.py
[2024-12-01T12:17:07.138+0000] {logging_mixin.py:190} INFO - [2024-12-01T12:17:07.138+0000] {dag.py:3239} INFO - Sync 1 DAGs
[2024-12-01T12:17:07.152+0000] {logging_mixin.py:190} INFO - [2024-12-01T12:17:07.152+0000] {dag.py:4180} INFO - Setting next_dagrun for dags_conn_test to None, run_after=None
[2024-12-01T12:17:07.176+0000] {processor.py:208} INFO - Processing /opt/airflow/dags/dags_conn_test.py took 0.120 seconds
[2024-12-01T12:17:37.606+0000] {processor.py:186} INFO - Started process (PID=3445) to work on /opt/airflow/dags/dags_conn_test.py
[2024-12-01T12:17:37.609+0000] {processor.py:914} INFO - Processing file /opt/airflow/dags/dags_conn_test.py for tasks to queue
[2024-12-01T12:17:37.621+0000] {logging_mixin.py:190} INFO - [2024-12-01T12:17:37.620+0000] {dagbag.py:588} INFO - Filling up the DagBag from /opt/airflow/dags/dags_conn_test.py
[2024-12-01T12:17:37.633+0000] {processor.py:925} INFO - DAG(s) 'dags_conn_test' retrieved from /opt/airflow/dags/dags_conn_test.py
[2024-12-01T12:17:37.655+0000] {logging_mixin.py:190} INFO - [2024-12-01T12:17:37.655+0000] {dag.py:3239} INFO - Sync 1 DAGs
[2024-12-01T12:17:37.668+0000] {logging_mixin.py:190} INFO - [2024-12-01T12:17:37.668+0000] {dag.py:4180} INFO - Setting next_dagrun for dags_conn_test to None, run_after=None
[2024-12-01T12:17:37.692+0000] {processor.py:208} INFO - Processing /opt/airflow/dags/dags_conn_test.py took 0.092 seconds
[2024-12-01T12:18:08.080+0000] {processor.py:186} INFO - Started process (PID=3510) to work on /opt/airflow/dags/dags_conn_test.py
[2024-12-01T12:18:08.088+0000] {processor.py:914} INFO - Processing file /opt/airflow/dags/dags_conn_test.py for tasks to queue
[2024-12-01T12:18:08.090+0000] {logging_mixin.py:190} INFO - [2024-12-01T12:18:08.090+0000] {dagbag.py:588} INFO - Filling up the DagBag from /opt/airflow/dags/dags_conn_test.py
[2024-12-01T12:18:08.097+0000] {processor.py:925} INFO - DAG(s) 'dags_conn_test' retrieved from /opt/airflow/dags/dags_conn_test.py
[2024-12-01T12:18:08.119+0000] {logging_mixin.py:190} INFO - [2024-12-01T12:18:08.119+0000] {dag.py:3239} INFO - Sync 1 DAGs
[2024-12-01T12:18:08.131+0000] {logging_mixin.py:190} INFO - [2024-12-01T12:18:08.130+0000] {dag.py:4180} INFO - Setting next_dagrun for dags_conn_test to None, run_after=None
[2024-12-01T12:18:08.144+0000] {processor.py:208} INFO - Processing /opt/airflow/dags/dags_conn_test.py took 0.082 seconds
[2024-12-01T12:18:38.282+0000] {processor.py:186} INFO - Started process (PID=3575) to work on /opt/airflow/dags/dags_conn_test.py
[2024-12-01T12:18:38.284+0000] {processor.py:914} INFO - Processing file /opt/airflow/dags/dags_conn_test.py for tasks to queue
[2024-12-01T12:18:38.286+0000] {logging_mixin.py:190} INFO - [2024-12-01T12:18:38.286+0000] {dagbag.py:588} INFO - Filling up the DagBag from /opt/airflow/dags/dags_conn_test.py
[2024-12-01T12:18:38.291+0000] {processor.py:925} INFO - DAG(s) 'dags_conn_test' retrieved from /opt/airflow/dags/dags_conn_test.py
[2024-12-01T12:18:38.306+0000] {logging_mixin.py:190} INFO - [2024-12-01T12:18:38.306+0000] {dag.py:3239} INFO - Sync 1 DAGs
[2024-12-01T12:18:38.317+0000] {logging_mixin.py:190} INFO - [2024-12-01T12:18:38.317+0000] {dag.py:4180} INFO - Setting next_dagrun for dags_conn_test to None, run_after=None
[2024-12-01T12:18:38.333+0000] {processor.py:208} INFO - Processing /opt/airflow/dags/dags_conn_test.py took 0.059 seconds
[2024-12-01T12:19:08.517+0000] {processor.py:186} INFO - Started process (PID=3640) to work on /opt/airflow/dags/dags_conn_test.py
[2024-12-01T12:19:08.520+0000] {processor.py:914} INFO - Processing file /opt/airflow/dags/dags_conn_test.py for tasks to queue
[2024-12-01T12:19:08.534+0000] {logging_mixin.py:190} INFO - [2024-12-01T12:19:08.533+0000] {dagbag.py:588} INFO - Filling up the DagBag from /opt/airflow/dags/dags_conn_test.py
[2024-12-01T12:19:08.546+0000] {processor.py:925} INFO - DAG(s) 'dags_conn_test' retrieved from /opt/airflow/dags/dags_conn_test.py
[2024-12-01T12:19:08.575+0000] {logging_mixin.py:190} INFO - [2024-12-01T12:19:08.575+0000] {dag.py:3239} INFO - Sync 1 DAGs
[2024-12-01T12:19:08.589+0000] {logging_mixin.py:190} INFO - [2024-12-01T12:19:08.589+0000] {dag.py:4180} INFO - Setting next_dagrun for dags_conn_test to None, run_after=None
[2024-12-01T12:19:08.603+0000] {processor.py:208} INFO - Processing /opt/airflow/dags/dags_conn_test.py took 0.101 seconds
[2024-12-01T12:19:39.471+0000] {processor.py:186} INFO - Started process (PID=3706) to work on /opt/airflow/dags/dags_conn_test.py
[2024-12-01T12:19:39.483+0000] {processor.py:914} INFO - Processing file /opt/airflow/dags/dags_conn_test.py for tasks to queue
[2024-12-01T12:19:39.485+0000] {logging_mixin.py:190} INFO - [2024-12-01T12:19:39.485+0000] {dagbag.py:588} INFO - Filling up the DagBag from /opt/airflow/dags/dags_conn_test.py
[2024-12-01T12:19:39.490+0000] {processor.py:925} INFO - DAG(s) 'dags_conn_test' retrieved from /opt/airflow/dags/dags_conn_test.py
[2024-12-01T12:19:39.511+0000] {logging_mixin.py:190} INFO - [2024-12-01T12:19:39.511+0000] {dag.py:3239} INFO - Sync 1 DAGs
[2024-12-01T12:19:39.524+0000] {logging_mixin.py:190} INFO - [2024-12-01T12:19:39.523+0000] {dag.py:4180} INFO - Setting next_dagrun for dags_conn_test to None, run_after=None
[2024-12-01T12:19:39.537+0000] {processor.py:208} INFO - Processing /opt/airflow/dags/dags_conn_test.py took 0.082 seconds
[2024-12-01T12:20:10.286+0000] {processor.py:186} INFO - Started process (PID=3771) to work on /opt/airflow/dags/dags_conn_test.py
[2024-12-01T12:20:10.294+0000] {processor.py:914} INFO - Processing file /opt/airflow/dags/dags_conn_test.py for tasks to queue
[2024-12-01T12:20:10.297+0000] {logging_mixin.py:190} INFO - [2024-12-01T12:20:10.296+0000] {dagbag.py:588} INFO - Filling up the DagBag from /opt/airflow/dags/dags_conn_test.py
[2024-12-01T12:20:10.302+0000] {processor.py:925} INFO - DAG(s) 'dags_conn_test' retrieved from /opt/airflow/dags/dags_conn_test.py
[2024-12-01T12:20:10.319+0000] {logging_mixin.py:190} INFO - [2024-12-01T12:20:10.319+0000] {dag.py:3239} INFO - Sync 1 DAGs
[2024-12-01T12:20:10.330+0000] {logging_mixin.py:190} INFO - [2024-12-01T12:20:10.330+0000] {dag.py:4180} INFO - Setting next_dagrun for dags_conn_test to None, run_after=None
[2024-12-01T12:20:10.344+0000] {processor.py:208} INFO - Processing /opt/airflow/dags/dags_conn_test.py took 0.073 seconds
[2024-12-01T12:20:41.278+0000] {processor.py:186} INFO - Started process (PID=3836) to work on /opt/airflow/dags/dags_conn_test.py
[2024-12-01T12:20:41.282+0000] {processor.py:914} INFO - Processing file /opt/airflow/dags/dags_conn_test.py for tasks to queue
[2024-12-01T12:20:41.283+0000] {logging_mixin.py:190} INFO - [2024-12-01T12:20:41.283+0000] {dagbag.py:588} INFO - Filling up the DagBag from /opt/airflow/dags/dags_conn_test.py
[2024-12-01T12:20:41.289+0000] {processor.py:925} INFO - DAG(s) 'dags_conn_test' retrieved from /opt/airflow/dags/dags_conn_test.py
[2024-12-01T12:20:41.309+0000] {logging_mixin.py:190} INFO - [2024-12-01T12:20:41.309+0000] {dag.py:3239} INFO - Sync 1 DAGs
[2024-12-01T12:20:41.320+0000] {logging_mixin.py:190} INFO - [2024-12-01T12:20:41.320+0000] {dag.py:4180} INFO - Setting next_dagrun for dags_conn_test to None, run_after=None
[2024-12-01T12:20:41.368+0000] {processor.py:208} INFO - Processing /opt/airflow/dags/dags_conn_test.py took 0.101 seconds
[2024-12-01T12:21:12.261+0000] {processor.py:186} INFO - Started process (PID=3901) to work on /opt/airflow/dags/dags_conn_test.py
[2024-12-01T12:21:12.271+0000] {processor.py:914} INFO - Processing file /opt/airflow/dags/dags_conn_test.py for tasks to queue
[2024-12-01T12:21:12.277+0000] {logging_mixin.py:190} INFO - [2024-12-01T12:21:12.277+0000] {dagbag.py:588} INFO - Filling up the DagBag from /opt/airflow/dags/dags_conn_test.py
[2024-12-01T12:21:12.283+0000] {processor.py:925} INFO - DAG(s) 'dags_conn_test' retrieved from /opt/airflow/dags/dags_conn_test.py
[2024-12-01T12:21:12.308+0000] {logging_mixin.py:190} INFO - [2024-12-01T12:21:12.308+0000] {dag.py:3239} INFO - Sync 1 DAGs
[2024-12-01T12:21:12.324+0000] {logging_mixin.py:190} INFO - [2024-12-01T12:21:12.323+0000] {dag.py:4180} INFO - Setting next_dagrun for dags_conn_test to None, run_after=None
[2024-12-01T12:21:12.340+0000] {processor.py:208} INFO - Processing /opt/airflow/dags/dags_conn_test.py took 0.090 seconds
[2024-12-01T12:21:42.775+0000] {processor.py:186} INFO - Started process (PID=3965) to work on /opt/airflow/dags/dags_conn_test.py
[2024-12-01T12:21:42.787+0000] {processor.py:914} INFO - Processing file /opt/airflow/dags/dags_conn_test.py for tasks to queue
[2024-12-01T12:21:42.789+0000] {logging_mixin.py:190} INFO - [2024-12-01T12:21:42.789+0000] {dagbag.py:588} INFO - Filling up the DagBag from /opt/airflow/dags/dags_conn_test.py
[2024-12-01T12:21:42.809+0000] {processor.py:925} INFO - DAG(s) 'dags_conn_test' retrieved from /opt/airflow/dags/dags_conn_test.py
[2024-12-01T12:21:42.845+0000] {logging_mixin.py:190} INFO - [2024-12-01T12:21:42.844+0000] {dag.py:3239} INFO - Sync 1 DAGs
[2024-12-01T12:21:42.888+0000] {logging_mixin.py:190} INFO - [2024-12-01T12:21:42.888+0000] {dag.py:4180} INFO - Setting next_dagrun for dags_conn_test to None, run_after=None
[2024-12-01T12:21:42.917+0000] {processor.py:208} INFO - Processing /opt/airflow/dags/dags_conn_test.py took 0.159 seconds
[2024-12-01T12:22:13.041+0000] {processor.py:186} INFO - Started process (PID=4030) to work on /opt/airflow/dags/dags_conn_test.py
[2024-12-01T12:22:13.051+0000] {processor.py:914} INFO - Processing file /opt/airflow/dags/dags_conn_test.py for tasks to queue
[2024-12-01T12:22:13.053+0000] {logging_mixin.py:190} INFO - [2024-12-01T12:22:13.053+0000] {dagbag.py:588} INFO - Filling up the DagBag from /opt/airflow/dags/dags_conn_test.py
[2024-12-01T12:22:13.060+0000] {processor.py:925} INFO - DAG(s) 'dags_conn_test' retrieved from /opt/airflow/dags/dags_conn_test.py
[2024-12-01T12:22:13.097+0000] {logging_mixin.py:190} INFO - [2024-12-01T12:22:13.097+0000] {dag.py:3239} INFO - Sync 1 DAGs
[2024-12-01T12:22:13.111+0000] {logging_mixin.py:190} INFO - [2024-12-01T12:22:13.111+0000] {dag.py:4180} INFO - Setting next_dagrun for dags_conn_test to None, run_after=None
[2024-12-01T12:22:13.129+0000] {processor.py:208} INFO - Processing /opt/airflow/dags/dags_conn_test.py took 0.104 seconds
[2024-12-01T12:22:43.704+0000] {processor.py:186} INFO - Started process (PID=4095) to work on /opt/airflow/dags/dags_conn_test.py
[2024-12-01T12:22:43.714+0000] {processor.py:914} INFO - Processing file /opt/airflow/dags/dags_conn_test.py for tasks to queue
[2024-12-01T12:22:43.717+0000] {logging_mixin.py:190} INFO - [2024-12-01T12:22:43.717+0000] {dagbag.py:588} INFO - Filling up the DagBag from /opt/airflow/dags/dags_conn_test.py
[2024-12-01T12:22:43.725+0000] {processor.py:925} INFO - DAG(s) 'dags_conn_test' retrieved from /opt/airflow/dags/dags_conn_test.py
[2024-12-01T12:22:43.746+0000] {logging_mixin.py:190} INFO - [2024-12-01T12:22:43.746+0000] {dag.py:3239} INFO - Sync 1 DAGs
[2024-12-01T12:22:43.763+0000] {logging_mixin.py:190} INFO - [2024-12-01T12:22:43.763+0000] {dag.py:4180} INFO - Setting next_dagrun for dags_conn_test to None, run_after=None
[2024-12-01T12:22:43.782+0000] {processor.py:208} INFO - Processing /opt/airflow/dags/dags_conn_test.py took 0.088 seconds
[2024-12-01T12:23:14.568+0000] {processor.py:186} INFO - Started process (PID=4160) to work on /opt/airflow/dags/dags_conn_test.py
[2024-12-01T12:23:14.577+0000] {processor.py:914} INFO - Processing file /opt/airflow/dags/dags_conn_test.py for tasks to queue
[2024-12-01T12:23:14.580+0000] {logging_mixin.py:190} INFO - [2024-12-01T12:23:14.580+0000] {dagbag.py:588} INFO - Filling up the DagBag from /opt/airflow/dags/dags_conn_test.py
[2024-12-01T12:23:14.586+0000] {processor.py:925} INFO - DAG(s) 'dags_conn_test' retrieved from /opt/airflow/dags/dags_conn_test.py
[2024-12-01T12:23:14.612+0000] {logging_mixin.py:190} INFO - [2024-12-01T12:23:14.612+0000] {dag.py:3239} INFO - Sync 1 DAGs
[2024-12-01T12:23:14.622+0000] {logging_mixin.py:190} INFO - [2024-12-01T12:23:14.622+0000] {dag.py:4180} INFO - Setting next_dagrun for dags_conn_test to None, run_after=None
[2024-12-01T12:23:14.639+0000] {processor.py:208} INFO - Processing /opt/airflow/dags/dags_conn_test.py took 0.087 seconds
[2024-12-01T12:23:44.880+0000] {processor.py:186} INFO - Started process (PID=4224) to work on /opt/airflow/dags/dags_conn_test.py
[2024-12-01T12:23:44.881+0000] {processor.py:914} INFO - Processing file /opt/airflow/dags/dags_conn_test.py for tasks to queue
[2024-12-01T12:23:44.883+0000] {logging_mixin.py:190} INFO - [2024-12-01T12:23:44.882+0000] {dagbag.py:588} INFO - Filling up the DagBag from /opt/airflow/dags/dags_conn_test.py
[2024-12-01T12:23:44.887+0000] {processor.py:925} INFO - DAG(s) 'dags_conn_test' retrieved from /opt/airflow/dags/dags_conn_test.py
[2024-12-01T12:23:44.905+0000] {logging_mixin.py:190} INFO - [2024-12-01T12:23:44.905+0000] {dag.py:3239} INFO - Sync 1 DAGs
[2024-12-01T12:23:44.919+0000] {logging_mixin.py:190} INFO - [2024-12-01T12:23:44.919+0000] {dag.py:4180} INFO - Setting next_dagrun for dags_conn_test to None, run_after=None
[2024-12-01T12:23:44.939+0000] {processor.py:208} INFO - Processing /opt/airflow/dags/dags_conn_test.py took 0.075 seconds
[2024-12-01T12:24:15.206+0000] {processor.py:186} INFO - Started process (PID=4288) to work on /opt/airflow/dags/dags_conn_test.py
[2024-12-01T12:24:15.216+0000] {processor.py:914} INFO - Processing file /opt/airflow/dags/dags_conn_test.py for tasks to queue
[2024-12-01T12:24:15.218+0000] {logging_mixin.py:190} INFO - [2024-12-01T12:24:15.218+0000] {dagbag.py:588} INFO - Filling up the DagBag from /opt/airflow/dags/dags_conn_test.py
[2024-12-01T12:24:15.224+0000] {processor.py:925} INFO - DAG(s) 'dags_conn_test' retrieved from /opt/airflow/dags/dags_conn_test.py
[2024-12-01T12:24:15.245+0000] {logging_mixin.py:190} INFO - [2024-12-01T12:24:15.244+0000] {dag.py:3239} INFO - Sync 1 DAGs
[2024-12-01T12:24:15.255+0000] {logging_mixin.py:190} INFO - [2024-12-01T12:24:15.255+0000] {dag.py:4180} INFO - Setting next_dagrun for dags_conn_test to None, run_after=None
[2024-12-01T12:24:15.272+0000] {processor.py:208} INFO - Processing /opt/airflow/dags/dags_conn_test.py took 0.075 seconds
[2024-12-01T12:24:45.371+0000] {processor.py:186} INFO - Started process (PID=4353) to work on /opt/airflow/dags/dags_conn_test.py
[2024-12-01T12:24:45.383+0000] {processor.py:914} INFO - Processing file /opt/airflow/dags/dags_conn_test.py for tasks to queue
[2024-12-01T12:24:45.385+0000] {logging_mixin.py:190} INFO - [2024-12-01T12:24:45.385+0000] {dagbag.py:588} INFO - Filling up the DagBag from /opt/airflow/dags/dags_conn_test.py
[2024-12-01T12:24:45.390+0000] {processor.py:925} INFO - DAG(s) 'dags_conn_test' retrieved from /opt/airflow/dags/dags_conn_test.py
[2024-12-01T12:24:45.410+0000] {logging_mixin.py:190} INFO - [2024-12-01T12:24:45.410+0000] {dag.py:3239} INFO - Sync 1 DAGs
[2024-12-01T12:24:45.422+0000] {logging_mixin.py:190} INFO - [2024-12-01T12:24:45.421+0000] {dag.py:4180} INFO - Setting next_dagrun for dags_conn_test to None, run_after=None
[2024-12-01T12:24:45.439+0000] {processor.py:208} INFO - Processing /opt/airflow/dags/dags_conn_test.py took 0.076 seconds
[2024-12-01T12:25:16.139+0000] {processor.py:186} INFO - Started process (PID=4418) to work on /opt/airflow/dags/dags_conn_test.py
[2024-12-01T12:25:16.152+0000] {processor.py:914} INFO - Processing file /opt/airflow/dags/dags_conn_test.py for tasks to queue
[2024-12-01T12:25:16.154+0000] {logging_mixin.py:190} INFO - [2024-12-01T12:25:16.154+0000] {dagbag.py:588} INFO - Filling up the DagBag from /opt/airflow/dags/dags_conn_test.py
[2024-12-01T12:25:16.160+0000] {processor.py:925} INFO - DAG(s) 'dags_conn_test' retrieved from /opt/airflow/dags/dags_conn_test.py
[2024-12-01T12:25:16.179+0000] {logging_mixin.py:190} INFO - [2024-12-01T12:25:16.179+0000] {dag.py:3239} INFO - Sync 1 DAGs
[2024-12-01T12:25:16.189+0000] {logging_mixin.py:190} INFO - [2024-12-01T12:25:16.189+0000] {dag.py:4180} INFO - Setting next_dagrun for dags_conn_test to None, run_after=None
[2024-12-01T12:25:16.203+0000] {processor.py:208} INFO - Processing /opt/airflow/dags/dags_conn_test.py took 0.074 seconds
[2024-12-01T12:25:47.074+0000] {processor.py:186} INFO - Started process (PID=4482) to work on /opt/airflow/dags/dags_conn_test.py
[2024-12-01T12:25:47.075+0000] {processor.py:914} INFO - Processing file /opt/airflow/dags/dags_conn_test.py for tasks to queue
[2024-12-01T12:25:47.077+0000] {logging_mixin.py:190} INFO - [2024-12-01T12:25:47.077+0000] {dagbag.py:588} INFO - Filling up the DagBag from /opt/airflow/dags/dags_conn_test.py
[2024-12-01T12:25:47.082+0000] {processor.py:925} INFO - DAG(s) 'dags_conn_test' retrieved from /opt/airflow/dags/dags_conn_test.py
[2024-12-01T12:25:47.114+0000] {logging_mixin.py:190} INFO - [2024-12-01T12:25:47.114+0000] {dag.py:3239} INFO - Sync 1 DAGs
[2024-12-01T12:25:47.125+0000] {logging_mixin.py:190} INFO - [2024-12-01T12:25:47.125+0000] {dag.py:4180} INFO - Setting next_dagrun for dags_conn_test to None, run_after=None
[2024-12-01T12:25:47.137+0000] {processor.py:208} INFO - Processing /opt/airflow/dags/dags_conn_test.py took 0.070 seconds
[2024-12-01T12:26:17.627+0000] {processor.py:186} INFO - Started process (PID=4547) to work on /opt/airflow/dags/dags_conn_test.py
[2024-12-01T12:26:17.636+0000] {processor.py:914} INFO - Processing file /opt/airflow/dags/dags_conn_test.py for tasks to queue
[2024-12-01T12:26:17.639+0000] {logging_mixin.py:190} INFO - [2024-12-01T12:26:17.638+0000] {dagbag.py:588} INFO - Filling up the DagBag from /opt/airflow/dags/dags_conn_test.py
[2024-12-01T12:26:17.644+0000] {processor.py:925} INFO - DAG(s) 'dags_conn_test' retrieved from /opt/airflow/dags/dags_conn_test.py
[2024-12-01T12:26:17.661+0000] {logging_mixin.py:190} INFO - [2024-12-01T12:26:17.661+0000] {dag.py:3239} INFO - Sync 1 DAGs
[2024-12-01T12:26:17.674+0000] {logging_mixin.py:190} INFO - [2024-12-01T12:26:17.674+0000] {dag.py:4180} INFO - Setting next_dagrun for dags_conn_test to None, run_after=None
[2024-12-01T12:26:17.693+0000] {processor.py:208} INFO - Processing /opt/airflow/dags/dags_conn_test.py took 0.071 seconds
[2024-12-01T12:26:48.141+0000] {processor.py:186} INFO - Started process (PID=4612) to work on /opt/airflow/dags/dags_conn_test.py
[2024-12-01T12:26:48.152+0000] {processor.py:914} INFO - Processing file /opt/airflow/dags/dags_conn_test.py for tasks to queue
[2024-12-01T12:26:48.155+0000] {logging_mixin.py:190} INFO - [2024-12-01T12:26:48.155+0000] {dagbag.py:588} INFO - Filling up the DagBag from /opt/airflow/dags/dags_conn_test.py
[2024-12-01T12:26:48.160+0000] {processor.py:925} INFO - DAG(s) 'dags_conn_test' retrieved from /opt/airflow/dags/dags_conn_test.py
[2024-12-01T12:26:48.180+0000] {logging_mixin.py:190} INFO - [2024-12-01T12:26:48.180+0000] {dag.py:3239} INFO - Sync 1 DAGs
[2024-12-01T12:26:48.192+0000] {logging_mixin.py:190} INFO - [2024-12-01T12:26:48.192+0000] {dag.py:4180} INFO - Setting next_dagrun for dags_conn_test to None, run_after=None
[2024-12-01T12:26:48.209+0000] {processor.py:208} INFO - Processing /opt/airflow/dags/dags_conn_test.py took 0.079 seconds
[2024-12-01T12:27:18.997+0000] {processor.py:186} INFO - Started process (PID=4677) to work on /opt/airflow/dags/dags_conn_test.py
[2024-12-01T12:27:18.998+0000] {processor.py:914} INFO - Processing file /opt/airflow/dags/dags_conn_test.py for tasks to queue
[2024-12-01T12:27:19.002+0000] {logging_mixin.py:190} INFO - [2024-12-01T12:27:19.002+0000] {dagbag.py:588} INFO - Filling up the DagBag from /opt/airflow/dags/dags_conn_test.py
[2024-12-01T12:27:19.011+0000] {processor.py:925} INFO - DAG(s) 'dags_conn_test' retrieved from /opt/airflow/dags/dags_conn_test.py
[2024-12-01T12:27:19.036+0000] {logging_mixin.py:190} INFO - [2024-12-01T12:27:19.035+0000] {dag.py:3239} INFO - Sync 1 DAGs
[2024-12-01T12:27:19.057+0000] {logging_mixin.py:190} INFO - [2024-12-01T12:27:19.057+0000] {dag.py:4180} INFO - Setting next_dagrun for dags_conn_test to None, run_after=None
[2024-12-01T12:27:19.091+0000] {processor.py:208} INFO - Processing /opt/airflow/dags/dags_conn_test.py took 0.099 seconds
[2024-12-01T12:27:49.333+0000] {processor.py:186} INFO - Started process (PID=4742) to work on /opt/airflow/dags/dags_conn_test.py
[2024-12-01T12:27:49.334+0000] {processor.py:914} INFO - Processing file /opt/airflow/dags/dags_conn_test.py for tasks to queue
[2024-12-01T12:27:49.336+0000] {logging_mixin.py:190} INFO - [2024-12-01T12:27:49.336+0000] {dagbag.py:588} INFO - Filling up the DagBag from /opt/airflow/dags/dags_conn_test.py
[2024-12-01T12:27:49.357+0000] {processor.py:925} INFO - DAG(s) 'dags_conn_test' retrieved from /opt/airflow/dags/dags_conn_test.py
[2024-12-01T12:27:49.392+0000] {logging_mixin.py:190} INFO - [2024-12-01T12:27:49.392+0000] {dag.py:3239} INFO - Sync 1 DAGs
[2024-12-01T12:27:49.406+0000] {logging_mixin.py:190} INFO - [2024-12-01T12:27:49.406+0000] {dag.py:4180} INFO - Setting next_dagrun for dags_conn_test to None, run_after=None
[2024-12-01T12:27:49.422+0000] {processor.py:208} INFO - Processing /opt/airflow/dags/dags_conn_test.py took 0.094 seconds
[2024-12-01T12:28:19.523+0000] {processor.py:186} INFO - Started process (PID=4807) to work on /opt/airflow/dags/dags_conn_test.py
[2024-12-01T12:28:19.530+0000] {processor.py:914} INFO - Processing file /opt/airflow/dags/dags_conn_test.py for tasks to queue
[2024-12-01T12:28:19.534+0000] {logging_mixin.py:190} INFO - [2024-12-01T12:28:19.534+0000] {dagbag.py:588} INFO - Filling up the DagBag from /opt/airflow/dags/dags_conn_test.py
[2024-12-01T12:28:19.549+0000] {processor.py:925} INFO - DAG(s) 'dags_conn_test' retrieved from /opt/airflow/dags/dags_conn_test.py
[2024-12-01T12:28:19.581+0000] {logging_mixin.py:190} INFO - [2024-12-01T12:28:19.581+0000] {dag.py:3239} INFO - Sync 1 DAGs
[2024-12-01T12:28:19.591+0000] {logging_mixin.py:190} INFO - [2024-12-01T12:28:19.591+0000] {dag.py:4180} INFO - Setting next_dagrun for dags_conn_test to None, run_after=None
[2024-12-01T12:28:19.610+0000] {processor.py:208} INFO - Processing /opt/airflow/dags/dags_conn_test.py took 0.098 seconds
[2024-12-01T12:28:50.539+0000] {processor.py:186} INFO - Started process (PID=4871) to work on /opt/airflow/dags/dags_conn_test.py
[2024-12-01T12:28:50.549+0000] {processor.py:914} INFO - Processing file /opt/airflow/dags/dags_conn_test.py for tasks to queue
[2024-12-01T12:28:50.551+0000] {logging_mixin.py:190} INFO - [2024-12-01T12:28:50.551+0000] {dagbag.py:588} INFO - Filling up the DagBag from /opt/airflow/dags/dags_conn_test.py
[2024-12-01T12:28:50.557+0000] {processor.py:925} INFO - DAG(s) 'dags_conn_test' retrieved from /opt/airflow/dags/dags_conn_test.py
[2024-12-01T12:28:50.584+0000] {logging_mixin.py:190} INFO - [2024-12-01T12:28:50.584+0000] {dag.py:3239} INFO - Sync 1 DAGs
[2024-12-01T12:28:50.596+0000] {logging_mixin.py:190} INFO - [2024-12-01T12:28:50.596+0000] {dag.py:4180} INFO - Setting next_dagrun for dags_conn_test to None, run_after=None
[2024-12-01T12:28:50.615+0000] {processor.py:208} INFO - Processing /opt/airflow/dags/dags_conn_test.py took 0.089 seconds
[2024-12-01T12:29:20.940+0000] {processor.py:186} INFO - Started process (PID=4941) to work on /opt/airflow/dags/dags_conn_test.py
[2024-12-01T12:29:20.942+0000] {processor.py:914} INFO - Processing file /opt/airflow/dags/dags_conn_test.py for tasks to queue
[2024-12-01T12:29:20.943+0000] {logging_mixin.py:190} INFO - [2024-12-01T12:29:20.943+0000] {dagbag.py:588} INFO - Filling up the DagBag from /opt/airflow/dags/dags_conn_test.py
[2024-12-01T12:29:20.950+0000] {processor.py:925} INFO - DAG(s) 'dags_conn_test' retrieved from /opt/airflow/dags/dags_conn_test.py
[2024-12-01T12:29:20.971+0000] {logging_mixin.py:190} INFO - [2024-12-01T12:29:20.970+0000] {dag.py:3239} INFO - Sync 1 DAGs
[2024-12-01T12:29:20.981+0000] {logging_mixin.py:190} INFO - [2024-12-01T12:29:20.981+0000] {dag.py:4180} INFO - Setting next_dagrun for dags_conn_test to None, run_after=None
[2024-12-01T12:29:20.995+0000] {processor.py:208} INFO - Processing /opt/airflow/dags/dags_conn_test.py took 0.070 seconds
[2024-12-01T12:29:51.048+0000] {processor.py:186} INFO - Started process (PID=5006) to work on /opt/airflow/dags/dags_conn_test.py
[2024-12-01T12:29:51.050+0000] {processor.py:914} INFO - Processing file /opt/airflow/dags/dags_conn_test.py for tasks to queue
[2024-12-01T12:29:51.053+0000] {logging_mixin.py:190} INFO - [2024-12-01T12:29:51.052+0000] {dagbag.py:588} INFO - Filling up the DagBag from /opt/airflow/dags/dags_conn_test.py
[2024-12-01T12:29:51.059+0000] {processor.py:925} INFO - DAG(s) 'dags_conn_test' retrieved from /opt/airflow/dags/dags_conn_test.py
[2024-12-01T12:29:51.082+0000] {logging_mixin.py:190} INFO - [2024-12-01T12:29:51.082+0000] {dag.py:3239} INFO - Sync 1 DAGs
[2024-12-01T12:29:51.096+0000] {logging_mixin.py:190} INFO - [2024-12-01T12:29:51.095+0000] {dag.py:4180} INFO - Setting next_dagrun for dags_conn_test to None, run_after=None
[2024-12-01T12:29:51.112+0000] {processor.py:208} INFO - Processing /opt/airflow/dags/dags_conn_test.py took 0.072 seconds
[2024-12-01T12:30:21.819+0000] {processor.py:186} INFO - Started process (PID=5070) to work on /opt/airflow/dags/dags_conn_test.py
[2024-12-01T12:30:21.822+0000] {processor.py:914} INFO - Processing file /opt/airflow/dags/dags_conn_test.py for tasks to queue
[2024-12-01T12:30:21.823+0000] {logging_mixin.py:190} INFO - [2024-12-01T12:30:21.823+0000] {dagbag.py:588} INFO - Filling up the DagBag from /opt/airflow/dags/dags_conn_test.py
[2024-12-01T12:30:21.841+0000] {processor.py:925} INFO - DAG(s) 'dags_conn_test' retrieved from /opt/airflow/dags/dags_conn_test.py
[2024-12-01T12:30:21.866+0000] {logging_mixin.py:190} INFO - [2024-12-01T12:30:21.866+0000] {dag.py:3239} INFO - Sync 1 DAGs
[2024-12-01T12:30:21.880+0000] {logging_mixin.py:190} INFO - [2024-12-01T12:30:21.877+0000] {dag.py:4180} INFO - Setting next_dagrun for dags_conn_test to None, run_after=None
[2024-12-01T12:30:21.920+0000] {processor.py:208} INFO - Processing /opt/airflow/dags/dags_conn_test.py took 0.113 seconds
[2024-12-01T12:30:52.535+0000] {processor.py:186} INFO - Started process (PID=5135) to work on /opt/airflow/dags/dags_conn_test.py
[2024-12-01T12:30:52.538+0000] {processor.py:914} INFO - Processing file /opt/airflow/dags/dags_conn_test.py for tasks to queue
[2024-12-01T12:30:52.540+0000] {logging_mixin.py:190} INFO - [2024-12-01T12:30:52.540+0000] {dagbag.py:588} INFO - Filling up the DagBag from /opt/airflow/dags/dags_conn_test.py
[2024-12-01T12:30:52.546+0000] {processor.py:925} INFO - DAG(s) 'dags_conn_test' retrieved from /opt/airflow/dags/dags_conn_test.py
[2024-12-01T12:30:52.564+0000] {logging_mixin.py:190} INFO - [2024-12-01T12:30:52.564+0000] {dag.py:3239} INFO - Sync 1 DAGs
[2024-12-01T12:30:52.574+0000] {logging_mixin.py:190} INFO - [2024-12-01T12:30:52.574+0000] {dag.py:4180} INFO - Setting next_dagrun for dags_conn_test to None, run_after=None
[2024-12-01T12:30:52.588+0000] {processor.py:208} INFO - Processing /opt/airflow/dags/dags_conn_test.py took 0.068 seconds
[2024-12-01T12:31:22.778+0000] {processor.py:186} INFO - Started process (PID=5200) to work on /opt/airflow/dags/dags_conn_test.py
[2024-12-01T12:31:22.788+0000] {processor.py:914} INFO - Processing file /opt/airflow/dags/dags_conn_test.py for tasks to queue
[2024-12-01T12:31:22.791+0000] {logging_mixin.py:190} INFO - [2024-12-01T12:31:22.790+0000] {dagbag.py:588} INFO - Filling up the DagBag from /opt/airflow/dags/dags_conn_test.py
[2024-12-01T12:31:22.798+0000] {processor.py:925} INFO - DAG(s) 'dags_conn_test' retrieved from /opt/airflow/dags/dags_conn_test.py
[2024-12-01T12:31:22.816+0000] {logging_mixin.py:190} INFO - [2024-12-01T12:31:22.816+0000] {dag.py:3239} INFO - Sync 1 DAGs
[2024-12-01T12:31:22.826+0000] {logging_mixin.py:190} INFO - [2024-12-01T12:31:22.826+0000] {dag.py:4180} INFO - Setting next_dagrun for dags_conn_test to None, run_after=None
[2024-12-01T12:31:22.838+0000] {processor.py:208} INFO - Processing /opt/airflow/dags/dags_conn_test.py took 0.077 seconds
[2024-12-01T12:31:53.770+0000] {processor.py:186} INFO - Started process (PID=5265) to work on /opt/airflow/dags/dags_conn_test.py
[2024-12-01T12:31:53.772+0000] {processor.py:914} INFO - Processing file /opt/airflow/dags/dags_conn_test.py for tasks to queue
[2024-12-01T12:31:53.774+0000] {logging_mixin.py:190} INFO - [2024-12-01T12:31:53.774+0000] {dagbag.py:588} INFO - Filling up the DagBag from /opt/airflow/dags/dags_conn_test.py
[2024-12-01T12:31:53.780+0000] {processor.py:925} INFO - DAG(s) 'dags_conn_test' retrieved from /opt/airflow/dags/dags_conn_test.py
[2024-12-01T12:31:53.798+0000] {logging_mixin.py:190} INFO - [2024-12-01T12:31:53.798+0000] {dag.py:3239} INFO - Sync 1 DAGs
[2024-12-01T12:31:53.818+0000] {logging_mixin.py:190} INFO - [2024-12-01T12:31:53.818+0000] {dag.py:4180} INFO - Setting next_dagrun for dags_conn_test to None, run_after=None
[2024-12-01T12:31:53.835+0000] {processor.py:208} INFO - Processing /opt/airflow/dags/dags_conn_test.py took 0.078 seconds
[2024-12-01T12:32:24.383+0000] {processor.py:186} INFO - Started process (PID=5330) to work on /opt/airflow/dags/dags_conn_test.py
[2024-12-01T12:32:24.384+0000] {processor.py:914} INFO - Processing file /opt/airflow/dags/dags_conn_test.py for tasks to queue
[2024-12-01T12:32:24.386+0000] {logging_mixin.py:190} INFO - [2024-12-01T12:32:24.386+0000] {dagbag.py:588} INFO - Filling up the DagBag from /opt/airflow/dags/dags_conn_test.py
[2024-12-01T12:32:24.392+0000] {processor.py:925} INFO - DAG(s) 'dags_conn_test' retrieved from /opt/airflow/dags/dags_conn_test.py
[2024-12-01T12:32:24.409+0000] {logging_mixin.py:190} INFO - [2024-12-01T12:32:24.409+0000] {dag.py:3239} INFO - Sync 1 DAGs
[2024-12-01T12:32:24.419+0000] {logging_mixin.py:190} INFO - [2024-12-01T12:32:24.419+0000] {dag.py:4180} INFO - Setting next_dagrun for dags_conn_test to None, run_after=None
[2024-12-01T12:32:24.433+0000] {processor.py:208} INFO - Processing /opt/airflow/dags/dags_conn_test.py took 0.067 seconds
[2024-12-01T12:32:54.877+0000] {processor.py:186} INFO - Started process (PID=5395) to work on /opt/airflow/dags/dags_conn_test.py
[2024-12-01T12:32:54.887+0000] {processor.py:914} INFO - Processing file /opt/airflow/dags/dags_conn_test.py for tasks to queue
[2024-12-01T12:32:54.889+0000] {logging_mixin.py:190} INFO - [2024-12-01T12:32:54.888+0000] {dagbag.py:588} INFO - Filling up the DagBag from /opt/airflow/dags/dags_conn_test.py
[2024-12-01T12:32:54.894+0000] {processor.py:925} INFO - DAG(s) 'dags_conn_test' retrieved from /opt/airflow/dags/dags_conn_test.py
[2024-12-01T12:32:54.912+0000] {logging_mixin.py:190} INFO - [2024-12-01T12:32:54.912+0000] {dag.py:3239} INFO - Sync 1 DAGs
[2024-12-01T12:32:54.925+0000] {logging_mixin.py:190} INFO - [2024-12-01T12:32:54.924+0000] {dag.py:4180} INFO - Setting next_dagrun for dags_conn_test to None, run_after=None
[2024-12-01T12:32:54.942+0000] {processor.py:208} INFO - Processing /opt/airflow/dags/dags_conn_test.py took 0.079 seconds
[2024-12-01T12:33:25.845+0000] {processor.py:186} INFO - Started process (PID=5460) to work on /opt/airflow/dags/dags_conn_test.py
[2024-12-01T12:33:25.847+0000] {processor.py:914} INFO - Processing file /opt/airflow/dags/dags_conn_test.py for tasks to queue
[2024-12-01T12:33:25.849+0000] {logging_mixin.py:190} INFO - [2024-12-01T12:33:25.849+0000] {dagbag.py:588} INFO - Filling up the DagBag from /opt/airflow/dags/dags_conn_test.py
[2024-12-01T12:33:25.856+0000] {processor.py:925} INFO - DAG(s) 'dags_conn_test' retrieved from /opt/airflow/dags/dags_conn_test.py
[2024-12-01T12:33:25.873+0000] {logging_mixin.py:190} INFO - [2024-12-01T12:33:25.872+0000] {dag.py:3239} INFO - Sync 1 DAGs
[2024-12-01T12:33:25.883+0000] {logging_mixin.py:190} INFO - [2024-12-01T12:33:25.883+0000] {dag.py:4180} INFO - Setting next_dagrun for dags_conn_test to None, run_after=None
[2024-12-01T12:33:25.897+0000] {processor.py:208} INFO - Processing /opt/airflow/dags/dags_conn_test.py took 0.067 seconds
[2024-12-01T12:33:56.521+0000] {processor.py:186} INFO - Started process (PID=5525) to work on /opt/airflow/dags/dags_conn_test.py
[2024-12-01T12:33:56.523+0000] {processor.py:914} INFO - Processing file /opt/airflow/dags/dags_conn_test.py for tasks to queue
[2024-12-01T12:33:56.525+0000] {logging_mixin.py:190} INFO - [2024-12-01T12:33:56.525+0000] {dagbag.py:588} INFO - Filling up the DagBag from /opt/airflow/dags/dags_conn_test.py
[2024-12-01T12:33:56.531+0000] {processor.py:925} INFO - DAG(s) 'dags_conn_test' retrieved from /opt/airflow/dags/dags_conn_test.py
[2024-12-01T12:33:56.547+0000] {logging_mixin.py:190} INFO - [2024-12-01T12:33:56.547+0000] {dag.py:3239} INFO - Sync 1 DAGs
[2024-12-01T12:33:56.557+0000] {logging_mixin.py:190} INFO - [2024-12-01T12:33:56.557+0000] {dag.py:4180} INFO - Setting next_dagrun for dags_conn_test to None, run_after=None
[2024-12-01T12:33:56.571+0000] {processor.py:208} INFO - Processing /opt/airflow/dags/dags_conn_test.py took 0.066 seconds
[2024-12-01T12:34:27.446+0000] {processor.py:186} INFO - Started process (PID=5590) to work on /opt/airflow/dags/dags_conn_test.py
[2024-12-01T12:34:27.449+0000] {processor.py:914} INFO - Processing file /opt/airflow/dags/dags_conn_test.py for tasks to queue
[2024-12-01T12:34:27.455+0000] {logging_mixin.py:190} INFO - [2024-12-01T12:34:27.455+0000] {dagbag.py:588} INFO - Filling up the DagBag from /opt/airflow/dags/dags_conn_test.py
[2024-12-01T12:34:27.461+0000] {processor.py:925} INFO - DAG(s) 'dags_conn_test' retrieved from /opt/airflow/dags/dags_conn_test.py
[2024-12-01T12:34:27.479+0000] {logging_mixin.py:190} INFO - [2024-12-01T12:34:27.479+0000] {dag.py:3239} INFO - Sync 1 DAGs
[2024-12-01T12:34:27.492+0000] {logging_mixin.py:190} INFO - [2024-12-01T12:34:27.492+0000] {dag.py:4180} INFO - Setting next_dagrun for dags_conn_test to None, run_after=None
[2024-12-01T12:34:27.512+0000] {processor.py:208} INFO - Processing /opt/airflow/dags/dags_conn_test.py took 0.072 seconds
[2024-12-01T12:34:57.924+0000] {processor.py:186} INFO - Started process (PID=5655) to work on /opt/airflow/dags/dags_conn_test.py
[2024-12-01T12:34:57.931+0000] {processor.py:914} INFO - Processing file /opt/airflow/dags/dags_conn_test.py for tasks to queue
[2024-12-01T12:34:57.934+0000] {logging_mixin.py:190} INFO - [2024-12-01T12:34:57.934+0000] {dagbag.py:588} INFO - Filling up the DagBag from /opt/airflow/dags/dags_conn_test.py
[2024-12-01T12:34:57.939+0000] {processor.py:925} INFO - DAG(s) 'dags_conn_test' retrieved from /opt/airflow/dags/dags_conn_test.py
[2024-12-01T12:34:57.965+0000] {logging_mixin.py:190} INFO - [2024-12-01T12:34:57.965+0000] {dag.py:3239} INFO - Sync 1 DAGs
[2024-12-01T12:34:57.977+0000] {logging_mixin.py:190} INFO - [2024-12-01T12:34:57.977+0000] {dag.py:4180} INFO - Setting next_dagrun for dags_conn_test to None, run_after=None
[2024-12-01T12:34:57.997+0000] {processor.py:208} INFO - Processing /opt/airflow/dags/dags_conn_test.py took 0.081 seconds
[2024-12-01T12:35:28.130+0000] {processor.py:186} INFO - Started process (PID=5720) to work on /opt/airflow/dags/dags_conn_test.py
[2024-12-01T12:35:28.136+0000] {processor.py:914} INFO - Processing file /opt/airflow/dags/dags_conn_test.py for tasks to queue
[2024-12-01T12:35:28.139+0000] {logging_mixin.py:190} INFO - [2024-12-01T12:35:28.138+0000] {dagbag.py:588} INFO - Filling up the DagBag from /opt/airflow/dags/dags_conn_test.py
[2024-12-01T12:35:28.145+0000] {processor.py:925} INFO - DAG(s) 'dags_conn_test' retrieved from /opt/airflow/dags/dags_conn_test.py
[2024-12-01T12:35:28.164+0000] {logging_mixin.py:190} INFO - [2024-12-01T12:35:28.164+0000] {dag.py:3239} INFO - Sync 1 DAGs
[2024-12-01T12:35:28.174+0000] {logging_mixin.py:190} INFO - [2024-12-01T12:35:28.174+0000] {dag.py:4180} INFO - Setting next_dagrun for dags_conn_test to None, run_after=None
[2024-12-01T12:35:28.194+0000] {processor.py:208} INFO - Processing /opt/airflow/dags/dags_conn_test.py took 0.072 seconds
[2024-12-01T12:35:58.506+0000] {processor.py:186} INFO - Started process (PID=5785) to work on /opt/airflow/dags/dags_conn_test.py
[2024-12-01T12:35:58.517+0000] {processor.py:914} INFO - Processing file /opt/airflow/dags/dags_conn_test.py for tasks to queue
[2024-12-01T12:35:58.519+0000] {logging_mixin.py:190} INFO - [2024-12-01T12:35:58.519+0000] {dagbag.py:588} INFO - Filling up the DagBag from /opt/airflow/dags/dags_conn_test.py
[2024-12-01T12:35:58.525+0000] {processor.py:925} INFO - DAG(s) 'dags_conn_test' retrieved from /opt/airflow/dags/dags_conn_test.py
[2024-12-01T12:35:58.540+0000] {logging_mixin.py:190} INFO - [2024-12-01T12:35:58.540+0000] {dag.py:3239} INFO - Sync 1 DAGs
[2024-12-01T12:35:58.551+0000] {logging_mixin.py:190} INFO - [2024-12-01T12:35:58.550+0000] {dag.py:4180} INFO - Setting next_dagrun for dags_conn_test to None, run_after=None
[2024-12-01T12:35:58.566+0000] {processor.py:208} INFO - Processing /opt/airflow/dags/dags_conn_test.py took 0.076 seconds
[2024-12-01T12:36:28.766+0000] {processor.py:186} INFO - Started process (PID=5850) to work on /opt/airflow/dags/dags_conn_test.py
[2024-12-01T12:36:28.776+0000] {processor.py:914} INFO - Processing file /opt/airflow/dags/dags_conn_test.py for tasks to queue
[2024-12-01T12:36:28.780+0000] {logging_mixin.py:190} INFO - [2024-12-01T12:36:28.779+0000] {dagbag.py:588} INFO - Filling up the DagBag from /opt/airflow/dags/dags_conn_test.py
[2024-12-01T12:36:28.791+0000] {processor.py:925} INFO - DAG(s) 'dags_conn_test' retrieved from /opt/airflow/dags/dags_conn_test.py
[2024-12-01T12:36:28.811+0000] {logging_mixin.py:190} INFO - [2024-12-01T12:36:28.810+0000] {dag.py:3239} INFO - Sync 1 DAGs
[2024-12-01T12:36:28.821+0000] {logging_mixin.py:190} INFO - [2024-12-01T12:36:28.821+0000] {dag.py:4180} INFO - Setting next_dagrun for dags_conn_test to None, run_after=None
[2024-12-01T12:36:28.835+0000] {processor.py:208} INFO - Processing /opt/airflow/dags/dags_conn_test.py took 0.083 seconds
[2024-12-01T12:36:59.128+0000] {processor.py:186} INFO - Started process (PID=5915) to work on /opt/airflow/dags/dags_conn_test.py
[2024-12-01T12:36:59.131+0000] {processor.py:914} INFO - Processing file /opt/airflow/dags/dags_conn_test.py for tasks to queue
[2024-12-01T12:36:59.135+0000] {logging_mixin.py:190} INFO - [2024-12-01T12:36:59.134+0000] {dagbag.py:588} INFO - Filling up the DagBag from /opt/airflow/dags/dags_conn_test.py
[2024-12-01T12:36:59.142+0000] {processor.py:925} INFO - DAG(s) 'dags_conn_test' retrieved from /opt/airflow/dags/dags_conn_test.py
[2024-12-01T12:36:59.159+0000] {logging_mixin.py:190} INFO - [2024-12-01T12:36:59.159+0000] {dag.py:3239} INFO - Sync 1 DAGs
[2024-12-01T12:36:59.169+0000] {logging_mixin.py:190} INFO - [2024-12-01T12:36:59.169+0000] {dag.py:4180} INFO - Setting next_dagrun for dags_conn_test to None, run_after=None
[2024-12-01T12:36:59.185+0000] {processor.py:208} INFO - Processing /opt/airflow/dags/dags_conn_test.py took 0.068 seconds
[2024-12-01T12:37:29.211+0000] {processor.py:186} INFO - Started process (PID=5980) to work on /opt/airflow/dags/dags_conn_test.py
[2024-12-01T12:37:29.212+0000] {processor.py:914} INFO - Processing file /opt/airflow/dags/dags_conn_test.py for tasks to queue
[2024-12-01T12:37:29.215+0000] {logging_mixin.py:190} INFO - [2024-12-01T12:37:29.215+0000] {dagbag.py:588} INFO - Filling up the DagBag from /opt/airflow/dags/dags_conn_test.py
[2024-12-01T12:37:29.221+0000] {processor.py:925} INFO - DAG(s) 'dags_conn_test' retrieved from /opt/airflow/dags/dags_conn_test.py
[2024-12-01T12:37:29.237+0000] {logging_mixin.py:190} INFO - [2024-12-01T12:37:29.237+0000] {dag.py:3239} INFO - Sync 1 DAGs
[2024-12-01T12:37:29.247+0000] {logging_mixin.py:190} INFO - [2024-12-01T12:37:29.247+0000] {dag.py:4180} INFO - Setting next_dagrun for dags_conn_test to None, run_after=None
[2024-12-01T12:37:29.263+0000] {processor.py:208} INFO - Processing /opt/airflow/dags/dags_conn_test.py took 0.056 seconds
[2024-12-01T12:37:59.714+0000] {processor.py:186} INFO - Started process (PID=6043) to work on /opt/airflow/dags/dags_conn_test.py
[2024-12-01T12:37:59.718+0000] {processor.py:914} INFO - Processing file /opt/airflow/dags/dags_conn_test.py for tasks to queue
[2024-12-01T12:37:59.720+0000] {logging_mixin.py:190} INFO - [2024-12-01T12:37:59.720+0000] {dagbag.py:588} INFO - Filling up the DagBag from /opt/airflow/dags/dags_conn_test.py
[2024-12-01T12:37:59.727+0000] {processor.py:925} INFO - DAG(s) 'dags_conn_test' retrieved from /opt/airflow/dags/dags_conn_test.py
[2024-12-01T12:37:59.747+0000] {logging_mixin.py:190} INFO - [2024-12-01T12:37:59.747+0000] {dag.py:3239} INFO - Sync 1 DAGs
[2024-12-01T12:37:59.756+0000] {logging_mixin.py:190} INFO - [2024-12-01T12:37:59.756+0000] {dag.py:4180} INFO - Setting next_dagrun for dags_conn_test to None, run_after=None
[2024-12-01T12:37:59.772+0000] {processor.py:208} INFO - Processing /opt/airflow/dags/dags_conn_test.py took 0.073 seconds
[2024-12-01T12:38:30.199+0000] {processor.py:186} INFO - Started process (PID=6108) to work on /opt/airflow/dags/dags_conn_test.py
[2024-12-01T12:38:30.210+0000] {processor.py:914} INFO - Processing file /opt/airflow/dags/dags_conn_test.py for tasks to queue
[2024-12-01T12:38:30.224+0000] {logging_mixin.py:190} INFO - [2024-12-01T12:38:30.224+0000] {dagbag.py:588} INFO - Filling up the DagBag from /opt/airflow/dags/dags_conn_test.py
[2024-12-01T12:38:30.239+0000] {processor.py:925} INFO - DAG(s) 'dags_conn_test' retrieved from /opt/airflow/dags/dags_conn_test.py
[2024-12-01T12:38:30.259+0000] {logging_mixin.py:190} INFO - [2024-12-01T12:38:30.259+0000] {dag.py:3239} INFO - Sync 1 DAGs
[2024-12-01T12:38:30.272+0000] {logging_mixin.py:190} INFO - [2024-12-01T12:38:30.271+0000] {dag.py:4180} INFO - Setting next_dagrun for dags_conn_test to None, run_after=None
[2024-12-01T12:38:30.311+0000] {processor.py:208} INFO - Processing /opt/airflow/dags/dags_conn_test.py took 0.111 seconds
[2024-12-01T12:39:00.868+0000] {processor.py:186} INFO - Started process (PID=6173) to work on /opt/airflow/dags/dags_conn_test.py
[2024-12-01T12:39:00.869+0000] {processor.py:914} INFO - Processing file /opt/airflow/dags/dags_conn_test.py for tasks to queue
[2024-12-01T12:39:00.871+0000] {logging_mixin.py:190} INFO - [2024-12-01T12:39:00.871+0000] {dagbag.py:588} INFO - Filling up the DagBag from /opt/airflow/dags/dags_conn_test.py
[2024-12-01T12:39:00.878+0000] {processor.py:925} INFO - DAG(s) 'dags_conn_test' retrieved from /opt/airflow/dags/dags_conn_test.py
[2024-12-01T12:39:00.897+0000] {logging_mixin.py:190} INFO - [2024-12-01T12:39:00.896+0000] {dag.py:3239} INFO - Sync 1 DAGs
[2024-12-01T12:39:00.906+0000] {logging_mixin.py:190} INFO - [2024-12-01T12:39:00.906+0000] {dag.py:4180} INFO - Setting next_dagrun for dags_conn_test to None, run_after=None
[2024-12-01T12:39:00.921+0000] {processor.py:208} INFO - Processing /opt/airflow/dags/dags_conn_test.py took 0.058 seconds
[2024-12-01T12:39:31.335+0000] {processor.py:186} INFO - Started process (PID=6238) to work on /opt/airflow/dags/dags_conn_test.py
[2024-12-01T12:39:31.340+0000] {processor.py:914} INFO - Processing file /opt/airflow/dags/dags_conn_test.py for tasks to queue
[2024-12-01T12:39:31.343+0000] {logging_mixin.py:190} INFO - [2024-12-01T12:39:31.342+0000] {dagbag.py:588} INFO - Filling up the DagBag from /opt/airflow/dags/dags_conn_test.py
[2024-12-01T12:39:31.349+0000] {processor.py:925} INFO - DAG(s) 'dags_conn_test' retrieved from /opt/airflow/dags/dags_conn_test.py
[2024-12-01T12:39:31.365+0000] {logging_mixin.py:190} INFO - [2024-12-01T12:39:31.365+0000] {dag.py:3239} INFO - Sync 1 DAGs
[2024-12-01T12:39:31.378+0000] {logging_mixin.py:190} INFO - [2024-12-01T12:39:31.378+0000] {dag.py:4180} INFO - Setting next_dagrun for dags_conn_test to None, run_after=None
[2024-12-01T12:39:31.397+0000] {processor.py:208} INFO - Processing /opt/airflow/dags/dags_conn_test.py took 0.072 seconds
[2024-12-01T12:40:01.437+0000] {processor.py:186} INFO - Started process (PID=6303) to work on /opt/airflow/dags/dags_conn_test.py
[2024-12-01T12:40:01.439+0000] {processor.py:914} INFO - Processing file /opt/airflow/dags/dags_conn_test.py for tasks to queue
[2024-12-01T12:40:01.443+0000] {logging_mixin.py:190} INFO - [2024-12-01T12:40:01.443+0000] {dagbag.py:588} INFO - Filling up the DagBag from /opt/airflow/dags/dags_conn_test.py
[2024-12-01T12:40:01.454+0000] {processor.py:925} INFO - DAG(s) 'dags_conn_test' retrieved from /opt/airflow/dags/dags_conn_test.py
[2024-12-01T12:40:01.474+0000] {logging_mixin.py:190} INFO - [2024-12-01T12:40:01.474+0000] {dag.py:3239} INFO - Sync 1 DAGs
[2024-12-01T12:40:01.485+0000] {logging_mixin.py:190} INFO - [2024-12-01T12:40:01.485+0000] {dag.py:4180} INFO - Setting next_dagrun for dags_conn_test to None, run_after=None
[2024-12-01T12:40:01.503+0000] {processor.py:208} INFO - Processing /opt/airflow/dags/dags_conn_test.py took 0.075 seconds
[2024-12-01T12:40:31.756+0000] {processor.py:186} INFO - Started process (PID=6367) to work on /opt/airflow/dags/dags_conn_test.py
[2024-12-01T12:40:31.767+0000] {processor.py:914} INFO - Processing file /opt/airflow/dags/dags_conn_test.py for tasks to queue
[2024-12-01T12:40:31.772+0000] {logging_mixin.py:190} INFO - [2024-12-01T12:40:31.772+0000] {dagbag.py:588} INFO - Filling up the DagBag from /opt/airflow/dags/dags_conn_test.py
[2024-12-01T12:40:31.791+0000] {processor.py:925} INFO - DAG(s) 'dags_conn_test' retrieved from /opt/airflow/dags/dags_conn_test.py
[2024-12-01T12:40:31.815+0000] {logging_mixin.py:190} INFO - [2024-12-01T12:40:31.815+0000] {dag.py:3239} INFO - Sync 1 DAGs
[2024-12-01T12:40:31.825+0000] {logging_mixin.py:190} INFO - [2024-12-01T12:40:31.825+0000] {dag.py:4180} INFO - Setting next_dagrun for dags_conn_test to None, run_after=None
[2024-12-01T12:40:31.843+0000] {processor.py:208} INFO - Processing /opt/airflow/dags/dags_conn_test.py took 0.097 seconds
[2024-12-01T12:41:02.340+0000] {processor.py:186} INFO - Started process (PID=6431) to work on /opt/airflow/dags/dags_conn_test.py
[2024-12-01T12:41:02.341+0000] {processor.py:914} INFO - Processing file /opt/airflow/dags/dags_conn_test.py for tasks to queue
[2024-12-01T12:41:02.343+0000] {logging_mixin.py:190} INFO - [2024-12-01T12:41:02.342+0000] {dagbag.py:588} INFO - Filling up the DagBag from /opt/airflow/dags/dags_conn_test.py
[2024-12-01T12:41:02.353+0000] {processor.py:925} INFO - DAG(s) 'dags_conn_test' retrieved from /opt/airflow/dags/dags_conn_test.py
[2024-12-01T12:41:02.369+0000] {logging_mixin.py:190} INFO - [2024-12-01T12:41:02.369+0000] {dag.py:3239} INFO - Sync 1 DAGs
[2024-12-01T12:41:02.379+0000] {logging_mixin.py:190} INFO - [2024-12-01T12:41:02.379+0000] {dag.py:4180} INFO - Setting next_dagrun for dags_conn_test to None, run_after=None
[2024-12-01T12:41:02.394+0000] {processor.py:208} INFO - Processing /opt/airflow/dags/dags_conn_test.py took 0.069 seconds
[2024-12-01T12:41:32.850+0000] {processor.py:186} INFO - Started process (PID=6472) to work on /opt/airflow/dags/dags_conn_test.py
[2024-12-01T12:41:32.851+0000] {processor.py:914} INFO - Processing file /opt/airflow/dags/dags_conn_test.py for tasks to queue
[2024-12-01T12:41:32.853+0000] {logging_mixin.py:190} INFO - [2024-12-01T12:41:32.852+0000] {dagbag.py:588} INFO - Filling up the DagBag from /opt/airflow/dags/dags_conn_test.py
[2024-12-01T12:41:32.858+0000] {processor.py:925} INFO - DAG(s) 'dags_conn_test' retrieved from /opt/airflow/dags/dags_conn_test.py
[2024-12-01T12:41:32.874+0000] {logging_mixin.py:190} INFO - [2024-12-01T12:41:32.874+0000] {dag.py:3239} INFO - Sync 1 DAGs
[2024-12-01T12:41:32.885+0000] {logging_mixin.py:190} INFO - [2024-12-01T12:41:32.885+0000] {dag.py:4180} INFO - Setting next_dagrun for dags_conn_test to None, run_after=None
[2024-12-01T12:41:32.903+0000] {processor.py:208} INFO - Processing /opt/airflow/dags/dags_conn_test.py took 0.061 seconds
[2024-12-01T12:42:04.482+0000] {processor.py:186} INFO - Started process (PID=6537) to work on /opt/airflow/dags/dags_conn_test.py
[2024-12-01T12:42:04.483+0000] {processor.py:914} INFO - Processing file /opt/airflow/dags/dags_conn_test.py for tasks to queue
[2024-12-01T12:42:04.484+0000] {logging_mixin.py:190} INFO - [2024-12-01T12:42:04.484+0000] {dagbag.py:588} INFO - Filling up the DagBag from /opt/airflow/dags/dags_conn_test.py
[2024-12-01T12:42:04.490+0000] {processor.py:925} INFO - DAG(s) 'dags_conn_test' retrieved from /opt/airflow/dags/dags_conn_test.py
[2024-12-01T12:42:04.507+0000] {logging_mixin.py:190} INFO - [2024-12-01T12:42:04.507+0000] {dag.py:3239} INFO - Sync 1 DAGs
[2024-12-01T12:42:04.517+0000] {logging_mixin.py:190} INFO - [2024-12-01T12:42:04.517+0000] {dag.py:4180} INFO - Setting next_dagrun for dags_conn_test to None, run_after=None
[2024-12-01T12:42:04.536+0000] {processor.py:208} INFO - Processing /opt/airflow/dags/dags_conn_test.py took 0.061 seconds
[2024-12-01T12:42:35.777+0000] {processor.py:186} INFO - Started process (PID=6602) to work on /opt/airflow/dags/dags_conn_test.py
[2024-12-01T12:42:35.778+0000] {processor.py:914} INFO - Processing file /opt/airflow/dags/dags_conn_test.py for tasks to queue
[2024-12-01T12:42:35.780+0000] {logging_mixin.py:190} INFO - [2024-12-01T12:42:35.779+0000] {dagbag.py:588} INFO - Filling up the DagBag from /opt/airflow/dags/dags_conn_test.py
[2024-12-01T12:42:35.787+0000] {processor.py:925} INFO - DAG(s) 'dags_conn_test' retrieved from /opt/airflow/dags/dags_conn_test.py
[2024-12-01T12:42:35.805+0000] {logging_mixin.py:190} INFO - [2024-12-01T12:42:35.804+0000] {dag.py:3239} INFO - Sync 1 DAGs
[2024-12-01T12:42:35.817+0000] {logging_mixin.py:190} INFO - [2024-12-01T12:42:35.817+0000] {dag.py:4180} INFO - Setting next_dagrun for dags_conn_test to None, run_after=None
[2024-12-01T12:42:35.831+0000] {processor.py:208} INFO - Processing /opt/airflow/dags/dags_conn_test.py took 0.059 seconds
[2024-12-01T12:43:06.196+0000] {processor.py:186} INFO - Started process (PID=6647) to work on /opt/airflow/dags/dags_conn_test.py
[2024-12-01T12:43:06.197+0000] {processor.py:914} INFO - Processing file /opt/airflow/dags/dags_conn_test.py for tasks to queue
[2024-12-01T12:43:06.199+0000] {logging_mixin.py:190} INFO - [2024-12-01T12:43:06.198+0000] {dagbag.py:588} INFO - Filling up the DagBag from /opt/airflow/dags/dags_conn_test.py
[2024-12-01T12:43:06.205+0000] {processor.py:925} INFO - DAG(s) 'dags_conn_test' retrieved from /opt/airflow/dags/dags_conn_test.py
[2024-12-01T12:43:06.222+0000] {logging_mixin.py:190} INFO - [2024-12-01T12:43:06.222+0000] {dag.py:3239} INFO - Sync 1 DAGs
[2024-12-01T12:43:06.233+0000] {logging_mixin.py:190} INFO - [2024-12-01T12:43:06.233+0000] {dag.py:4180} INFO - Setting next_dagrun for dags_conn_test to None, run_after=None
[2024-12-01T12:43:06.247+0000] {processor.py:208} INFO - Processing /opt/airflow/dags/dags_conn_test.py took 0.056 seconds
[2024-12-01T12:43:36.494+0000] {processor.py:186} INFO - Started process (PID=6706) to work on /opt/airflow/dags/dags_conn_test.py
[2024-12-01T12:43:36.496+0000] {processor.py:914} INFO - Processing file /opt/airflow/dags/dags_conn_test.py for tasks to queue
[2024-12-01T12:43:36.499+0000] {logging_mixin.py:190} INFO - [2024-12-01T12:43:36.499+0000] {dagbag.py:588} INFO - Filling up the DagBag from /opt/airflow/dags/dags_conn_test.py
[2024-12-01T12:43:36.505+0000] {processor.py:925} INFO - DAG(s) 'dags_conn_test' retrieved from /opt/airflow/dags/dags_conn_test.py
[2024-12-01T12:43:36.522+0000] {logging_mixin.py:190} INFO - [2024-12-01T12:43:36.521+0000] {dag.py:3239} INFO - Sync 1 DAGs
[2024-12-01T12:43:36.532+0000] {logging_mixin.py:190} INFO - [2024-12-01T12:43:36.532+0000] {dag.py:4180} INFO - Setting next_dagrun for dags_conn_test to None, run_after=None
[2024-12-01T12:43:36.547+0000] {processor.py:208} INFO - Processing /opt/airflow/dags/dags_conn_test.py took 0.057 seconds
[2024-12-01T13:45:50.423+0000] {processor.py:186} INFO - Started process (PID=6762) to work on /opt/airflow/dags/dags_conn_test.py
[2024-12-01T13:45:50.424+0000] {processor.py:914} INFO - Processing file /opt/airflow/dags/dags_conn_test.py for tasks to queue
[2024-12-01T13:45:50.426+0000] {logging_mixin.py:190} INFO - [2024-12-01T13:45:50.425+0000] {dagbag.py:588} INFO - Filling up the DagBag from /opt/airflow/dags/dags_conn_test.py
[2024-12-01T13:45:50.433+0000] {processor.py:925} INFO - DAG(s) 'dags_conn_test' retrieved from /opt/airflow/dags/dags_conn_test.py
[2024-12-01T13:45:50.458+0000] {logging_mixin.py:190} INFO - [2024-12-01T13:45:50.457+0000] {dag.py:3239} INFO - Sync 1 DAGs
[2024-12-01T13:45:50.469+0000] {logging_mixin.py:190} INFO - [2024-12-01T13:45:50.469+0000] {dag.py:4180} INFO - Setting next_dagrun for dags_conn_test to None, run_after=None
[2024-12-01T13:45:50.485+0000] {processor.py:208} INFO - Processing /opt/airflow/dags/dags_conn_test.py took 0.067 seconds
[2024-12-01T13:46:20.863+0000] {processor.py:186} INFO - Started process (PID=6827) to work on /opt/airflow/dags/dags_conn_test.py
[2024-12-01T13:46:20.864+0000] {processor.py:914} INFO - Processing file /opt/airflow/dags/dags_conn_test.py for tasks to queue
[2024-12-01T13:46:20.866+0000] {logging_mixin.py:190} INFO - [2024-12-01T13:46:20.866+0000] {dagbag.py:588} INFO - Filling up the DagBag from /opt/airflow/dags/dags_conn_test.py
[2024-12-01T13:46:20.874+0000] {processor.py:925} INFO - DAG(s) 'dags_conn_test' retrieved from /opt/airflow/dags/dags_conn_test.py
[2024-12-01T13:46:20.891+0000] {logging_mixin.py:190} INFO - [2024-12-01T13:46:20.891+0000] {dag.py:3239} INFO - Sync 1 DAGs
[2024-12-01T13:46:20.904+0000] {logging_mixin.py:190} INFO - [2024-12-01T13:46:20.903+0000] {dag.py:4180} INFO - Setting next_dagrun for dags_conn_test to None, run_after=None
[2024-12-01T13:46:20.928+0000] {processor.py:208} INFO - Processing /opt/airflow/dags/dags_conn_test.py took 0.082 seconds
[2024-12-01T13:46:51.263+0000] {processor.py:186} INFO - Started process (PID=6892) to work on /opt/airflow/dags/dags_conn_test.py
[2024-12-01T13:46:51.271+0000] {processor.py:914} INFO - Processing file /opt/airflow/dags/dags_conn_test.py for tasks to queue
[2024-12-01T13:46:51.273+0000] {logging_mixin.py:190} INFO - [2024-12-01T13:46:51.273+0000] {dagbag.py:588} INFO - Filling up the DagBag from /opt/airflow/dags/dags_conn_test.py
[2024-12-01T13:46:51.278+0000] {processor.py:925} INFO - DAG(s) 'dags_conn_test' retrieved from /opt/airflow/dags/dags_conn_test.py
[2024-12-01T13:46:51.295+0000] {logging_mixin.py:190} INFO - [2024-12-01T13:46:51.295+0000] {dag.py:3239} INFO - Sync 1 DAGs
[2024-12-01T13:46:51.305+0000] {logging_mixin.py:190} INFO - [2024-12-01T13:46:51.305+0000] {dag.py:4180} INFO - Setting next_dagrun for dags_conn_test to None, run_after=None
[2024-12-01T13:46:51.320+0000] {processor.py:208} INFO - Processing /opt/airflow/dags/dags_conn_test.py took 0.069 seconds
[2024-12-01T13:47:21.768+0000] {processor.py:186} INFO - Started process (PID=6957) to work on /opt/airflow/dags/dags_conn_test.py
[2024-12-01T13:47:21.777+0000] {processor.py:914} INFO - Processing file /opt/airflow/dags/dags_conn_test.py for tasks to queue
[2024-12-01T13:47:21.779+0000] {logging_mixin.py:190} INFO - [2024-12-01T13:47:21.779+0000] {dagbag.py:588} INFO - Filling up the DagBag from /opt/airflow/dags/dags_conn_test.py
[2024-12-01T13:47:21.787+0000] {processor.py:925} INFO - DAG(s) 'dags_conn_test' retrieved from /opt/airflow/dags/dags_conn_test.py
[2024-12-01T13:47:21.809+0000] {logging_mixin.py:190} INFO - [2024-12-01T13:47:21.809+0000] {dag.py:3239} INFO - Sync 1 DAGs
[2024-12-01T13:47:21.821+0000] {logging_mixin.py:190} INFO - [2024-12-01T13:47:21.821+0000] {dag.py:4180} INFO - Setting next_dagrun for dags_conn_test to None, run_after=None
[2024-12-01T13:47:21.840+0000] {processor.py:208} INFO - Processing /opt/airflow/dags/dags_conn_test.py took 0.082 seconds
[2024-12-01T13:47:52.086+0000] {processor.py:186} INFO - Started process (PID=7027) to work on /opt/airflow/dags/dags_conn_test.py
[2024-12-01T13:47:52.090+0000] {processor.py:914} INFO - Processing file /opt/airflow/dags/dags_conn_test.py for tasks to queue
[2024-12-01T13:47:52.093+0000] {logging_mixin.py:190} INFO - [2024-12-01T13:47:52.092+0000] {dagbag.py:588} INFO - Filling up the DagBag from /opt/airflow/dags/dags_conn_test.py
[2024-12-01T13:47:52.103+0000] {processor.py:925} INFO - DAG(s) 'dags_conn_test' retrieved from /opt/airflow/dags/dags_conn_test.py
[2024-12-01T13:47:52.149+0000] {logging_mixin.py:190} INFO - [2024-12-01T13:47:52.149+0000] {dag.py:3239} INFO - Sync 1 DAGs
[2024-12-01T13:47:52.167+0000] {logging_mixin.py:190} INFO - [2024-12-01T13:47:52.166+0000] {dag.py:4180} INFO - Setting next_dagrun for dags_conn_test to None, run_after=None
[2024-12-01T13:47:52.202+0000] {processor.py:208} INFO - Processing /opt/airflow/dags/dags_conn_test.py took 0.130 seconds
[2024-12-01T13:48:22.401+0000] {processor.py:186} INFO - Started process (PID=7092) to work on /opt/airflow/dags/dags_conn_test.py
[2024-12-01T13:48:22.403+0000] {processor.py:914} INFO - Processing file /opt/airflow/dags/dags_conn_test.py for tasks to queue
[2024-12-01T13:48:22.406+0000] {logging_mixin.py:190} INFO - [2024-12-01T13:48:22.406+0000] {dagbag.py:588} INFO - Filling up the DagBag from /opt/airflow/dags/dags_conn_test.py
[2024-12-01T13:48:22.412+0000] {processor.py:925} INFO - DAG(s) 'dags_conn_test' retrieved from /opt/airflow/dags/dags_conn_test.py
[2024-12-01T13:48:22.432+0000] {logging_mixin.py:190} INFO - [2024-12-01T13:48:22.432+0000] {dag.py:3239} INFO - Sync 1 DAGs
[2024-12-01T13:48:22.444+0000] {logging_mixin.py:190} INFO - [2024-12-01T13:48:22.444+0000] {dag.py:4180} INFO - Setting next_dagrun for dags_conn_test to None, run_after=None
[2024-12-01T13:48:22.462+0000] {processor.py:208} INFO - Processing /opt/airflow/dags/dags_conn_test.py took 0.069 seconds
[2024-12-01T13:48:52.655+0000] {processor.py:186} INFO - Started process (PID=7157) to work on /opt/airflow/dags/dags_conn_test.py
[2024-12-01T13:48:52.661+0000] {processor.py:914} INFO - Processing file /opt/airflow/dags/dags_conn_test.py for tasks to queue
[2024-12-01T13:48:52.664+0000] {logging_mixin.py:190} INFO - [2024-12-01T13:48:52.663+0000] {dagbag.py:588} INFO - Filling up the DagBag from /opt/airflow/dags/dags_conn_test.py
[2024-12-01T13:48:52.672+0000] {processor.py:925} INFO - DAG(s) 'dags_conn_test' retrieved from /opt/airflow/dags/dags_conn_test.py
[2024-12-01T13:48:52.688+0000] {logging_mixin.py:190} INFO - [2024-12-01T13:48:52.688+0000] {dag.py:3239} INFO - Sync 1 DAGs
[2024-12-01T13:48:52.697+0000] {logging_mixin.py:190} INFO - [2024-12-01T13:48:52.697+0000] {dag.py:4180} INFO - Setting next_dagrun for dags_conn_test to None, run_after=None
[2024-12-01T13:48:52.712+0000] {processor.py:208} INFO - Processing /opt/airflow/dags/dags_conn_test.py took 0.073 seconds
[2024-12-01T13:49:22.977+0000] {processor.py:186} INFO - Started process (PID=7222) to work on /opt/airflow/dags/dags_conn_test.py
[2024-12-01T13:49:22.986+0000] {processor.py:914} INFO - Processing file /opt/airflow/dags/dags_conn_test.py for tasks to queue
[2024-12-01T13:49:22.989+0000] {logging_mixin.py:190} INFO - [2024-12-01T13:49:22.989+0000] {dagbag.py:588} INFO - Filling up the DagBag from /opt/airflow/dags/dags_conn_test.py
[2024-12-01T13:49:22.995+0000] {processor.py:925} INFO - DAG(s) 'dags_conn_test' retrieved from /opt/airflow/dags/dags_conn_test.py
[2024-12-01T13:49:23.012+0000] {logging_mixin.py:190} INFO - [2024-12-01T13:49:23.012+0000] {dag.py:3239} INFO - Sync 1 DAGs
[2024-12-01T13:49:23.022+0000] {logging_mixin.py:190} INFO - [2024-12-01T13:49:23.022+0000] {dag.py:4180} INFO - Setting next_dagrun for dags_conn_test to None, run_after=None
[2024-12-01T13:49:23.037+0000] {processor.py:208} INFO - Processing /opt/airflow/dags/dags_conn_test.py took 0.077 seconds
[2024-12-01T13:49:54.025+0000] {processor.py:186} INFO - Started process (PID=7286) to work on /opt/airflow/dags/dags_conn_test.py
[2024-12-01T13:49:54.027+0000] {processor.py:914} INFO - Processing file /opt/airflow/dags/dags_conn_test.py for tasks to queue
[2024-12-01T13:49:54.029+0000] {logging_mixin.py:190} INFO - [2024-12-01T13:49:54.029+0000] {dagbag.py:588} INFO - Filling up the DagBag from /opt/airflow/dags/dags_conn_test.py
[2024-12-01T13:49:54.034+0000] {processor.py:925} INFO - DAG(s) 'dags_conn_test' retrieved from /opt/airflow/dags/dags_conn_test.py
[2024-12-01T13:49:54.051+0000] {logging_mixin.py:190} INFO - [2024-12-01T13:49:54.051+0000] {dag.py:3239} INFO - Sync 1 DAGs
[2024-12-01T13:49:54.060+0000] {logging_mixin.py:190} INFO - [2024-12-01T13:49:54.060+0000] {dag.py:4180} INFO - Setting next_dagrun for dags_conn_test to None, run_after=None
[2024-12-01T13:49:54.075+0000] {processor.py:208} INFO - Processing /opt/airflow/dags/dags_conn_test.py took 0.066 seconds
[2024-12-01T13:50:24.391+0000] {processor.py:186} INFO - Started process (PID=7351) to work on /opt/airflow/dags/dags_conn_test.py
[2024-12-01T13:50:24.401+0000] {processor.py:914} INFO - Processing file /opt/airflow/dags/dags_conn_test.py for tasks to queue
[2024-12-01T13:50:24.403+0000] {logging_mixin.py:190} INFO - [2024-12-01T13:50:24.403+0000] {dagbag.py:588} INFO - Filling up the DagBag from /opt/airflow/dags/dags_conn_test.py
[2024-12-01T13:50:24.409+0000] {processor.py:925} INFO - DAG(s) 'dags_conn_test' retrieved from /opt/airflow/dags/dags_conn_test.py
[2024-12-01T13:50:24.427+0000] {logging_mixin.py:190} INFO - [2024-12-01T13:50:24.427+0000] {dag.py:3239} INFO - Sync 1 DAGs
[2024-12-01T13:50:24.438+0000] {logging_mixin.py:190} INFO - [2024-12-01T13:50:24.437+0000] {dag.py:4180} INFO - Setting next_dagrun for dags_conn_test to None, run_after=None
[2024-12-01T13:50:24.456+0000] {processor.py:208} INFO - Processing /opt/airflow/dags/dags_conn_test.py took 0.077 seconds
[2024-12-01T13:50:54.904+0000] {processor.py:186} INFO - Started process (PID=7416) to work on /opt/airflow/dags/dags_conn_test.py
[2024-12-01T13:50:54.907+0000] {processor.py:914} INFO - Processing file /opt/airflow/dags/dags_conn_test.py for tasks to queue
[2024-12-01T13:50:54.908+0000] {logging_mixin.py:190} INFO - [2024-12-01T13:50:54.908+0000] {dagbag.py:588} INFO - Filling up the DagBag from /opt/airflow/dags/dags_conn_test.py
[2024-12-01T13:50:54.914+0000] {processor.py:925} INFO - DAG(s) 'dags_conn_test' retrieved from /opt/airflow/dags/dags_conn_test.py
[2024-12-01T13:50:54.934+0000] {logging_mixin.py:190} INFO - [2024-12-01T13:50:54.933+0000] {dag.py:3239} INFO - Sync 1 DAGs
[2024-12-01T13:50:54.944+0000] {logging_mixin.py:190} INFO - [2024-12-01T13:50:54.943+0000] {dag.py:4180} INFO - Setting next_dagrun for dags_conn_test to None, run_after=None
[2024-12-01T13:50:54.963+0000] {processor.py:208} INFO - Processing /opt/airflow/dags/dags_conn_test.py took 0.072 seconds
[2024-12-01T13:51:25.389+0000] {processor.py:186} INFO - Started process (PID=7480) to work on /opt/airflow/dags/dags_conn_test.py
[2024-12-01T13:51:25.391+0000] {processor.py:914} INFO - Processing file /opt/airflow/dags/dags_conn_test.py for tasks to queue
[2024-12-01T13:51:25.393+0000] {logging_mixin.py:190} INFO - [2024-12-01T13:51:25.393+0000] {dagbag.py:588} INFO - Filling up the DagBag from /opt/airflow/dags/dags_conn_test.py
[2024-12-01T13:51:25.399+0000] {processor.py:925} INFO - DAG(s) 'dags_conn_test' retrieved from /opt/airflow/dags/dags_conn_test.py
[2024-12-01T13:51:25.418+0000] {logging_mixin.py:190} INFO - [2024-12-01T13:51:25.418+0000] {dag.py:3239} INFO - Sync 1 DAGs
[2024-12-01T13:51:25.428+0000] {logging_mixin.py:190} INFO - [2024-12-01T13:51:25.428+0000] {dag.py:4180} INFO - Setting next_dagrun for dags_conn_test to None, run_after=None
[2024-12-01T13:51:25.443+0000] {processor.py:208} INFO - Processing /opt/airflow/dags/dags_conn_test.py took 0.068 seconds
[2024-12-01T14:09:56.102+0000] {processor.py:186} INFO - Started process (PID=7539) to work on /opt/airflow/dags/dags_conn_test.py
[2024-12-01T14:09:56.103+0000] {processor.py:914} INFO - Processing file /opt/airflow/dags/dags_conn_test.py for tasks to queue
[2024-12-01T14:09:56.105+0000] {logging_mixin.py:190} INFO - [2024-12-01T14:09:56.105+0000] {dagbag.py:588} INFO - Filling up the DagBag from /opt/airflow/dags/dags_conn_test.py
[2024-12-01T14:09:56.112+0000] {processor.py:925} INFO - DAG(s) 'dags_conn_test' retrieved from /opt/airflow/dags/dags_conn_test.py
[2024-12-01T14:09:56.129+0000] {logging_mixin.py:190} INFO - [2024-12-01T14:09:56.129+0000] {dag.py:3239} INFO - Sync 1 DAGs
[2024-12-01T14:09:56.144+0000] {logging_mixin.py:190} INFO - [2024-12-01T14:09:56.144+0000] {dag.py:4180} INFO - Setting next_dagrun for dags_conn_test to None, run_after=None
[2024-12-01T14:09:56.169+0000] {processor.py:208} INFO - Processing /opt/airflow/dags/dags_conn_test.py took 0.076 seconds
[2024-12-01T14:10:26.506+0000] {processor.py:186} INFO - Started process (PID=7604) to work on /opt/airflow/dags/dags_conn_test.py
[2024-12-01T14:10:26.509+0000] {processor.py:914} INFO - Processing file /opt/airflow/dags/dags_conn_test.py for tasks to queue
[2024-12-01T14:10:26.511+0000] {logging_mixin.py:190} INFO - [2024-12-01T14:10:26.511+0000] {dagbag.py:588} INFO - Filling up the DagBag from /opt/airflow/dags/dags_conn_test.py
[2024-12-01T14:10:26.521+0000] {processor.py:925} INFO - DAG(s) 'dags_conn_test' retrieved from /opt/airflow/dags/dags_conn_test.py
[2024-12-01T14:10:26.564+0000] {logging_mixin.py:190} INFO - [2024-12-01T14:10:26.564+0000] {dag.py:3239} INFO - Sync 1 DAGs
[2024-12-01T14:10:26.582+0000] {logging_mixin.py:190} INFO - [2024-12-01T14:10:26.582+0000] {dag.py:4180} INFO - Setting next_dagrun for dags_conn_test to None, run_after=None
[2024-12-01T14:10:26.609+0000] {processor.py:208} INFO - Processing /opt/airflow/dags/dags_conn_test.py took 0.114 seconds
[2024-12-01T14:10:57.078+0000] {processor.py:186} INFO - Started process (PID=7675) to work on /opt/airflow/dags/dags_conn_test.py
[2024-12-01T14:10:57.080+0000] {processor.py:914} INFO - Processing file /opt/airflow/dags/dags_conn_test.py for tasks to queue
[2024-12-01T14:10:57.084+0000] {logging_mixin.py:190} INFO - [2024-12-01T14:10:57.083+0000] {dagbag.py:588} INFO - Filling up the DagBag from /opt/airflow/dags/dags_conn_test.py
[2024-12-01T14:10:57.094+0000] {processor.py:925} INFO - DAG(s) 'dags_conn_test' retrieved from /opt/airflow/dags/dags_conn_test.py
[2024-12-01T14:10:57.113+0000] {logging_mixin.py:190} INFO - [2024-12-01T14:10:57.113+0000] {dag.py:3239} INFO - Sync 1 DAGs
[2024-12-01T14:10:57.126+0000] {logging_mixin.py:190} INFO - [2024-12-01T14:10:57.126+0000] {dag.py:4180} INFO - Setting next_dagrun for dags_conn_test to None, run_after=None
[2024-12-01T14:10:57.146+0000] {processor.py:208} INFO - Processing /opt/airflow/dags/dags_conn_test.py took 0.083 seconds
[2024-12-01T14:11:28.140+0000] {processor.py:186} INFO - Started process (PID=7740) to work on /opt/airflow/dags/dags_conn_test.py
[2024-12-01T14:11:28.149+0000] {processor.py:914} INFO - Processing file /opt/airflow/dags/dags_conn_test.py for tasks to queue
[2024-12-01T14:11:28.152+0000] {logging_mixin.py:190} INFO - [2024-12-01T14:11:28.152+0000] {dagbag.py:588} INFO - Filling up the DagBag from /opt/airflow/dags/dags_conn_test.py
[2024-12-01T14:11:28.158+0000] {processor.py:925} INFO - DAG(s) 'dags_conn_test' retrieved from /opt/airflow/dags/dags_conn_test.py
[2024-12-01T14:11:28.185+0000] {logging_mixin.py:190} INFO - [2024-12-01T14:11:28.184+0000] {dag.py:3239} INFO - Sync 1 DAGs
[2024-12-01T14:11:28.197+0000] {logging_mixin.py:190} INFO - [2024-12-01T14:11:28.197+0000] {dag.py:4180} INFO - Setting next_dagrun for dags_conn_test to None, run_after=None
[2024-12-01T14:11:28.213+0000] {processor.py:208} INFO - Processing /opt/airflow/dags/dags_conn_test.py took 0.078 seconds
[2024-12-01T14:11:58.406+0000] {processor.py:186} INFO - Started process (PID=7805) to work on /opt/airflow/dags/dags_conn_test.py
[2024-12-01T14:11:58.408+0000] {processor.py:914} INFO - Processing file /opt/airflow/dags/dags_conn_test.py for tasks to queue
[2024-12-01T14:11:58.412+0000] {logging_mixin.py:190} INFO - [2024-12-01T14:11:58.411+0000] {dagbag.py:588} INFO - Filling up the DagBag from /opt/airflow/dags/dags_conn_test.py
[2024-12-01T14:11:58.418+0000] {processor.py:925} INFO - DAG(s) 'dags_conn_test' retrieved from /opt/airflow/dags/dags_conn_test.py
[2024-12-01T14:11:58.435+0000] {logging_mixin.py:190} INFO - [2024-12-01T14:11:58.435+0000] {dag.py:3239} INFO - Sync 1 DAGs
[2024-12-01T14:11:58.445+0000] {logging_mixin.py:190} INFO - [2024-12-01T14:11:58.445+0000] {dag.py:4180} INFO - Setting next_dagrun for dags_conn_test to None, run_after=None
[2024-12-01T14:11:58.469+0000] {processor.py:208} INFO - Processing /opt/airflow/dags/dags_conn_test.py took 0.074 seconds
[2024-12-01T14:12:28.891+0000] {processor.py:186} INFO - Started process (PID=7870) to work on /opt/airflow/dags/dags_conn_test.py
[2024-12-01T14:12:28.901+0000] {processor.py:914} INFO - Processing file /opt/airflow/dags/dags_conn_test.py for tasks to queue
[2024-12-01T14:12:28.904+0000] {logging_mixin.py:190} INFO - [2024-12-01T14:12:28.903+0000] {dagbag.py:588} INFO - Filling up the DagBag from /opt/airflow/dags/dags_conn_test.py
[2024-12-01T14:12:28.909+0000] {processor.py:925} INFO - DAG(s) 'dags_conn_test' retrieved from /opt/airflow/dags/dags_conn_test.py
[2024-12-01T14:12:28.929+0000] {logging_mixin.py:190} INFO - [2024-12-01T14:12:28.928+0000] {dag.py:3239} INFO - Sync 1 DAGs
[2024-12-01T14:12:28.939+0000] {logging_mixin.py:190} INFO - [2024-12-01T14:12:28.938+0000] {dag.py:4180} INFO - Setting next_dagrun for dags_conn_test to None, run_after=None
[2024-12-01T14:12:28.956+0000] {processor.py:208} INFO - Processing /opt/airflow/dags/dags_conn_test.py took 0.085 seconds
[2024-12-01T14:12:59.895+0000] {processor.py:186} INFO - Started process (PID=7935) to work on /opt/airflow/dags/dags_conn_test.py
[2024-12-01T14:12:59.897+0000] {processor.py:914} INFO - Processing file /opt/airflow/dags/dags_conn_test.py for tasks to queue
[2024-12-01T14:12:59.899+0000] {logging_mixin.py:190} INFO - [2024-12-01T14:12:59.899+0000] {dagbag.py:588} INFO - Filling up the DagBag from /opt/airflow/dags/dags_conn_test.py
[2024-12-01T14:12:59.905+0000] {processor.py:925} INFO - DAG(s) 'dags_conn_test' retrieved from /opt/airflow/dags/dags_conn_test.py
[2024-12-01T14:12:59.924+0000] {logging_mixin.py:190} INFO - [2024-12-01T14:12:59.924+0000] {dag.py:3239} INFO - Sync 1 DAGs
[2024-12-01T14:12:59.936+0000] {logging_mixin.py:190} INFO - [2024-12-01T14:12:59.936+0000] {dag.py:4180} INFO - Setting next_dagrun for dags_conn_test to None, run_after=None
[2024-12-01T14:12:59.954+0000] {processor.py:208} INFO - Processing /opt/airflow/dags/dags_conn_test.py took 0.072 seconds
[2024-12-01T14:13:29.991+0000] {processor.py:186} INFO - Started process (PID=8000) to work on /opt/airflow/dags/dags_conn_test.py
[2024-12-01T14:13:29.993+0000] {processor.py:914} INFO - Processing file /opt/airflow/dags/dags_conn_test.py for tasks to queue
[2024-12-01T14:13:29.996+0000] {logging_mixin.py:190} INFO - [2024-12-01T14:13:29.995+0000] {dagbag.py:588} INFO - Filling up the DagBag from /opt/airflow/dags/dags_conn_test.py
[2024-12-01T14:13:30.002+0000] {processor.py:925} INFO - DAG(s) 'dags_conn_test' retrieved from /opt/airflow/dags/dags_conn_test.py
[2024-12-01T14:13:30.022+0000] {logging_mixin.py:190} INFO - [2024-12-01T14:13:30.022+0000] {dag.py:3239} INFO - Sync 1 DAGs
[2024-12-01T14:13:30.031+0000] {logging_mixin.py:190} INFO - [2024-12-01T14:13:30.031+0000] {dag.py:4180} INFO - Setting next_dagrun for dags_conn_test to None, run_after=None
[2024-12-01T14:13:30.045+0000] {processor.py:208} INFO - Processing /opt/airflow/dags/dags_conn_test.py took 0.065 seconds
[2024-12-01T14:14:00.271+0000] {processor.py:186} INFO - Started process (PID=8064) to work on /opt/airflow/dags/dags_conn_test.py
[2024-12-01T14:14:00.282+0000] {processor.py:914} INFO - Processing file /opt/airflow/dags/dags_conn_test.py for tasks to queue
[2024-12-01T14:14:00.285+0000] {logging_mixin.py:190} INFO - [2024-12-01T14:14:00.284+0000] {dagbag.py:588} INFO - Filling up the DagBag from /opt/airflow/dags/dags_conn_test.py
[2024-12-01T14:14:00.290+0000] {processor.py:925} INFO - DAG(s) 'dags_conn_test' retrieved from /opt/airflow/dags/dags_conn_test.py
[2024-12-01T14:14:00.310+0000] {logging_mixin.py:190} INFO - [2024-12-01T14:14:00.310+0000] {dag.py:3239} INFO - Sync 1 DAGs
[2024-12-01T14:14:00.323+0000] {logging_mixin.py:190} INFO - [2024-12-01T14:14:00.323+0000] {dag.py:4180} INFO - Setting next_dagrun for dags_conn_test to None, run_after=None
[2024-12-01T14:14:00.341+0000] {processor.py:208} INFO - Processing /opt/airflow/dags/dags_conn_test.py took 0.086 seconds
[2024-12-01T14:14:30.641+0000] {processor.py:186} INFO - Started process (PID=8129) to work on /opt/airflow/dags/dags_conn_test.py
[2024-12-01T14:14:30.651+0000] {processor.py:914} INFO - Processing file /opt/airflow/dags/dags_conn_test.py for tasks to queue
[2024-12-01T14:14:30.653+0000] {logging_mixin.py:190} INFO - [2024-12-01T14:14:30.653+0000] {dagbag.py:588} INFO - Filling up the DagBag from /opt/airflow/dags/dags_conn_test.py
[2024-12-01T14:14:30.659+0000] {processor.py:925} INFO - DAG(s) 'dags_conn_test' retrieved from /opt/airflow/dags/dags_conn_test.py
[2024-12-01T14:14:30.683+0000] {logging_mixin.py:190} INFO - [2024-12-01T14:14:30.682+0000] {dag.py:3239} INFO - Sync 1 DAGs
[2024-12-01T14:14:30.694+0000] {logging_mixin.py:190} INFO - [2024-12-01T14:14:30.694+0000] {dag.py:4180} INFO - Setting next_dagrun for dags_conn_test to None, run_after=None
[2024-12-01T14:14:30.709+0000] {processor.py:208} INFO - Processing /opt/airflow/dags/dags_conn_test.py took 0.076 seconds
